<?xml version="1.0" encoding="UTF-8"?>
<testsuite xmlns:xsi="http://www.w3.org/2001/XMLSchema-instance" xsi:noNamespaceSchemaLocation="https://maven.apache.org/surefire/maven-surefire-plugin/xsd/surefire-test-report-3.0.xsd" version="3.0" name="TestSuite" time="245.531" tests="5" errors="0" skipped="0" failures="0">
  <properties>
[...]
</properties>
  <testcase name="runScenario[&quot;Successfully order placement single item&quot;, &quot;Place order with search and apply valid promoCode&quot;](1)" classname="runners.TestRunnerPlaceOrderWithSearchAndApplyValiadPromoCode" time="44.988">
    <system-out><![CDATA[[INFO] 11-10-2024 09:53:13 [LogUtils] - ----------------Before All-------------------
[INFO] 11-10-2024 09:53:13 [LogUtils] - Loaded all properties files.
[INFO] 11-10-2024 09:53:13 [LogUtils] - {TARGET=local, RETRY_TEST_FAIL=1, TELEGRAM_CHATID=, OVERRIDE_REPORTS=yes, SEND_REPORT_TO_TELEGRAM=no, SEND_EMAIL_TO_USERS=yes, ZIP_FOLDER_NAME=ExtentReports.zip, WAIT_DEFAULT=5, ADMIN_PASSWORD=123456, TELEGRAM_TOKEN=, CMS_DATA_FILE=src/test/resources/datatest/CMS.xlsx, VIDEO_RECORD=yes, SCREENSHOT_ALL_STEPS=no, EXTENT_REPORT_NAME=ExtentReports, EXPORT_VIDEO_PATH=ExportData/Videos, EXPORT_CAPTURE_PATH=ExportData/Images, WAIT_PAGE_LOADED=40, SCREENSHOT_PASSED_STEPS=yes, EXTENT_REPORT_FOLDER=reports/ExtentReports, WAIT_EXPLICIT=10, BROWSER=chrome, SCREENSHOT_SKIPPED_STEPS=yes, REPORT_TITLE=Report | Automation Framework Selenium, AUTHOR=Tester, WAIT_IMPLICIT=20, PROJECT_NAME=Automation Framework Selenium, URL=https://cms.anhtester.com/admin, HEADLESS=false, SCREENSHOT_FAILED_STEPS=yes, ACTIVE_PAGE_LOADED=true, WAIT_SLEEP_STEP=0, OPEN_REPORTS_AFTER_EXECUTION=no, ZIP_FOLDER_PATH=reports/ExtentReports, LOCATE=vi, ADMIN_EMAIL=admin@example.com, ZIP_FOLDER=no}

@successfullyOrderWithPromoCode
Scenario: Successfully order placement single item                                       &amp#27;[90m# src/test/resources/features/PlaceOrders/PlaceOrderWithSearchAndApplyValiadPromoCode.feature:5&amp#27;[0m
[INFO] 11-10-2024 09:53:14 [LogUtils] - Before scenario
[INFO] 11-10-2024 09:53:14 [LogUtils] - Loaded all properties files.
[INFO] 11-10-2024 09:53:14 [LogUtils] - {TARGET=local, RETRY_TEST_FAIL=1, TELEGRAM_CHATID=, OVERRIDE_REPORTS=yes, SEND_REPORT_TO_TELEGRAM=no, SEND_EMAIL_TO_USERS=yes, ZIP_FOLDER_NAME=ExtentReports.zip, WAIT_DEFAULT=5, ADMIN_PASSWORD=123456, TELEGRAM_TOKEN=, CMS_DATA_FILE=src/test/resources/datatest/CMS.xlsx, VIDEO_RECORD=yes, SCREENSHOT_ALL_STEPS=no, EXTENT_REPORT_NAME=ExtentReports, EXPORT_VIDEO_PATH=ExportData/Videos, EXPORT_CAPTURE_PATH=ExportData/Images, WAIT_PAGE_LOADED=40, SCREENSHOT_PASSED_STEPS=yes, EXTENT_REPORT_FOLDER=reports/ExtentReports, WAIT_EXPLICIT=10, BROWSER=chrome, SCREENSHOT_SKIPPED_STEPS=yes, REPORT_TITLE=Report | Automation Framework Selenium, AUTHOR=Tester, WAIT_IMPLICIT=20, PROJECT_NAME=Automation Framework Selenium, URL=https://cms.anhtester.com/admin, HEADLESS=false, SCREENSHOT_FAILED_STEPS=yes, ACTIVE_PAGE_LOADED=true, WAIT_SLEEP_STEP=0, OPEN_REPORTS_AFTER_EXECUTION=no, ZIP_FOLDER_PATH=reports/ExtentReports, LOCATE=vi, ADMIN_EMAIL=admin@example.com, ZIP_FOLDER=no}
Data From FrameworkConstants: {TARGET=local, RETRY_TEST_FAIL=1, TELEGRAM_CHATID=, OVERRIDE_REPORTS=yes, SEND_REPORT_TO_TELEGRAM=no, SEND_EMAIL_TO_USERS=yes, ZIP_FOLDER_NAME=ExtentReports.zip, WAIT_DEFAULT=5, ADMIN_PASSWORD=123456, TELEGRAM_TOKEN=, CMS_DATA_FILE=src/test/resources/datatest/CMS.xlsx, VIDEO_RECORD=yes, SCREENSHOT_ALL_STEPS=no, EXTENT_REPORT_NAME=ExtentReports, EXPORT_VIDEO_PATH=ExportData/Videos, EXPORT_CAPTURE_PATH=ExportData/Images, WAIT_PAGE_LOADED=40, SCREENSHOT_PASSED_STEPS=yes, EXTENT_REPORT_FOLDER=reports/ExtentReports, WAIT_EXPLICIT=10, BROWSER=chrome, SCREENSHOT_SKIPPED_STEPS=yes, REPORT_TITLE=Report | Automation Framework Selenium, AUTHOR=Tester, WAIT_IMPLICIT=20, PROJECT_NAME=Automation Framework Selenium, URL=https://cms.anhtester.com/admin, HEADLESS=false, SCREENSHOT_FAILED_STEPS=yes, ACTIVE_PAGE_LOADED=true, WAIT_SLEEP_STEP=0, OPEN_REPORTS_AFTER_EXECUTION=no, ZIP_FOLDER_PATH=reports/ExtentReports, LOCATE=vi, ADMIN_EMAIL=admin@example.com, ZIP_FOLDER=no}
[INFO] 11-10-2024 09:53:14 [LogUtils] - Before Step
Launching Chrome browser...
[INFO] 11-10-2024 09:53:19 [LogUtils] - Driver in TestContext: ChromeDriver: chrome on windows (bb0529e2754118ce51f2ff032bd1761d)
[INFO] 11-10-2024 09:53:22 [LogUtils] - Open URL: https://rahulshettyacademy.com/seleniumPractise/#/
  &amp#27;[32mGiven &amp#27;[0m&amp#27;[32mUser is on the product page &amp#27;[0m&amp#27;[32m&amp#27;[1m"https://rahulshettyacademy.com/seleniumPractise/#/"&amp#27;[0m &amp#27;[90m# stepdefinitions.StepsPlaceOrderWithSearchAndApplyValiadPromoCode.userIsOnTheProductPage(java.lang.String)&amp#27;[0m
[INFO] 11-10-2024 09:53:22 [LogUtils] - After step
[INFO] 11-10-2024 09:53:22 [LogUtils] - Before Step
[INFO] 11-10-2024 09:53:22 [LogUtils] - itemNameExpectedList: [Raspberry - 1/4 Kg]
[INFO] 11-10-2024 09:53:22 [LogUtils] - itemPriceExpectedList: [160]
[INFO] 11-10-2024 09:53:22 [LogUtils] - qualityList: [1]
[INFO] 11-10-2024 09:53:22 [LogUtils] - Verify element visible By.xpath: //input[@class='search-keyword']
[INFO] 11-10-2024 09:53:22 [LogUtils] - Clear value in textbox By.xpath: //input[@class='search-keyword']
[INFO] 11-10-2024 09:53:23 [LogUtils] - Verify element visible By.xpath: //input[@class='search-keyword']
[INFO] 11-10-2024 09:53:23 [LogUtils] - Set text Raspberry - 1/4 Kg on By.xpath: //input[@class='search-keyword']
[INFO] 11-10-2024 09:53:24 [LogUtils] - Number of items in search result: 1
[INFO] 11-10-2024 09:53:24 [LogUtils] - Element existing
[INFO] 11-10-2024 09:53:24 [LogUtils] - Show information of list search Item result
[INFO] 11-10-2024 09:53:24 [LogUtils] - itemNameActual: Raspberry - 1/4 Kg
[INFO] 11-10-2024 09:53:24 [LogUtils] - Verify Equals: Raspberry - 1/4 Kg CONTAINS Raspberry - 1/4 Kg
[INFO] 11-10-2024 09:53:24 [LogUtils] - Passed verify at line 45: in method searchItem - file ProductPage.java
searchItemResults: [[[ChromeDriver: chrome on windows (bb0529e2754118ce51f2ff032bd1761d)] -> xpath: //div[@class='products']/div]]
[INFO] 11-10-2024 09:53:24 [LogUtils] - itemNameActual: Raspberry - 1/4 Kg
[INFO] 11-10-2024 09:53:24 [LogUtils] - i: 0
[INFO] 11-10-2024 09:53:24 [LogUtils] - j: 0
[INFO] 11-10-2024 09:53:24 [LogUtils] - itemNameExpectedList.get(j): Raspberry - 1/4 Kg
[INFO] 11-10-2024 09:53:24 [LogUtils] - Verify Equals: Raspberry - 1/4 Kg CONTAINS Raspberry - 1/4 Kg
[INFO] 11-10-2024 09:53:24 [LogUtils] - Passed verify at line 91: in method addToCards - file ProductPage.java
[INFO] 11-10-2024 09:53:24 [LogUtils] - itemPriceActual: 160
[INFO] 11-10-2024 09:53:24 [LogUtils] - Verify Equals: 160 = 160
[INFO] 11-10-2024 09:53:24 [LogUtils] - Passed verify at line 95: in method addToCards - file ProductPage.java
[INFO] 11-10-2024 09:53:24 [LogUtils] - Verify Equals: 1 = 1
[INFO] 11-10-2024 09:53:24 [LogUtils] - Passed verify at line 98: in method addToCards - file ProductPage.java
[INFO] 11-10-2024 09:53:25 [LogUtils] - Verify element visible By.xpath: //tbody/tr[1]/td[3]
[INFO] 11-10-2024 09:53:25 [LogUtils] - Get text from By.xpath: //tbody/tr[1]/td[3] is: 0
[INFO] 11-10-2024 09:53:25 [LogUtils] - Value from table at row 1 column 3 is 0
86: 0
[INFO] 11-10-2024 09:53:26 [LogUtils] - Verify element visible By.xpath: //tbody/tr[2]/td[3]
[INFO] 11-10-2024 09:53:26 [LogUtils] - Get text from By.xpath: //tbody/tr[2]/td[3] is: 0
[INFO] 11-10-2024 09:53:26 [LogUtils] - Value from table at row 2 column 3 is 0
87: 0
[INFO] 11-10-2024 09:53:27 [LogUtils] - Verify element visible By.xpath: //tbody/tr[1]/td[3]
[INFO] 11-10-2024 09:53:27 [LogUtils] - Get text from By.xpath: //tbody/tr[1]/td[3] is: 0
[INFO] 11-10-2024 09:53:27 [LogUtils] - Value from table at row 1 column 3 is 0
[INFO] 11-10-2024 09:53:28 [LogUtils] - Verify element visible By.xpath: //tbody/tr[2]/td[3]
[INFO] 11-10-2024 09:53:28 [LogUtils] - Get text from By.xpath: //tbody/tr[2]/td[3] is: 0
[INFO] 11-10-2024 09:53:28 [LogUtils] - Value from table at row 2 column 3 is 0
99: 0
[INFO] 11-10-2024 09:53:30 [LogUtils] - Verify element visible By.xpath: //tbody/tr[1]/td[3]
[INFO] 11-10-2024 09:53:30 [LogUtils] - Get text from By.xpath: //tbody/tr[1]/td[3] is: 1
[INFO] 11-10-2024 09:53:30 [LogUtils] - Value from table at row 1 column 3 is 1
109: {}
itemInCart.keySet().contains(itemNameActual): false
113: {Raspberry - 1/4 Kg=1}
[INFO] 11-10-2024 09:53:30 [LogUtils] - Verify Equals: 1 = 1
[INFO] 11-10-2024 09:53:30 [LogUtils] - Passed verify at line 128: in method addToCards - file ProductPage.java
[INFO] 11-10-2024 09:53:31 [LogUtils] - Verify element visible By.xpath: //tbody/tr[2]/td[3]
[INFO] 11-10-2024 09:53:31 [LogUtils] - Get text from By.xpath: //tbody/tr[2]/td[3] is: 160
[INFO] 11-10-2024 09:53:31 [LogUtils] - Value from table at row 2 column 3 is 160
[INFO] 11-10-2024 09:53:31 [LogUtils] - Verify Equals: 160 = 160
[INFO] 11-10-2024 09:53:31 [LogUtils] - Passed verify at line 132: in method addToCards - file ProductPage.java
[INFO] 11-10-2024 09:53:31 [LogUtils] - itemInCart: {Raspberry - 1/4 Kg=1}
[INFO] 11-10-2024 09:53:31 [LogUtils] - Verify element visible By.xpath: //a[@class='cart-icon']
[INFO] 11-10-2024 09:53:31 [LogUtils] - Clicked on the element By.xpath: //a[@class='cart-icon']
[INFO] 11-10-2024 09:53:33 [LogUtils] - Verify element visible By.xpath: //button[text()='PROCEED TO CHECKOUT']
[INFO] 11-10-2024 09:53:33 [LogUtils] - Product NameRaspberry - 1/4 Kg
[INFO] 11-10-2024 09:53:33 [LogUtils] - itemNameExpected: Raspberry - 1/4 Kg
[INFO] 11-10-2024 09:53:33 [LogUtils] - Verify Equals: 160 = 160
[INFO] 11-10-2024 09:53:33 [LogUtils] - Passed verify at line 158: in method verifyProceedToCheckoutPopupPage - file ProductPage.java
[INFO] 11-10-2024 09:53:33 [LogUtils] - Verify Equals: 160 = 160
[INFO] 11-10-2024 09:53:33 [LogUtils] - Passed verify at line 159: in method verifyProceedToCheckoutPopupPage - file ProductPage.java
[INFO] 11-10-2024 09:53:33 [LogUtils] - Verify TRUE: true
[INFO] 11-10-2024 09:53:33 [LogUtils] - Passed verify at line 164: in method verifyProceedToCheckoutPopupPage - file ProductPage.java
[INFO] 11-10-2024 09:53:33 [LogUtils] - Verify element visible By.xpath: //a[@class='cart-icon']
[INFO] 11-10-2024 09:53:33 [LogUtils] - Clicked on the element By.xpath: //a[@class='cart-icon']
[INFO] 11-10-2024 09:53:33 [LogUtils] - Verify element visible By.xpath: //a[@class='cart-icon']
[INFO] 11-10-2024 09:53:33 [LogUtils] - Clicked on the element By.xpath: //a[@class='cart-icon']
[INFO] 11-10-2024 09:53:33 [LogUtils] - Verify element visible By.xpath: //button[text()='PROCEED TO CHECKOUT']
[INFO] 11-10-2024 09:53:33 [LogUtils] - Clicked on the element By.xpath: //button[text()='PROCEED TO CHECKOUT']
  &amp#27;[32mWhen &amp#27;[0m&amp#27;[32mUser search products and add to cart&amp#27;[0m                                              &amp#27;[90m# stepdefinitions.StepsPlaceOrderWithSearchAndApplyValiadPromoCode.userSearchProductsAndAddToCart(io.cucumber.datatable.DataTable)&amp#27;[0m
    | search item        | item               | quality | price | Price in Cart | promo code         | Discount | Apply code message | Country  | Agree to the Terms & Conditions |
    | Raspberry - 1/4 Kg | Raspberry - 1/4 Kg | 1       | 160   | 160           | rahulshettyacademy | 10       | Code applied ..!   | Viet Nam | yes                             |
[INFO] 11-10-2024 09:53:34 [LogUtils] - After step
[INFO] 11-10-2024 09:53:35 [LogUtils] - Before Step
[INFO] 11-10-2024 09:53:35 [LogUtils] - itemNameExpectedList: [Raspberry - 1/4 Kg]
[INFO] 11-10-2024 09:53:35 [LogUtils] - itemPriceExpectedList: [160]
[INFO] 11-10-2024 09:53:35 [LogUtils] - qualityList: [1]
[INFO] 11-10-2024 09:53:35 [LogUtils] - Verify element visible By.xpath: //tbody//td[5]/p
[INFO] 11-10-2024 09:53:35 [LogUtils] - totalRows size: 1
78 : 1
totalAmountCalculation 79 : 0
itemNameExpectedList.get(j) : Raspberry - 1/4 Kg
[INFO] 11-10-2024 09:53:36 [LogUtils] - Verify element visible By.xpath: //tbody/tr[1]/td[2]
[INFO] 11-10-2024 09:53:36 [LogUtils] - Get text from By.xpath: //tbody/tr[1]/td[2] is: Raspberry - 1/4 Kg
[INFO] 11-10-2024 09:53:36 [LogUtils] - Value from table at row 1 column 2 is Raspberry - 1/4 Kg
WebUI.getValueOnTableByRowColumn(i, 2) : Raspberry - 1/4 Kg
[INFO] 11-10-2024 09:53:37 [LogUtils] - Verify element visible By.xpath: //tbody/tr[1]/td[2]
[INFO] 11-10-2024 09:53:37 [LogUtils] - Get text from By.xpath: //tbody/tr[1]/td[2] is: Raspberry - 1/4 Kg
[INFO] 11-10-2024 09:53:37 [LogUtils] - Value from table at row 1 column 2 is Raspberry - 1/4 Kg
[INFO] 11-10-2024 09:53:38 [LogUtils] - Verify element visible By.xpath: //tbody/tr[1]/td[3]
[INFO] 11-10-2024 09:53:38 [LogUtils] - Get text from By.xpath: //tbody/tr[1]/td[3] is: 1
[INFO] 11-10-2024 09:53:38 [LogUtils] - Value from table at row 1 column 3 is 1
[INFO] 11-10-2024 09:53:38 [LogUtils] - Verify Equals: 1 = 1
[INFO] 11-10-2024 09:53:38 [LogUtils] - Passed verify at line 99: in method verifyPlaceOrderConfirmation - file PlaceOrderPage.java
[INFO] 11-10-2024 09:53:39 [LogUtils] - Verify element visible By.xpath: //tbody/tr[1]/td[4]
[INFO] 11-10-2024 09:53:39 [LogUtils] - Get text from By.xpath: //tbody/tr[1]/td[4] is: 160
[INFO] 11-10-2024 09:53:39 [LogUtils] - Value from table at row 1 column 4 is 160
[INFO] 11-10-2024 09:53:39 [LogUtils] - Verify Equals: 160 = 160
[INFO] 11-10-2024 09:53:39 [LogUtils] - Passed verify at line 100: in method verifyPlaceOrderConfirmation - file PlaceOrderPage.java
[INFO] 11-10-2024 09:53:40 [LogUtils] - Verify element visible By.xpath: //tbody/tr[1]/td[5]
[INFO] 11-10-2024 09:53:40 [LogUtils] - Get text from By.xpath: //tbody/tr[1]/td[5] is: 160
[INFO] 11-10-2024 09:53:40 [LogUtils] - Value from table at row 1 column 5 is 160
[INFO] 11-10-2024 09:53:40 [LogUtils] - Verify Equals: 160 = 160
[INFO] 11-10-2024 09:53:40 [LogUtils] - Passed verify at line 101: in method verifyPlaceOrderConfirmation - file PlaceOrderPage.java
[INFO] 11-10-2024 09:53:40 [LogUtils] - Verify TRUE: true
[INFO] 11-10-2024 09:53:40 [LogUtils] - Passed verify at line 106: in method verifyPlaceOrderConfirmation - file PlaceOrderPage.java
[INFO] 11-10-2024 09:53:40 [LogUtils] - Verify element visible By.xpath: //span[@class='totAmt']
[INFO] 11-10-2024 09:53:40 [LogUtils] - Get text from By.xpath: //span[@class='totAmt'] is: 160
[INFO] 11-10-2024 09:53:40 [LogUtils] - Verify Equals: 160 = 160
[INFO] 11-10-2024 09:53:40 [LogUtils] - Passed verify at line 112: in method verifyPlaceOrderConfirmation - file PlaceOrderPage.java
[INFO] 11-10-2024 09:53:40 [LogUtils] - Verify element visible By.xpath: //span[@class='discountPerc']
[INFO] 11-10-2024 09:53:40 [LogUtils] - Get text from By.xpath: //span[@class='discountPerc'] is: 0%
[INFO] 11-10-2024 09:53:40 [LogUtils] - Verify Equals: 0 = 0
[INFO] 11-10-2024 09:53:40 [LogUtils] - Passed verify at line 113: in method verifyPlaceOrderConfirmation - file PlaceOrderPage.java
[INFO] 11-10-2024 09:53:40 [LogUtils] - Verify element visible By.xpath: //span[@class='discountAmt']
[INFO] 11-10-2024 09:53:40 [LogUtils] - Get text from By.xpath: //span[@class='discountAmt'] is: 160
[INFO] 11-10-2024 09:53:40 [LogUtils] - Verify Equals: 160 = 160
[INFO] 11-10-2024 09:53:40 [LogUtils] - Passed verify at line 114: in method verifyPlaceOrderConfirmation - file PlaceOrderPage.java
[INFO] 11-10-2024 09:53:40 [LogUtils] - Promo Code: rahulshettyacademy
[INFO] 11-10-2024 09:53:40 [LogUtils] - Verify element visible By.xpath: //input[@class='promoCode']
[INFO] 11-10-2024 09:53:41 [LogUtils] - Verify element visible By.xpath: //input[@class='promoCode']
[INFO] 11-10-2024 09:53:41 [LogUtils] - Clear and Fill rahulshettyacademy on By.xpath: //input[@class='promoCode']
[INFO] 11-10-2024 09:53:41 [LogUtils] - Verify element visible By.xpath: //button[@class='promoBtn']
[INFO] 11-10-2024 09:53:41 [LogUtils] - Clicked on the element By.xpath: //button[@class='promoBtn']
[INFO] 11-10-2024 09:53:46 [LogUtils] - Verify element visible By.xpath: //span[@class='promoInfo']
[INFO] 11-10-2024 09:53:46 [LogUtils] - Verify element visible By.xpath: //span[@class='promoInfo']
[INFO] 11-10-2024 09:53:46 [LogUtils] - Get text from By.xpath: //span[@class='promoInfo'] is: Code applied ..!
[INFO] 11-10-2024 09:53:46 [LogUtils] - Verify text of an element [Equals]: true
[INFO] 11-10-2024 09:53:46 [LogUtils] - Verify element visible By.xpath: //span[@class='promoInfo']
[INFO] 11-10-2024 09:53:46 [LogUtils] - Get text from By.xpath: //span[@class='promoInfo'] is: Code applied ..!
[INFO] 11-10-2024 09:53:46 [LogUtils] - Verify element visible By.xpath: //span[@class='promoInfo']
[INFO] 11-10-2024 09:53:46 [LogUtils] - Get text from By.xpath: //span[@class='promoInfo'] is: Code applied ..!
[INFO] 11-10-2024 09:53:46 [LogUtils] - Verify element visible By.xpath: //span[@class='promoInfo']
[INFO] 11-10-2024 09:53:46 [LogUtils] - Get text from By.xpath: //span[@class='promoInfo'] is: Code applied ..!
[INFO] 11-10-2024 09:53:46 [LogUtils] - Verify element visible By.xpath: //span[@class='discountPerc']
[INFO] 11-10-2024 09:53:46 [LogUtils] - Get text from By.xpath: //span[@class='discountPerc'] is: 10%
[INFO] 11-10-2024 09:53:46 [LogUtils] - Verify Equals: 10 = 10
[INFO] 11-10-2024 09:53:46 [LogUtils] - Passed verify at line 120: in method verifyPlaceOrderConfirmation - file PlaceOrderPage.java
[INFO] 11-10-2024 09:53:46 [LogUtils] - Verify element visible By.xpath: //span[@class='totAmt']
[INFO] 11-10-2024 09:53:46 [LogUtils] - Get text from By.xpath: //span[@class='totAmt'] is: 160
[INFO] 11-10-2024 09:53:46 [LogUtils] - Verify Equals: 160 = 160
[INFO] 11-10-2024 09:53:46 [LogUtils] - Passed verify at line 121: in method verifyPlaceOrderConfirmation - file PlaceOrderPage.java
[INFO] 11-10-2024 09:53:46 [LogUtils] - Verify element visible By.xpath: //span[@class='totAmt']
[INFO] 11-10-2024 09:53:46 [LogUtils] - Get text from By.xpath: //span[@class='totAmt'] is: 160
[INFO] 11-10-2024 09:53:46 [LogUtils] - Verify Equals: 160 = 160
[INFO] 11-10-2024 09:53:46 [LogUtils] - Passed verify at line 122: in method verifyPlaceOrderConfirmation - file PlaceOrderPage.java
[INFO] 11-10-2024 09:53:46 [LogUtils] - Verify element visible By.xpath: //span[@class='discountAmt']
[INFO] 11-10-2024 09:53:46 [LogUtils] - Get text from By.xpath: //span[@class='discountAmt'] is: 144
[INFO] 11-10-2024 09:53:46 [LogUtils] - Verify Equals: 144 = 144
[INFO] 11-10-2024 09:53:46 [LogUtils] - Passed verify at line 129: in method verifyPlaceOrderConfirmation - file PlaceOrderPage.java
[INFO] 11-10-2024 09:53:47 [LogUtils] - Verify element visible By.xpath: //button[text()='Place Order']
[INFO] 11-10-2024 09:53:47 [LogUtils] - Clicked on the element By.xpath: //button[text()='Place Order']
  &amp#27;[32mAnd &amp#27;[0m&amp#27;[32mThe user proceeds to checkout and apply promoCode&amp#27;[0m                                  &amp#27;[90m# stepdefinitions.StepsPlaceOrderWithSearchAndApplyValiadPromoCode.theUserProceedsToCheckoutAndApplyPromoCode(io.cucumber.datatable.DataTable)&amp#27;[0m
    | search item        | item               | quality | price | Price in Cart | promo code         | Discount | Apply code message | Country  | Agree to the Terms & Conditions |
    | Raspberry - 1/4 Kg | Raspberry - 1/4 Kg | 1       | 160   | 160           | rahulshettyacademy | 10       | Code applied ..!   | Viet Nam | yes                             |
[INFO] 11-10-2024 09:53:47 [LogUtils] - After step
[INFO] 11-10-2024 09:53:47 [LogUtils] - Before Step
[INFO] 11-10-2024 09:53:47 [LogUtils] - Select Option by Text: Vietnam
  &amp#27;[32mAnd &amp#27;[0m&amp#27;[32mThe user enter country &amp#27;[0m&amp#27;[32m&amp#27;[1m"Vietnam"&amp#27;[0m                                                   &amp#27;[90m# stepdefinitions.StepsPlaceOrderWithSearchAndApplyValiadPromoCode.theUserEnterCountry(java.lang.String)&amp#27;[0m
[INFO] 11-10-2024 09:53:47 [LogUtils] - After step
[INFO] 11-10-2024 09:53:47 [LogUtils] - Before Step
[INFO] 11-10-2024 09:53:47 [LogUtils] - Verify element visible By.xpath: //input[@class='chkAgree']
[INFO] 11-10-2024 09:53:47 [LogUtils] - Clicked on the element By.xpath: //input[@class='chkAgree']
  &amp#27;[32mAnd &amp#27;[0m&amp#27;[32mThe user agree terms conditions&amp#27;[0m                                                    &amp#27;[90m# stepdefinitions.StepsPlaceOrderWithSearchAndApplyValiadPromoCode.theUserAgreeTermsConditions()&amp#27;[0m
[INFO] 11-10-2024 09:53:47 [LogUtils] - After step
[INFO] 11-10-2024 09:53:47 [LogUtils] - Before Step
[INFO] 11-10-2024 09:53:47 [LogUtils] - Verify element visible By.xpath: //button[contains(text(),'Proceed')]
[INFO] 11-10-2024 09:53:47 [LogUtils] - Clicked on the element By.xpath: //button[contains(text(),'Proceed')]
  &amp#27;[32mAnd &amp#27;[0m&amp#27;[32mThe user confirm order&amp#27;[0m                                                             &amp#27;[90m# stepdefinitions.StepsPlaceOrderWithSearchAndApplyValiadPromoCode.theUserConfirmOrder()&amp#27;[0m
[INFO] 11-10-2024 09:53:47 [LogUtils] - After step
[INFO] 11-10-2024 09:53:47 [LogUtils] - Before Step
  &amp#27;[32mThen &amp#27;[0m&amp#27;[32mThe user should see the order confirmation message&amp#27;[0m                                &amp#27;[90m# stepdefinitions.StepsPlaceOrderWithSearchAndApplyValiadPromoCode.theUserShouldSeeTheOrderConfirmationMessage()&amp#27;[0m
[INFO] 11-10-2024 09:53:47 [LogUtils] - After step
[INFO] 11-10-2024 09:53:48 [LogUtils] - After scenario
Closing browser...
Debug 80: ChromeDriver: chrome on windows (bb0529e2754118ce51f2ff032bd1761d)
]]></system-out>
    <system-err><![CDATA[[main] INFO io.github.bonigarcia.wdm.WebDriverManager - Using chromedriver 129.0.6668.100 (resolved driver for Chrome 129)
[main] INFO io.github.bonigarcia.wdm.WebDriverManager - Exporting webdriver.chrome.driver as C:\Users\admin\.cache\selenium\chromedriver\win64\129.0.6668.100\chromedriver.exe
Oct 11, 2024 9:53:18 AM org.openqa.selenium.devtools.CdpVersionFinder findNearestMatch
WARNING: Unable to find CDP implementation matching 129
Oct 11, 2024 9:53:18 AM org.openqa.selenium.chromium.ChromiumDriver lambda$new$5
WARNING: Unable to find version of CDP to use for 129.0.6668.100. You may need to include a dependency on a specific version of the CDP using something similar to `org.seleniumhq.selenium:selenium-devtools-v86:4.11.0` where the version ("v86") matches the version of the chromium-based browser you're using and the version number of the artifact is the same as Selenium's.
]]></system-err>
  </testcase>
  <testcase name="runScenario[&quot;Successfully order placement multiple items&quot;, &quot;Place order with search and apply valid promoCode&quot;](2)" classname="runners.TestRunnerPlaceOrderWithSearchAndApplyValiadPromoCode" time="59.835">
    <system-out><![CDATA[
Scenario: Successfully order placement multiple items                                    &amp#27;[90m# src/test/resources/features/PlaceOrders/PlaceOrderWithSearchAndApplyValiadPromoCode.feature:18&amp#27;[0m
[INFO] 11-10-2024 09:53:58 [LogUtils] - Before scenario
[INFO] 11-10-2024 09:53:58 [LogUtils] - Before Step
Launching Chrome browser...
[INFO] 11-10-2024 09:54:00 [LogUtils] - Driver in TestContext: ChromeDriver: chrome on windows (fb67485427f91e6657d68673f26c49fc)
[INFO] 11-10-2024 09:54:03 [LogUtils] - Open URL: https://rahulshettyacademy.com/seleniumPractise/#/
  &amp#27;[32mGiven &amp#27;[0m&amp#27;[32mUser is on the product page &amp#27;[0m&amp#27;[32m&amp#27;[1m"https://rahulshettyacademy.com/seleniumPractise/#/"&amp#27;[0m &amp#27;[90m# stepdefinitions.StepsPlaceOrderWithSearchAndApplyValiadPromoCode.userIsOnTheProductPage(java.lang.String)&amp#27;[0m
[INFO] 11-10-2024 09:54:03 [LogUtils] - After step
[INFO] 11-10-2024 09:54:03 [LogUtils] - Before Step
[INFO] 11-10-2024 09:54:03 [LogUtils] - itemNameExpectedList: [Raspberry - 1/4 Kg]
[INFO] 11-10-2024 09:54:03 [LogUtils] - itemPriceExpectedList: [160]
[INFO] 11-10-2024 09:54:03 [LogUtils] - qualityList: [1]
[INFO] 11-10-2024 09:54:03 [LogUtils] - Verify element visible By.xpath: //input[@class='search-keyword']
[INFO] 11-10-2024 09:54:03 [LogUtils] - Clear value in textbox By.xpath: //input[@class='search-keyword']
[INFO] 11-10-2024 09:54:03 [LogUtils] - Verify element visible By.xpath: //input[@class='search-keyword']
[INFO] 11-10-2024 09:54:03 [LogUtils] - Set text Raspberry - 1/4 Kg on By.xpath: //input[@class='search-keyword']
[INFO] 11-10-2024 09:54:04 [LogUtils] - Number of items in search result: 1
[INFO] 11-10-2024 09:54:04 [LogUtils] - Element existing
[INFO] 11-10-2024 09:54:04 [LogUtils] - Show information of list search Item result
[INFO] 11-10-2024 09:54:04 [LogUtils] - itemNameActual: Raspberry - 1/4 Kg
[INFO] 11-10-2024 09:54:04 [LogUtils] - Verify Equals: Raspberry - 1/4 Kg CONTAINS Raspberry - 1/4 Kg
[INFO] 11-10-2024 09:54:04 [LogUtils] - Passed verify at line 45: in method searchItem - file ProductPage.java
searchItemResults: [[[ChromeDriver: chrome on windows (fb67485427f91e6657d68673f26c49fc)] -> xpath: //div[@class='products']/div]]
[INFO] 11-10-2024 09:54:04 [LogUtils] - itemNameActual: Raspberry - 1/4 Kg
[INFO] 11-10-2024 09:54:04 [LogUtils] - i: 0
[INFO] 11-10-2024 09:54:04 [LogUtils] - j: 0
[INFO] 11-10-2024 09:54:04 [LogUtils] - itemNameExpectedList.get(j): Raspberry - 1/4 Kg
[INFO] 11-10-2024 09:54:04 [LogUtils] - Verify Equals: Raspberry - 1/4 Kg CONTAINS Raspberry - 1/4 Kg
[INFO] 11-10-2024 09:54:04 [LogUtils] - Passed verify at line 91: in method addToCards - file ProductPage.java
[INFO] 11-10-2024 09:54:04 [LogUtils] - itemPriceActual: 160
[INFO] 11-10-2024 09:54:04 [LogUtils] - Verify Equals: 160 = 160
[INFO] 11-10-2024 09:54:04 [LogUtils] - Passed verify at line 95: in method addToCards - file ProductPage.java
[INFO] 11-10-2024 09:54:04 [LogUtils] - Verify Equals: 1 = 1
[INFO] 11-10-2024 09:54:04 [LogUtils] - Passed verify at line 98: in method addToCards - file ProductPage.java
[INFO] 11-10-2024 09:54:05 [LogUtils] - Verify element visible By.xpath: //tbody/tr[1]/td[3]
[INFO] 11-10-2024 09:54:05 [LogUtils] - Get text from By.xpath: //tbody/tr[1]/td[3] is: 0
[INFO] 11-10-2024 09:54:05 [LogUtils] - Value from table at row 1 column 3 is 0
86: 0
[INFO] 11-10-2024 09:54:06 [LogUtils] - Verify element visible By.xpath: //tbody/tr[2]/td[3]
[INFO] 11-10-2024 09:54:07 [LogUtils] - Get text from By.xpath: //tbody/tr[2]/td[3] is: 0
[INFO] 11-10-2024 09:54:07 [LogUtils] - Value from table at row 2 column 3 is 0
87: 0
[INFO] 11-10-2024 09:54:08 [LogUtils] - Verify element visible By.xpath: //tbody/tr[1]/td[3]
[INFO] 11-10-2024 09:54:08 [LogUtils] - Get text from By.xpath: //tbody/tr[1]/td[3] is: 0
[INFO] 11-10-2024 09:54:08 [LogUtils] - Value from table at row 1 column 3 is 0
[INFO] 11-10-2024 09:54:09 [LogUtils] - Verify element visible By.xpath: //tbody/tr[2]/td[3]
[INFO] 11-10-2024 09:54:09 [LogUtils] - Get text from By.xpath: //tbody/tr[2]/td[3] is: 0
[INFO] 11-10-2024 09:54:09 [LogUtils] - Value from table at row 2 column 3 is 0
99: 0
[INFO] 11-10-2024 09:54:10 [LogUtils] - Verify element visible By.xpath: //tbody/tr[1]/td[3]
[INFO] 11-10-2024 09:54:10 [LogUtils] - Get text from By.xpath: //tbody/tr[1]/td[3] is: 1
[INFO] 11-10-2024 09:54:10 [LogUtils] - Value from table at row 1 column 3 is 1
109: {}
itemInCart.keySet().contains(itemNameActual): false
113: {Raspberry - 1/4 Kg=1}
[INFO] 11-10-2024 09:54:10 [LogUtils] - Verify Equals: 1 = 1
[INFO] 11-10-2024 09:54:10 [LogUtils] - Passed verify at line 128: in method addToCards - file ProductPage.java
[INFO] 11-10-2024 09:54:11 [LogUtils] - Verify element visible By.xpath: //tbody/tr[2]/td[3]
[INFO] 11-10-2024 09:54:11 [LogUtils] - Get text from By.xpath: //tbody/tr[2]/td[3] is: 160
[INFO] 11-10-2024 09:54:11 [LogUtils] - Value from table at row 2 column 3 is 160
[INFO] 11-10-2024 09:54:11 [LogUtils] - Verify Equals: 160 = 160
[INFO] 11-10-2024 09:54:11 [LogUtils] - Passed verify at line 132: in method addToCards - file ProductPage.java
[INFO] 11-10-2024 09:54:11 [LogUtils] - itemInCart: {Raspberry - 1/4 Kg=1}
[INFO] 11-10-2024 09:54:11 [LogUtils] - Verify element visible By.xpath: //a[@class='cart-icon']
[INFO] 11-10-2024 09:54:11 [LogUtils] - Clicked on the element By.xpath: //a[@class='cart-icon']
[INFO] 11-10-2024 09:54:13 [LogUtils] - Verify element visible By.xpath: //button[text()='PROCEED TO CHECKOUT']
[INFO] 11-10-2024 09:54:13 [LogUtils] - Product NameRaspberry - 1/4 Kg
[INFO] 11-10-2024 09:54:13 [LogUtils] - itemNameExpected: Raspberry - 1/4 Kg
[INFO] 11-10-2024 09:54:13 [LogUtils] - Verify Equals: 160 = 160
[INFO] 11-10-2024 09:54:13 [LogUtils] - Passed verify at line 158: in method verifyProceedToCheckoutPopupPage - file ProductPage.java
[INFO] 11-10-2024 09:54:13 [LogUtils] - Verify Equals: 160 = 160
[INFO] 11-10-2024 09:54:13 [LogUtils] - Passed verify at line 159: in method verifyProceedToCheckoutPopupPage - file ProductPage.java
[INFO] 11-10-2024 09:54:13 [LogUtils] - Verify TRUE: true
[INFO] 11-10-2024 09:54:13 [LogUtils] - Passed verify at line 164: in method verifyProceedToCheckoutPopupPage - file ProductPage.java
[INFO] 11-10-2024 09:54:13 [LogUtils] - Verify element visible By.xpath: //a[@class='cart-icon']
[INFO] 11-10-2024 09:54:13 [LogUtils] - Clicked on the element By.xpath: //a[@class='cart-icon']
[INFO] 11-10-2024 09:54:13 [LogUtils] - itemNameExpectedList: [Tomato - 1 Kg]
[INFO] 11-10-2024 09:54:13 [LogUtils] - itemPriceExpectedList: [16]
[INFO] 11-10-2024 09:54:13 [LogUtils] - qualityList: [2]
[INFO] 11-10-2024 09:54:13 [LogUtils] - Verify element visible By.xpath: //input[@class='search-keyword']
[INFO] 11-10-2024 09:54:13 [LogUtils] - Clear value in textbox By.xpath: //input[@class='search-keyword']
[INFO] 11-10-2024 09:54:13 [LogUtils] - Verify element visible By.xpath: //input[@class='search-keyword']
[INFO] 11-10-2024 09:54:14 [LogUtils] - Set text Tomato - 1 Kg on By.xpath: //input[@class='search-keyword']
[INFO] 11-10-2024 09:54:15 [LogUtils] - Number of items in search result: 1
[INFO] 11-10-2024 09:54:15 [LogUtils] - Element existing
[INFO] 11-10-2024 09:54:15 [LogUtils] - Show information of list search Item result
[INFO] 11-10-2024 09:54:15 [LogUtils] - itemNameActual: Tomato - 1 Kg
[INFO] 11-10-2024 09:54:15 [LogUtils] - Verify Equals: Tomato - 1 Kg CONTAINS Tomato - 1 Kg
[INFO] 11-10-2024 09:54:15 [LogUtils] - Passed verify at line 45: in method searchItem - file ProductPage.java
searchItemResults: [[[ChromeDriver: chrome on windows (fb67485427f91e6657d68673f26c49fc)] -> xpath: //div[@class='products']/div]]
[INFO] 11-10-2024 09:54:15 [LogUtils] - itemNameActual: Tomato - 1 Kg
[INFO] 11-10-2024 09:54:15 [LogUtils] - i: 0
[INFO] 11-10-2024 09:54:15 [LogUtils] - j: 0
[INFO] 11-10-2024 09:54:15 [LogUtils] - itemNameExpectedList.get(j): Tomato - 1 Kg
[INFO] 11-10-2024 09:54:15 [LogUtils] - Verify Equals: Tomato - 1 Kg CONTAINS Tomato - 1 Kg
[INFO] 11-10-2024 09:54:15 [LogUtils] - Passed verify at line 91: in method addToCards - file ProductPage.java
[INFO] 11-10-2024 09:54:15 [LogUtils] - itemPriceActual: 16
[INFO] 11-10-2024 09:54:15 [LogUtils] - Verify Equals: 16 = 16
[INFO] 11-10-2024 09:54:15 [LogUtils] - Passed verify at line 95: in method addToCards - file ProductPage.java
[INFO] 11-10-2024 09:54:15 [LogUtils] - Verify Equals: 1 = 1
[INFO] 11-10-2024 09:54:15 [LogUtils] - Passed verify at line 98: in method addToCards - file ProductPage.java
[INFO] 11-10-2024 09:54:15 [LogUtils] - Verify element visible By.xpath: //input[@class='quantity']
[INFO] 11-10-2024 09:54:15 [LogUtils] - Verify element visible By.xpath: //input[@class='quantity']
[INFO] 11-10-2024 09:54:15 [LogUtils] - Clear and Fill 2 on By.xpath: //input[@class='quantity']
[INFO] 11-10-2024 09:54:16 [LogUtils] - Verify element visible By.xpath: //tbody/tr[1]/td[3]
[INFO] 11-10-2024 09:54:16 [LogUtils] - Get text from By.xpath: //tbody/tr[1]/td[3] is: 1
[INFO] 11-10-2024 09:54:16 [LogUtils] - Value from table at row 1 column 3 is 1
86: 1
[INFO] 11-10-2024 09:54:17 [LogUtils] - Verify element visible By.xpath: //tbody/tr[2]/td[3]
[INFO] 11-10-2024 09:54:17 [LogUtils] - Get text from By.xpath: //tbody/tr[2]/td[3] is: 160
[INFO] 11-10-2024 09:54:17 [LogUtils] - Value from table at row 2 column 3 is 160
87: 160
[INFO] 11-10-2024 09:54:18 [LogUtils] - Verify element visible By.xpath: //tbody/tr[1]/td[3]
[INFO] 11-10-2024 09:54:18 [LogUtils] - Get text from By.xpath: //tbody/tr[1]/td[3] is: 1
[INFO] 11-10-2024 09:54:18 [LogUtils] - Value from table at row 1 column 3 is 1
[INFO] 11-10-2024 09:54:19 [LogUtils] - Verify element visible By.xpath: //tbody/tr[2]/td[3]
[INFO] 11-10-2024 09:54:19 [LogUtils] - Get text from By.xpath: //tbody/tr[2]/td[3] is: 160
[INFO] 11-10-2024 09:54:19 [LogUtils] - Value from table at row 2 column 3 is 160
99: 0
[INFO] 11-10-2024 09:54:20 [LogUtils] - Verify element visible By.xpath: //tbody/tr[1]/td[3]
[INFO] 11-10-2024 09:54:20 [LogUtils] - Get text from By.xpath: //tbody/tr[1]/td[3] is: 2
[INFO] 11-10-2024 09:54:20 [LogUtils] - Value from table at row 1 column 3 is 2
109: {Raspberry - 1/4 Kg=1}
itemInCart.keySet().contains(itemNameActual): false
113: {Raspberry - 1/4 Kg=1, Tomato - 1 Kg=2}
[INFO] 11-10-2024 09:54:20 [LogUtils] - Verify Equals: 2 = 2
[INFO] 11-10-2024 09:54:20 [LogUtils] - Passed verify at line 128: in method addToCards - file ProductPage.java
[INFO] 11-10-2024 09:54:22 [LogUtils] - Verify element visible By.xpath: //tbody/tr[2]/td[3]
[INFO] 11-10-2024 09:54:22 [LogUtils] - Get text from By.xpath: //tbody/tr[2]/td[3] is: 192
[INFO] 11-10-2024 09:54:22 [LogUtils] - Value from table at row 2 column 3 is 192
[INFO] 11-10-2024 09:54:22 [LogUtils] - Verify Equals: 192 = 192
[INFO] 11-10-2024 09:54:22 [LogUtils] - Passed verify at line 132: in method addToCards - file ProductPage.java
[INFO] 11-10-2024 09:54:22 [LogUtils] - itemInCart: {Raspberry - 1/4 Kg=1, Tomato - 1 Kg=2}
[INFO] 11-10-2024 09:54:22 [LogUtils] - Verify element visible By.xpath: //a[@class='cart-icon']
[INFO] 11-10-2024 09:54:22 [LogUtils] - Clicked on the element By.xpath: //a[@class='cart-icon']
[INFO] 11-10-2024 09:54:24 [LogUtils] - Verify element visible By.xpath: //button[text()='PROCEED TO CHECKOUT']
[INFO] 11-10-2024 09:54:24 [LogUtils] - Product NameRaspberry - 1/4 Kg
[INFO] 11-10-2024 09:54:24 [LogUtils] - itemNameExpected: Tomato - 1 Kg
[INFO] 11-10-2024 09:54:24 [LogUtils] - Product NameTomato - 1 Kg
[INFO] 11-10-2024 09:54:24 [LogUtils] - itemNameExpected: Tomato - 1 Kg
[INFO] 11-10-2024 09:54:24 [LogUtils] - Verify Equals: 16 = 16
[INFO] 11-10-2024 09:54:24 [LogUtils] - Passed verify at line 158: in method verifyProceedToCheckoutPopupPage - file ProductPage.java
[INFO] 11-10-2024 09:54:24 [LogUtils] - Verify Equals: 32 = 32
[INFO] 11-10-2024 09:54:24 [LogUtils] - Passed verify at line 159: in method verifyProceedToCheckoutPopupPage - file ProductPage.java
[INFO] 11-10-2024 09:54:24 [LogUtils] - Verify TRUE: true
[INFO] 11-10-2024 09:54:24 [LogUtils] - Passed verify at line 164: in method verifyProceedToCheckoutPopupPage - file ProductPage.java
[INFO] 11-10-2024 09:54:24 [LogUtils] - Verify element visible By.xpath: //a[@class='cart-icon']
[INFO] 11-10-2024 09:54:24 [LogUtils] - Clicked on the element By.xpath: //a[@class='cart-icon']
[INFO] 11-10-2024 09:54:24 [LogUtils] - Verify element visible By.xpath: //a[@class='cart-icon']
[INFO] 11-10-2024 09:54:24 [LogUtils] - Clicked on the element By.xpath: //a[@class='cart-icon']
[INFO] 11-10-2024 09:54:24 [LogUtils] - Verify element visible By.xpath: //button[text()='PROCEED TO CHECKOUT']
[INFO] 11-10-2024 09:54:24 [LogUtils] - Clicked on the element By.xpath: //button[text()='PROCEED TO CHECKOUT']
  &amp#27;[32mWhen &amp#27;[0m&amp#27;[32mUser search products and add to cart&amp#27;[0m                                              &amp#27;[90m# stepdefinitions.StepsPlaceOrderWithSearchAndApplyValiadPromoCode.userSearchProductsAndAddToCart(io.cucumber.datatable.DataTable)&amp#27;[0m
    | search item        | item               | quality | price | Price in Cart | promo code         | Discount | Apply code message | Country | Agree to the Terms & Conditions |
    | Raspberry - 1/4 Kg | Raspberry - 1/4 Kg | 1       | 160   | 160           | rahulshettyacademy | 10       | Code applied ..!   | Vietnam | yes                             |
    | Tomato - 1 Kg      | Tomato - 1 Kg      | 2       | 16    | 32            | rahulshettyacademy | 10       | Code applied ..!   | Vietnam | yes                             |
[INFO] 11-10-2024 09:54:25 [LogUtils] - After step
[INFO] 11-10-2024 09:54:25 [LogUtils] - Before Step
[INFO] 11-10-2024 09:54:25 [LogUtils] - itemNameExpectedList: [Raspberry - 1/4 Kg]
[INFO] 11-10-2024 09:54:25 [LogUtils] - itemPriceExpectedList: [160]
[INFO] 11-10-2024 09:54:25 [LogUtils] - qualityList: [1]
[INFO] 11-10-2024 09:54:25 [LogUtils] - Verify element visible By.xpath: //tbody//td[5]/p
[INFO] 11-10-2024 09:54:25 [LogUtils] - totalRows size: 2
78 : 1
totalAmountCalculation 79 : 0
itemNameExpectedList.get(j) : Raspberry - 1/4 Kg
[INFO] 11-10-2024 09:54:26 [LogUtils] - Verify element visible By.xpath: //tbody/tr[1]/td[2]
[INFO] 11-10-2024 09:54:26 [LogUtils] - Get text from By.xpath: //tbody/tr[1]/td[2] is: Raspberry - 1/4 Kg
[INFO] 11-10-2024 09:54:26 [LogUtils] - Value from table at row 1 column 2 is Raspberry - 1/4 Kg
WebUI.getValueOnTableByRowColumn(i, 2) : Raspberry - 1/4 Kg
[INFO] 11-10-2024 09:54:28 [LogUtils] - Verify element visible By.xpath: //tbody/tr[1]/td[2]
[INFO] 11-10-2024 09:54:28 [LogUtils] - Get text from By.xpath: //tbody/tr[1]/td[2] is: Raspberry - 1/4 Kg
[INFO] 11-10-2024 09:54:28 [LogUtils] - Value from table at row 1 column 2 is Raspberry - 1/4 Kg
[INFO] 11-10-2024 09:54:29 [LogUtils] - Verify element visible By.xpath: //tbody/tr[1]/td[3]
[INFO] 11-10-2024 09:54:29 [LogUtils] - Get text from By.xpath: //tbody/tr[1]/td[3] is: 1
[INFO] 11-10-2024 09:54:29 [LogUtils] - Value from table at row 1 column 3 is 1
[INFO] 11-10-2024 09:54:29 [LogUtils] - Verify Equals: 1 = 1
[INFO] 11-10-2024 09:54:29 [LogUtils] - Passed verify at line 99: in method verifyPlaceOrderConfirmation - file PlaceOrderPage.java
[INFO] 11-10-2024 09:54:30 [LogUtils] - Verify element visible By.xpath: //tbody/tr[1]/td[4]
[INFO] 11-10-2024 09:54:30 [LogUtils] - Get text from By.xpath: //tbody/tr[1]/td[4] is: 160
[INFO] 11-10-2024 09:54:30 [LogUtils] - Value from table at row 1 column 4 is 160
[INFO] 11-10-2024 09:54:30 [LogUtils] - Verify Equals: 160 = 160
[INFO] 11-10-2024 09:54:30 [LogUtils] - Passed verify at line 100: in method verifyPlaceOrderConfirmation - file PlaceOrderPage.java
[INFO] 11-10-2024 09:54:31 [LogUtils] - Verify element visible By.xpath: //tbody/tr[1]/td[5]
[INFO] 11-10-2024 09:54:31 [LogUtils] - Get text from By.xpath: //tbody/tr[1]/td[5] is: 160
[INFO] 11-10-2024 09:54:31 [LogUtils] - Value from table at row 1 column 5 is 160
[INFO] 11-10-2024 09:54:31 [LogUtils] - Verify Equals: 160 = 160
[INFO] 11-10-2024 09:54:31 [LogUtils] - Passed verify at line 101: in method verifyPlaceOrderConfirmation - file PlaceOrderPage.java
78 : 2
totalAmountCalculation 79 : 160
itemNameExpectedList.get(j) : Raspberry - 1/4 Kg
[INFO] 11-10-2024 09:54:32 [LogUtils] - Verify element visible By.xpath: //tbody/tr[2]/td[2]
[INFO] 11-10-2024 09:54:32 [LogUtils] - Get text from By.xpath: //tbody/tr[2]/td[2] is: Tomato - 1 Kg
[INFO] 11-10-2024 09:54:32 [LogUtils] - Value from table at row 2 column 2 is Tomato - 1 Kg
WebUI.getValueOnTableByRowColumn(i, 2) : Tomato - 1 Kg
[INFO] 11-10-2024 09:54:33 [LogUtils] - Verify element visible By.xpath: //tbody/tr[2]/td[2]
[INFO] 11-10-2024 09:54:33 [LogUtils] - Get text from By.xpath: //tbody/tr[2]/td[2] is: Tomato - 1 Kg
[INFO] 11-10-2024 09:54:33 [LogUtils] - Value from table at row 2 column 2 is Tomato - 1 Kg
[INFO] 11-10-2024 09:54:33 [LogUtils] - Verify TRUE: true
[INFO] 11-10-2024 09:54:33 [LogUtils] - Passed verify at line 106: in method verifyPlaceOrderConfirmation - file PlaceOrderPage.java
[INFO] 11-10-2024 09:54:33 [LogUtils] - itemNameExpectedList: [Tomato - 1 Kg]
[INFO] 11-10-2024 09:54:33 [LogUtils] - itemPriceExpectedList: [16]
[INFO] 11-10-2024 09:54:33 [LogUtils] - qualityList: [2]
[INFO] 11-10-2024 09:54:33 [LogUtils] - Verify element visible By.xpath: //tbody//td[5]/p
[INFO] 11-10-2024 09:54:33 [LogUtils] - totalRows size: 2
78 : 1
totalAmountCalculation 79 : 160
itemNameExpectedList.get(j) : Tomato - 1 Kg
[INFO] 11-10-2024 09:54:34 [LogUtils] - Verify element visible By.xpath: //tbody/tr[1]/td[2]
[INFO] 11-10-2024 09:54:34 [LogUtils] - Get text from By.xpath: //tbody/tr[1]/td[2] is: Raspberry - 1/4 Kg
[INFO] 11-10-2024 09:54:34 [LogUtils] - Value from table at row 1 column 2 is Raspberry - 1/4 Kg
WebUI.getValueOnTableByRowColumn(i, 2) : Raspberry - 1/4 Kg
[INFO] 11-10-2024 09:54:35 [LogUtils] - Verify element visible By.xpath: //tbody/tr[1]/td[2]
[INFO] 11-10-2024 09:54:35 [LogUtils] - Get text from By.xpath: //tbody/tr[1]/td[2] is: Raspberry - 1/4 Kg
[INFO] 11-10-2024 09:54:35 [LogUtils] - Value from table at row 1 column 2 is Raspberry - 1/4 Kg
78 : 2
totalAmountCalculation 79 : 160
itemNameExpectedList.get(j) : Tomato - 1 Kg
[INFO] 11-10-2024 09:54:36 [LogUtils] - Verify element visible By.xpath: //tbody/tr[2]/td[2]
[INFO] 11-10-2024 09:54:36 [LogUtils] - Get text from By.xpath: //tbody/tr[2]/td[2] is: Tomato - 1 Kg
[INFO] 11-10-2024 09:54:36 [LogUtils] - Value from table at row 2 column 2 is Tomato - 1 Kg
WebUI.getValueOnTableByRowColumn(i, 2) : Tomato - 1 Kg
[INFO] 11-10-2024 09:54:37 [LogUtils] - Verify element visible By.xpath: //tbody/tr[2]/td[2]
[INFO] 11-10-2024 09:54:37 [LogUtils] - Get text from By.xpath: //tbody/tr[2]/td[2] is: Tomato - 1 Kg
[INFO] 11-10-2024 09:54:37 [LogUtils] - Value from table at row 2 column 2 is Tomato - 1 Kg
[INFO] 11-10-2024 09:54:38 [LogUtils] - Verify element visible By.xpath: //tbody/tr[2]/td[3]
[INFO] 11-10-2024 09:54:38 [LogUtils] - Get text from By.xpath: //tbody/tr[2]/td[3] is: 2
[INFO] 11-10-2024 09:54:38 [LogUtils] - Value from table at row 2 column 3 is 2
[INFO] 11-10-2024 09:54:38 [LogUtils] - Verify Equals: 2 = 2
[INFO] 11-10-2024 09:54:38 [LogUtils] - Passed verify at line 99: in method verifyPlaceOrderConfirmation - file PlaceOrderPage.java
[INFO] 11-10-2024 09:54:39 [LogUtils] - Verify element visible By.xpath: //tbody/tr[2]/td[4]
[INFO] 11-10-2024 09:54:39 [LogUtils] - Get text from By.xpath: //tbody/tr[2]/td[4] is: 16
[INFO] 11-10-2024 09:54:39 [LogUtils] - Value from table at row 2 column 4 is 16
[INFO] 11-10-2024 09:54:39 [LogUtils] - Verify Equals: 16 = 16
[INFO] 11-10-2024 09:54:39 [LogUtils] - Passed verify at line 100: in method verifyPlaceOrderConfirmation - file PlaceOrderPage.java
[INFO] 11-10-2024 09:54:40 [LogUtils] - Verify element visible By.xpath: //tbody/tr[2]/td[5]
[INFO] 11-10-2024 09:54:40 [LogUtils] - Get text from By.xpath: //tbody/tr[2]/td[5] is: 32
[INFO] 11-10-2024 09:54:40 [LogUtils] - Value from table at row 2 column 5 is 32
[INFO] 11-10-2024 09:54:40 [LogUtils] - Verify Equals: 32 = 32
[INFO] 11-10-2024 09:54:40 [LogUtils] - Passed verify at line 101: in method verifyPlaceOrderConfirmation - file PlaceOrderPage.java
[INFO] 11-10-2024 09:54:40 [LogUtils] - Verify TRUE: true
[INFO] 11-10-2024 09:54:40 [LogUtils] - Passed verify at line 106: in method verifyPlaceOrderConfirmation - file PlaceOrderPage.java
[INFO] 11-10-2024 09:54:41 [LogUtils] - Verify element visible By.xpath: //span[@class='totAmt']
[INFO] 11-10-2024 09:54:41 [LogUtils] - Get text from By.xpath: //span[@class='totAmt'] is: 192
[INFO] 11-10-2024 09:54:41 [LogUtils] - Verify Equals: 192 = 192
[INFO] 11-10-2024 09:54:41 [LogUtils] - Passed verify at line 112: in method verifyPlaceOrderConfirmation - file PlaceOrderPage.java
[INFO] 11-10-2024 09:54:41 [LogUtils] - Verify element visible By.xpath: //span[@class='discountPerc']
[INFO] 11-10-2024 09:54:41 [LogUtils] - Get text from By.xpath: //span[@class='discountPerc'] is: 0%
[INFO] 11-10-2024 09:54:41 [LogUtils] - Verify Equals: 0 = 0
[INFO] 11-10-2024 09:54:41 [LogUtils] - Passed verify at line 113: in method verifyPlaceOrderConfirmation - file PlaceOrderPage.java
[INFO] 11-10-2024 09:54:41 [LogUtils] - Verify element visible By.xpath: //span[@class='discountAmt']
[INFO] 11-10-2024 09:54:41 [LogUtils] - Get text from By.xpath: //span[@class='discountAmt'] is: 192
[INFO] 11-10-2024 09:54:41 [LogUtils] - Verify Equals: 192 = 192
[INFO] 11-10-2024 09:54:41 [LogUtils] - Passed verify at line 114: in method verifyPlaceOrderConfirmation - file PlaceOrderPage.java
[INFO] 11-10-2024 09:54:41 [LogUtils] - Promo Code: rahulshettyacademy
[INFO] 11-10-2024 09:54:41 [LogUtils] - Verify element visible By.xpath: //input[@class='promoCode']
[INFO] 11-10-2024 09:54:41 [LogUtils] - Verify element visible By.xpath: //input[@class='promoCode']
[INFO] 11-10-2024 09:54:41 [LogUtils] - Clear and Fill rahulshettyacademy on By.xpath: //input[@class='promoCode']
[INFO] 11-10-2024 09:54:41 [LogUtils] - Verify element visible By.xpath: //button[@class='promoBtn']
[INFO] 11-10-2024 09:54:41 [LogUtils] - Clicked on the element By.xpath: //button[@class='promoBtn']
[INFO] 11-10-2024 09:54:46 [LogUtils] - Verify element visible By.xpath: //span[@class='promoInfo']
[INFO] 11-10-2024 09:54:46 [LogUtils] - Verify element visible By.xpath: //span[@class='promoInfo']
[INFO] 11-10-2024 09:54:46 [LogUtils] - Get text from By.xpath: //span[@class='promoInfo'] is: Code applied ..!
[INFO] 11-10-2024 09:54:46 [LogUtils] - Verify text of an element [Equals]: true
[INFO] 11-10-2024 09:54:46 [LogUtils] - Verify element visible By.xpath: //span[@class='promoInfo']
[INFO] 11-10-2024 09:54:46 [LogUtils] - Get text from By.xpath: //span[@class='promoInfo'] is: Code applied ..!
[INFO] 11-10-2024 09:54:46 [LogUtils] - Verify element visible By.xpath: //span[@class='promoInfo']
[INFO] 11-10-2024 09:54:46 [LogUtils] - Get text from By.xpath: //span[@class='promoInfo'] is: Code applied ..!
[INFO] 11-10-2024 09:54:46 [LogUtils] - Verify element visible By.xpath: //span[@class='promoInfo']
[INFO] 11-10-2024 09:54:46 [LogUtils] - Get text from By.xpath: //span[@class='promoInfo'] is: Code applied ..!
[INFO] 11-10-2024 09:54:47 [LogUtils] - Verify element visible By.xpath: //span[@class='discountPerc']
[INFO] 11-10-2024 09:54:47 [LogUtils] - Get text from By.xpath: //span[@class='discountPerc'] is: 10%
[INFO] 11-10-2024 09:54:47 [LogUtils] - Verify Equals: 10 = 10
[INFO] 11-10-2024 09:54:47 [LogUtils] - Passed verify at line 120: in method verifyPlaceOrderConfirmation - file PlaceOrderPage.java
[INFO] 11-10-2024 09:54:47 [LogUtils] - Verify element visible By.xpath: //span[@class='totAmt']
[INFO] 11-10-2024 09:54:47 [LogUtils] - Get text from By.xpath: //span[@class='totAmt'] is: 192
[INFO] 11-10-2024 09:54:47 [LogUtils] - Verify Equals: 192 = 192
[INFO] 11-10-2024 09:54:47 [LogUtils] - Passed verify at line 121: in method verifyPlaceOrderConfirmation - file PlaceOrderPage.java
[INFO] 11-10-2024 09:54:47 [LogUtils] - Verify element visible By.xpath: //span[@class='totAmt']
[INFO] 11-10-2024 09:54:47 [LogUtils] - Get text from By.xpath: //span[@class='totAmt'] is: 192
[INFO] 11-10-2024 09:54:47 [LogUtils] - Verify Equals: 192 = 192
[INFO] 11-10-2024 09:54:47 [LogUtils] - Passed verify at line 122: in method verifyPlaceOrderConfirmation - file PlaceOrderPage.java
[INFO] 11-10-2024 09:54:47 [LogUtils] - Verify element visible By.xpath: //span[@class='discountAmt']
[INFO] 11-10-2024 09:54:47 [LogUtils] - Get text from By.xpath: //span[@class='discountAmt'] is: 172.8
[INFO] 11-10-2024 09:54:47 [LogUtils] - Verify Equals: 172.8 = 172.8
[INFO] 11-10-2024 09:54:47 [LogUtils] - Passed verify at line 129: in method verifyPlaceOrderConfirmation - file PlaceOrderPage.java
[INFO] 11-10-2024 09:54:47 [LogUtils] - Verify element visible By.xpath: //button[text()='Place Order']
[INFO] 11-10-2024 09:54:47 [LogUtils] - Clicked on the element By.xpath: //button[text()='Place Order']
  &amp#27;[32mAnd &amp#27;[0m&amp#27;[32mThe user proceeds to checkout and apply promoCode&amp#27;[0m                                  &amp#27;[90m# stepdefinitions.StepsPlaceOrderWithSearchAndApplyValiadPromoCode.theUserProceedsToCheckoutAndApplyPromoCode(io.cucumber.datatable.DataTable)&amp#27;[0m
    | search item        | item               | quality | price | Price in Cart | promo code         | Discount | Apply code message | Country | Agree to the Terms & Conditions |
    | Raspberry - 1/4 Kg | Raspberry - 1/4 Kg | 1       | 160   | 160           | rahulshettyacademy | 10       | Code applied ..!   | Vietnam | yes                             |
    | Tomato - 1 Kg      | Tomato - 1 Kg      | 2       | 16    | 32            | rahulshettyacademy | 10       | Code applied ..!   | Vietnam | yes                             |
[INFO] 11-10-2024 09:54:47 [LogUtils] - After step
[INFO] 11-10-2024 09:54:47 [LogUtils] - Before Step
[INFO] 11-10-2024 09:54:47 [LogUtils] - Select Option by Text: Vietnam
  &amp#27;[32mAnd &amp#27;[0m&amp#27;[32mThe user enter country &amp#27;[0m&amp#27;[32m&amp#27;[1m"Vietnam"&amp#27;[0m                                                   &amp#27;[90m# stepdefinitions.StepsPlaceOrderWithSearchAndApplyValiadPromoCode.theUserEnterCountry(java.lang.String)&amp#27;[0m
[INFO] 11-10-2024 09:54:47 [LogUtils] - After step
[INFO] 11-10-2024 09:54:47 [LogUtils] - Before Step
[INFO] 11-10-2024 09:54:47 [LogUtils] - Verify element visible By.xpath: //input[@class='chkAgree']
[INFO] 11-10-2024 09:54:47 [LogUtils] - Clicked on the element By.xpath: //input[@class='chkAgree']
  &amp#27;[32mAnd &amp#27;[0m&amp#27;[32mThe user agree terms conditions&amp#27;[0m                                                    &amp#27;[90m# stepdefinitions.StepsPlaceOrderWithSearchAndApplyValiadPromoCode.theUserAgreeTermsConditions()&amp#27;[0m
[INFO] 11-10-2024 09:54:47 [LogUtils] - After step
[INFO] 11-10-2024 09:54:47 [LogUtils] - Before Step
[INFO] 11-10-2024 09:54:48 [LogUtils] - Verify element visible By.xpath: //button[contains(text(),'Proceed')]
[INFO] 11-10-2024 09:54:48 [LogUtils] - Clicked on the element By.xpath: //button[contains(text(),'Proceed')]
  &amp#27;[32mAnd &amp#27;[0m&amp#27;[32mThe user confirm order&amp#27;[0m                                                             &amp#27;[90m# stepdefinitions.StepsPlaceOrderWithSearchAndApplyValiadPromoCode.theUserConfirmOrder()&amp#27;[0m
[INFO] 11-10-2024 09:54:48 [LogUtils] - After step
[INFO] 11-10-2024 09:54:48 [LogUtils] - Before Step
  &amp#27;[32mThen &amp#27;[0m&amp#27;[32mThe user should see the order confirmation message&amp#27;[0m                                &amp#27;[90m# stepdefinitions.StepsPlaceOrderWithSearchAndApplyValiadPromoCode.theUserShouldSeeTheOrderConfirmationMessage()&amp#27;[0m
[INFO] 11-10-2024 09:54:48 [LogUtils] - After step
[INFO] 11-10-2024 09:54:48 [LogUtils] - After scenario
Closing browser...
Debug 80: ChromeDriver: chrome on windows (fb67485427f91e6657d68673f26c49fc)
]]></system-out>
    <system-err><![CDATA[[main] INFO io.github.bonigarcia.wdm.WebDriverManager - Using chromedriver 129.0.6668.100 (resolved driver for Chrome 129)
[main] INFO io.github.bonigarcia.wdm.WebDriverManager - Exporting webdriver.chrome.driver as C:\Users\admin\.cache\selenium\chromedriver\win64\129.0.6668.100\chromedriver.exe
Oct 11, 2024 9:54:00 AM org.openqa.selenium.devtools.CdpVersionFinder findNearestMatch
WARNING: Unable to find CDP implementation matching 129
Oct 11, 2024 9:54:00 AM org.openqa.selenium.chromium.ChromiumDriver lambda$new$5
WARNING: Unable to find version of CDP to use for 129.0.6668.100. You may need to include a dependency on a specific version of the CDP using something similar to `org.seleniumhq.selenium:selenium-devtools-v86:4.11.0` where the version ("v86") matches the version of the chromium-based browser you're using and the version number of the artifact is the same as Selenium's.
]]></system-err>
  </testcase>
  <testcase name="runScenario[&quot;Successfully order placement multiple items with 1 keyword&quot;, &quot;Place order with search and apply valid promoCode&quot;](3)" classname="runners.TestRunnerPlaceOrderWithSearchAndApplyValiadPromoCode" time="55.406">
    <system-out><![CDATA[
Scenario: Successfully order placement multiple items with 1 keyword                     &amp#27;[90m# src/test/resources/features/PlaceOrders/PlaceOrderWithSearchAndApplyValiadPromoCode.feature:35&amp#27;[0m
[INFO] 11-10-2024 09:54:58 [LogUtils] - Before scenario
[INFO] 11-10-2024 09:54:58 [LogUtils] - Before Step
Launching Chrome browser...
[INFO] 11-10-2024 09:55:00 [LogUtils] - Driver in TestContext: ChromeDriver: chrome on windows (015d63695e69e4fe0f1f5d3400e2df98)
[INFO] 11-10-2024 09:55:02 [LogUtils] - Open URL: https://rahulshettyacademy.com/seleniumPractise/#/
  &amp#27;[32mGiven &amp#27;[0m&amp#27;[32mUser is on the product page &amp#27;[0m&amp#27;[32m&amp#27;[1m"https://rahulshettyacademy.com/seleniumPractise/#/"&amp#27;[0m &amp#27;[90m# stepdefinitions.StepsPlaceOrderWithSearchAndApplyValiadPromoCode.userIsOnTheProductPage(java.lang.String)&amp#27;[0m
[INFO] 11-10-2024 09:55:02 [LogUtils] - After step
[INFO] 11-10-2024 09:55:02 [LogUtils] - Before Step
[INFO] 11-10-2024 09:55:02 [LogUtils] - itemNameExpectedList: [Capsicum, Apple - 1 Kg]
[INFO] 11-10-2024 09:55:02 [LogUtils] - itemPriceExpectedList: [60, 72]
[INFO] 11-10-2024 09:55:02 [LogUtils] - qualityList: [1, 2]
[INFO] 11-10-2024 09:55:02 [LogUtils] - Verify element visible By.xpath: //input[@class='search-keyword']
[INFO] 11-10-2024 09:55:02 [LogUtils] - Clear value in textbox By.xpath: //input[@class='search-keyword']
[INFO] 11-10-2024 09:55:02 [LogUtils] - Verify element visible By.xpath: //input[@class='search-keyword']
[INFO] 11-10-2024 09:55:02 [LogUtils] - Set text Ap on By.xpath: //input[@class='search-keyword']
[INFO] 11-10-2024 09:55:03 [LogUtils] - Number of items in search result: 3
[INFO] 11-10-2024 09:55:03 [LogUtils] - Element existing
[INFO] 11-10-2024 09:55:03 [LogUtils] - Show information of list search Item result
[INFO] 11-10-2024 09:55:03 [LogUtils] - itemNameActual: Capsicum
[INFO] 11-10-2024 09:55:03 [LogUtils] - Verify Equals: Capsicum CONTAINS Ap
[INFO] 11-10-2024 09:55:03 [LogUtils] - Passed verify at line 45: in method searchItem - file ProductPage.java
[INFO] 11-10-2024 09:55:03 [LogUtils] - itemNameActual: Apple - 1 Kg
[INFO] 11-10-2024 09:55:03 [LogUtils] - Verify Equals: Apple - 1 Kg CONTAINS Ap
[INFO] 11-10-2024 09:55:03 [LogUtils] - Passed verify at line 45: in method searchItem - file ProductPage.java
[INFO] 11-10-2024 09:55:03 [LogUtils] - itemNameActual: Grapes - 1 Kg
[INFO] 11-10-2024 09:55:03 [LogUtils] - Verify Equals: Grapes - 1 Kg CONTAINS Ap
[INFO] 11-10-2024 09:55:03 [LogUtils] - Passed verify at line 45: in method searchItem - file ProductPage.java
searchItemResults: [[[ChromeDriver: chrome on windows (015d63695e69e4fe0f1f5d3400e2df98)] -> xpath: //div[@class='products']/div], [[ChromeDriver: chrome on windows (015d63695e69e4fe0f1f5d3400e2df98)] -> xpath: //div[@class='products']/div], [[ChromeDriver: chrome on windows (015d63695e69e4fe0f1f5d3400e2df98)] -> xpath: //div[@class='products']/div]]
[INFO] 11-10-2024 09:55:03 [LogUtils] - itemNameActual: Capsicum
[INFO] 11-10-2024 09:55:03 [LogUtils] - i: 0
[INFO] 11-10-2024 09:55:03 [LogUtils] - j: 0
[INFO] 11-10-2024 09:55:03 [LogUtils] - itemNameExpectedList.get(j): Capsicum
[INFO] 11-10-2024 09:55:03 [LogUtils] - Verify Equals: Capsicum CONTAINS Capsicum
[INFO] 11-10-2024 09:55:03 [LogUtils] - Passed verify at line 91: in method addToCards - file ProductPage.java
[INFO] 11-10-2024 09:55:03 [LogUtils] - itemPriceActual: 60
[INFO] 11-10-2024 09:55:03 [LogUtils] - Verify Equals: 60 = 60
[INFO] 11-10-2024 09:55:03 [LogUtils] - Passed verify at line 95: in method addToCards - file ProductPage.java
[INFO] 11-10-2024 09:55:03 [LogUtils] - Verify Equals: 1 = 1
[INFO] 11-10-2024 09:55:03 [LogUtils] - Passed verify at line 98: in method addToCards - file ProductPage.java
[INFO] 11-10-2024 09:55:04 [LogUtils] - Verify element visible By.xpath: //input[@class='quantity']
[INFO] 11-10-2024 09:55:04 [LogUtils] - Verify element visible By.xpath: //input[@class='quantity']
[INFO] 11-10-2024 09:55:04 [LogUtils] - Clear and Fill 1 on By.xpath: //input[@class='quantity']
[INFO] 11-10-2024 09:55:05 [LogUtils] - Verify element visible By.xpath: //tbody/tr[1]/td[3]
[INFO] 11-10-2024 09:55:05 [LogUtils] - Get text from By.xpath: //tbody/tr[1]/td[3] is: 0
[INFO] 11-10-2024 09:55:05 [LogUtils] - Value from table at row 1 column 3 is 0
86: 0
[INFO] 11-10-2024 09:55:06 [LogUtils] - Verify element visible By.xpath: //tbody/tr[2]/td[3]
[INFO] 11-10-2024 09:55:06 [LogUtils] - Get text from By.xpath: //tbody/tr[2]/td[3] is: 0
[INFO] 11-10-2024 09:55:06 [LogUtils] - Value from table at row 2 column 3 is 0
87: 0
[INFO] 11-10-2024 09:55:07 [LogUtils] - Verify element visible By.xpath: //tbody/tr[1]/td[3]
[INFO] 11-10-2024 09:55:07 [LogUtils] - Get text from By.xpath: //tbody/tr[1]/td[3] is: 0
[INFO] 11-10-2024 09:55:07 [LogUtils] - Value from table at row 1 column 3 is 0
[INFO] 11-10-2024 09:55:08 [LogUtils] - Verify element visible By.xpath: //tbody/tr[2]/td[3]
[INFO] 11-10-2024 09:55:08 [LogUtils] - Get text from By.xpath: //tbody/tr[2]/td[3] is: 0
[INFO] 11-10-2024 09:55:08 [LogUtils] - Value from table at row 2 column 3 is 0
99: 0
[INFO] 11-10-2024 09:55:09 [LogUtils] - Verify element visible By.xpath: //tbody/tr[1]/td[3]
[INFO] 11-10-2024 09:55:09 [LogUtils] - Get text from By.xpath: //tbody/tr[1]/td[3] is: 1
[INFO] 11-10-2024 09:55:09 [LogUtils] - Value from table at row 1 column 3 is 1
109: {}
itemInCart.keySet().contains(itemNameActual): false
113: {Capsicum=1}
[INFO] 11-10-2024 09:55:09 [LogUtils] - Verify Equals: 1 = 1
[INFO] 11-10-2024 09:55:09 [LogUtils] - Passed verify at line 128: in method addToCards - file ProductPage.java
[INFO] 11-10-2024 09:55:10 [LogUtils] - Verify element visible By.xpath: //tbody/tr[2]/td[3]
[INFO] 11-10-2024 09:55:10 [LogUtils] - Get text from By.xpath: //tbody/tr[2]/td[3] is: 60
[INFO] 11-10-2024 09:55:10 [LogUtils] - Value from table at row 2 column 3 is 60
[INFO] 11-10-2024 09:55:10 [LogUtils] - Verify Equals: 60 = 60
[INFO] 11-10-2024 09:55:10 [LogUtils] - Passed verify at line 132: in method addToCards - file ProductPage.java
[INFO] 11-10-2024 09:55:10 [LogUtils] - itemNameActual: Apple - 1 Kg
[INFO] 11-10-2024 09:55:10 [LogUtils] - i: 1
[INFO] 11-10-2024 09:55:10 [LogUtils] - j: 1
[INFO] 11-10-2024 09:55:10 [LogUtils] - itemNameExpectedList.get(j): Apple - 1 Kg
[INFO] 11-10-2024 09:55:10 [LogUtils] - Verify Equals: Apple - 1 Kg CONTAINS Apple - 1 Kg
[INFO] 11-10-2024 09:55:10 [LogUtils] - Passed verify at line 91: in method addToCards - file ProductPage.java
[INFO] 11-10-2024 09:55:10 [LogUtils] - itemPriceActual: 72
[INFO] 11-10-2024 09:55:10 [LogUtils] - Verify Equals: 72 = 72
[INFO] 11-10-2024 09:55:10 [LogUtils] - Passed verify at line 95: in method addToCards - file ProductPage.java
[INFO] 11-10-2024 09:55:10 [LogUtils] - Verify Equals: 1 = 1
[INFO] 11-10-2024 09:55:10 [LogUtils] - Passed verify at line 98: in method addToCards - file ProductPage.java
[INFO] 11-10-2024 09:55:10 [LogUtils] - Verify element visible By.xpath: //input[@class='quantity']
[INFO] 11-10-2024 09:55:10 [LogUtils] - Verify element visible By.xpath: //input[@class='quantity']
[INFO] 11-10-2024 09:55:11 [LogUtils] - Clear and Fill 2 on By.xpath: //input[@class='quantity']
[INFO] 11-10-2024 09:55:12 [LogUtils] - Verify element visible By.xpath: //tbody/tr[1]/td[3]
[INFO] 11-10-2024 09:55:12 [LogUtils] - Get text from By.xpath: //tbody/tr[1]/td[3] is: 1
[INFO] 11-10-2024 09:55:12 [LogUtils] - Value from table at row 1 column 3 is 1
86: 1
[INFO] 11-10-2024 09:55:13 [LogUtils] - Verify element visible By.xpath: //tbody/tr[2]/td[3]
[INFO] 11-10-2024 09:55:13 [LogUtils] - Get text from By.xpath: //tbody/tr[2]/td[3] is: 60
[INFO] 11-10-2024 09:55:13 [LogUtils] - Value from table at row 2 column 3 is 60
87: 60
[INFO] 11-10-2024 09:55:14 [LogUtils] - Verify element visible By.xpath: //tbody/tr[1]/td[3]
[INFO] 11-10-2024 09:55:14 [LogUtils] - Get text from By.xpath: //tbody/tr[1]/td[3] is: 1
[INFO] 11-10-2024 09:55:14 [LogUtils] - Value from table at row 1 column 3 is 1
[INFO] 11-10-2024 09:55:15 [LogUtils] - Verify element visible By.xpath: //tbody/tr[2]/td[3]
[INFO] 11-10-2024 09:55:15 [LogUtils] - Get text from By.xpath: //tbody/tr[2]/td[3] is: 60
[INFO] 11-10-2024 09:55:15 [LogUtils] - Value from table at row 2 column 3 is 60
99: 1
[INFO] 11-10-2024 09:55:16 [LogUtils] - Verify element visible By.xpath: //tbody/tr[1]/td[3]
[INFO] 11-10-2024 09:55:16 [LogUtils] - Get text from By.xpath: //tbody/tr[1]/td[3] is: 2
[INFO] 11-10-2024 09:55:16 [LogUtils] - Value from table at row 1 column 3 is 2
109: {Capsicum=1}
itemInCart.keySet().contains(itemNameActual): false
113: {Capsicum=1, Apple - 1 Kg=2}
[INFO] 11-10-2024 09:55:16 [LogUtils] - Verify Equals: 2 = 2
[INFO] 11-10-2024 09:55:16 [LogUtils] - Passed verify at line 128: in method addToCards - file ProductPage.java
[INFO] 11-10-2024 09:55:17 [LogUtils] - Verify element visible By.xpath: //tbody/tr[2]/td[3]
[INFO] 11-10-2024 09:55:17 [LogUtils] - Get text from By.xpath: //tbody/tr[2]/td[3] is: 204
[INFO] 11-10-2024 09:55:17 [LogUtils] - Value from table at row 2 column 3 is 204
[INFO] 11-10-2024 09:55:17 [LogUtils] - Verify Equals: 204 = 204
[INFO] 11-10-2024 09:55:17 [LogUtils] - Passed verify at line 132: in method addToCards - file ProductPage.java
[INFO] 11-10-2024 09:55:17 [LogUtils] - itemInCart: {Capsicum=1, Apple - 1 Kg=2}
[INFO] 11-10-2024 09:55:17 [LogUtils] - Verify element visible By.xpath: //a[@class='cart-icon']
[INFO] 11-10-2024 09:55:17 [LogUtils] - Clicked on the element By.xpath: //a[@class='cart-icon']
[INFO] 11-10-2024 09:55:19 [LogUtils] - Verify element visible By.xpath: //button[text()='PROCEED TO CHECKOUT']
[INFO] 11-10-2024 09:55:19 [LogUtils] - Product NameCapsicum
[INFO] 11-10-2024 09:55:19 [LogUtils] - itemNameExpected: Capsicum
[INFO] 11-10-2024 09:55:19 [LogUtils] - Verify Equals: 60 = 60
[INFO] 11-10-2024 09:55:19 [LogUtils] - Passed verify at line 158: in method verifyProceedToCheckoutPopupPage - file ProductPage.java
[INFO] 11-10-2024 09:55:19 [LogUtils] - Verify Equals: 60 = 60
[INFO] 11-10-2024 09:55:19 [LogUtils] - Passed verify at line 159: in method verifyProceedToCheckoutPopupPage - file ProductPage.java
[INFO] 11-10-2024 09:55:19 [LogUtils] - Verify TRUE: true
[INFO] 11-10-2024 09:55:19 [LogUtils] - Passed verify at line 164: in method verifyProceedToCheckoutPopupPage - file ProductPage.java
[INFO] 11-10-2024 09:55:19 [LogUtils] - Product NameCapsicum
[INFO] 11-10-2024 09:55:19 [LogUtils] - itemNameExpected: Apple - 1 Kg
[INFO] 11-10-2024 09:55:20 [LogUtils] - Product NameApple - 1 Kg
[INFO] 11-10-2024 09:55:20 [LogUtils] - itemNameExpected: Apple - 1 Kg
[INFO] 11-10-2024 09:55:20 [LogUtils] - Verify Equals: 72 = 72
[INFO] 11-10-2024 09:55:20 [LogUtils] - Passed verify at line 158: in method verifyProceedToCheckoutPopupPage - file ProductPage.java
[INFO] 11-10-2024 09:55:20 [LogUtils] - Verify Equals: 144 = 144
[INFO] 11-10-2024 09:55:20 [LogUtils] - Passed verify at line 159: in method verifyProceedToCheckoutPopupPage - file ProductPage.java
[INFO] 11-10-2024 09:55:20 [LogUtils] - Verify TRUE: true
[INFO] 11-10-2024 09:55:20 [LogUtils] - Passed verify at line 164: in method verifyProceedToCheckoutPopupPage - file ProductPage.java
[INFO] 11-10-2024 09:55:20 [LogUtils] - Verify element visible By.xpath: //a[@class='cart-icon']
[INFO] 11-10-2024 09:55:20 [LogUtils] - Clicked on the element By.xpath: //a[@class='cart-icon']
[INFO] 11-10-2024 09:55:20 [LogUtils] - Verify element visible By.xpath: //a[@class='cart-icon']
[INFO] 11-10-2024 09:55:20 [LogUtils] - Clicked on the element By.xpath: //a[@class='cart-icon']
[INFO] 11-10-2024 09:55:20 [LogUtils] - Verify element visible By.xpath: //button[text()='PROCEED TO CHECKOUT']
[INFO] 11-10-2024 09:55:20 [LogUtils] - Clicked on the element By.xpath: //button[text()='PROCEED TO CHECKOUT']
  &amp#27;[32mWhen &amp#27;[0m&amp#27;[32mUser search products and add to cart&amp#27;[0m                                              &amp#27;[90m# stepdefinitions.StepsPlaceOrderWithSearchAndApplyValiadPromoCode.userSearchProductsAndAddToCart(io.cucumber.datatable.DataTable)&amp#27;[0m
    | search item | item                   | quality | price  | Price in Cart | promo code         | Discount | Apply code message | Country | Agree to the Terms & Conditions |
    | Ap          | Capsicum, Apple - 1 Kg | 1, 2    | 60, 72 | 60 , 144      | rahulshettyacademy | 10       | Code applied ..!   | Vietnam | yes                             |
[INFO] 11-10-2024 09:55:21 [LogUtils] - After step
[INFO] 11-10-2024 09:55:21 [LogUtils] - Before Step
[INFO] 11-10-2024 09:55:21 [LogUtils] - itemNameExpectedList: [Capsicum, Apple - 1 Kg]
[INFO] 11-10-2024 09:55:21 [LogUtils] - itemPriceExpectedList: [60, 72]
[INFO] 11-10-2024 09:55:21 [LogUtils] - qualityList: [1, 2]
[INFO] 11-10-2024 09:55:21 [LogUtils] - Verify element visible By.xpath: //tbody//td[5]/p
[INFO] 11-10-2024 09:55:21 [LogUtils] - totalRows size: 2
78 : 1
totalAmountCalculation 79 : 0
itemNameExpectedList.get(j) : Capsicum
[INFO] 11-10-2024 09:55:22 [LogUtils] - Verify element visible By.xpath: //tbody/tr[1]/td[2]
[INFO] 11-10-2024 09:55:22 [LogUtils] - Get text from By.xpath: //tbody/tr[1]/td[2] is: Capsicum
[INFO] 11-10-2024 09:55:22 [LogUtils] - Value from table at row 1 column 2 is Capsicum
WebUI.getValueOnTableByRowColumn(i, 2) : Capsicum
[INFO] 11-10-2024 09:55:23 [LogUtils] - Verify element visible By.xpath: //tbody/tr[1]/td[2]
[INFO] 11-10-2024 09:55:23 [LogUtils] - Get text from By.xpath: //tbody/tr[1]/td[2] is: Capsicum
[INFO] 11-10-2024 09:55:23 [LogUtils] - Value from table at row 1 column 2 is Capsicum
[INFO] 11-10-2024 09:55:24 [LogUtils] - Verify element visible By.xpath: //tbody/tr[1]/td[3]
[INFO] 11-10-2024 09:55:24 [LogUtils] - Get text from By.xpath: //tbody/tr[1]/td[3] is: 1
[INFO] 11-10-2024 09:55:24 [LogUtils] - Value from table at row 1 column 3 is 1
[INFO] 11-10-2024 09:55:24 [LogUtils] - Verify Equals: 1 = 1
[INFO] 11-10-2024 09:55:24 [LogUtils] - Passed verify at line 99: in method verifyPlaceOrderConfirmation - file PlaceOrderPage.java
[INFO] 11-10-2024 09:55:25 [LogUtils] - Verify element visible By.xpath: //tbody/tr[1]/td[4]
[INFO] 11-10-2024 09:55:25 [LogUtils] - Get text from By.xpath: //tbody/tr[1]/td[4] is: 60
[INFO] 11-10-2024 09:55:25 [LogUtils] - Value from table at row 1 column 4 is 60
[INFO] 11-10-2024 09:55:25 [LogUtils] - Verify Equals: 60 = 60
[INFO] 11-10-2024 09:55:25 [LogUtils] - Passed verify at line 100: in method verifyPlaceOrderConfirmation - file PlaceOrderPage.java
[INFO] 11-10-2024 09:55:26 [LogUtils] - Verify element visible By.xpath: //tbody/tr[1]/td[5]
[INFO] 11-10-2024 09:55:26 [LogUtils] - Get text from By.xpath: //tbody/tr[1]/td[5] is: 60
[INFO] 11-10-2024 09:55:26 [LogUtils] - Value from table at row 1 column 5 is 60
[INFO] 11-10-2024 09:55:26 [LogUtils] - Verify Equals: 60 = 60
[INFO] 11-10-2024 09:55:26 [LogUtils] - Passed verify at line 101: in method verifyPlaceOrderConfirmation - file PlaceOrderPage.java
78 : 2
totalAmountCalculation 79 : 60
itemNameExpectedList.get(j) : Capsicum
[INFO] 11-10-2024 09:55:27 [LogUtils] - Verify element visible By.xpath: //tbody/tr[2]/td[2]
[INFO] 11-10-2024 09:55:28 [LogUtils] - Get text from By.xpath: //tbody/tr[2]/td[2] is: Apple - 1 Kg
[INFO] 11-10-2024 09:55:28 [LogUtils] - Value from table at row 2 column 2 is Apple - 1 Kg
WebUI.getValueOnTableByRowColumn(i, 2) : Apple - 1 Kg
[INFO] 11-10-2024 09:55:29 [LogUtils] - Verify element visible By.xpath: //tbody/tr[2]/td[2]
[INFO] 11-10-2024 09:55:29 [LogUtils] - Get text from By.xpath: //tbody/tr[2]/td[2] is: Apple - 1 Kg
[INFO] 11-10-2024 09:55:29 [LogUtils] - Value from table at row 2 column 2 is Apple - 1 Kg
[INFO] 11-10-2024 09:55:29 [LogUtils] - Verify TRUE: true
[INFO] 11-10-2024 09:55:29 [LogUtils] - Passed verify at line 106: in method verifyPlaceOrderConfirmation - file PlaceOrderPage.java
78 : 1
totalAmountCalculation 79 : 60
itemNameExpectedList.get(j) : Apple - 1 Kg
[INFO] 11-10-2024 09:55:30 [LogUtils] - Verify element visible By.xpath: //tbody/tr[1]/td[2]
[INFO] 11-10-2024 09:55:30 [LogUtils] - Get text from By.xpath: //tbody/tr[1]/td[2] is: Capsicum
[INFO] 11-10-2024 09:55:30 [LogUtils] - Value from table at row 1 column 2 is Capsicum
WebUI.getValueOnTableByRowColumn(i, 2) : Capsicum
[INFO] 11-10-2024 09:55:31 [LogUtils] - Verify element visible By.xpath: //tbody/tr[1]/td[2]
[INFO] 11-10-2024 09:55:31 [LogUtils] - Get text from By.xpath: //tbody/tr[1]/td[2] is: Capsicum
[INFO] 11-10-2024 09:55:31 [LogUtils] - Value from table at row 1 column 2 is Capsicum
78 : 2
totalAmountCalculation 79 : 60
itemNameExpectedList.get(j) : Apple - 1 Kg
[INFO] 11-10-2024 09:55:32 [LogUtils] - Verify element visible By.xpath: //tbody/tr[2]/td[2]
[INFO] 11-10-2024 09:55:32 [LogUtils] - Get text from By.xpath: //tbody/tr[2]/td[2] is: Apple - 1 Kg
[INFO] 11-10-2024 09:55:32 [LogUtils] - Value from table at row 2 column 2 is Apple - 1 Kg
WebUI.getValueOnTableByRowColumn(i, 2) : Apple - 1 Kg
[INFO] 11-10-2024 09:55:33 [LogUtils] - Verify element visible By.xpath: //tbody/tr[2]/td[2]
[INFO] 11-10-2024 09:55:33 [LogUtils] - Get text from By.xpath: //tbody/tr[2]/td[2] is: Apple - 1 Kg
[INFO] 11-10-2024 09:55:33 [LogUtils] - Value from table at row 2 column 2 is Apple - 1 Kg
[INFO] 11-10-2024 09:55:34 [LogUtils] - Verify element visible By.xpath: //tbody/tr[2]/td[3]
[INFO] 11-10-2024 09:55:34 [LogUtils] - Get text from By.xpath: //tbody/tr[2]/td[3] is: 2
[INFO] 11-10-2024 09:55:34 [LogUtils] - Value from table at row 2 column 3 is 2
[INFO] 11-10-2024 09:55:34 [LogUtils] - Verify Equals: 2 = 2
[INFO] 11-10-2024 09:55:34 [LogUtils] - Passed verify at line 99: in method verifyPlaceOrderConfirmation - file PlaceOrderPage.java
[INFO] 11-10-2024 09:55:35 [LogUtils] - Verify element visible By.xpath: //tbody/tr[2]/td[4]
[INFO] 11-10-2024 09:55:35 [LogUtils] - Get text from By.xpath: //tbody/tr[2]/td[4] is: 72
[INFO] 11-10-2024 09:55:35 [LogUtils] - Value from table at row 2 column 4 is 72
[INFO] 11-10-2024 09:55:35 [LogUtils] - Verify Equals: 72 = 72
[INFO] 11-10-2024 09:55:35 [LogUtils] - Passed verify at line 100: in method verifyPlaceOrderConfirmation - file PlaceOrderPage.java
[INFO] 11-10-2024 09:55:36 [LogUtils] - Verify element visible By.xpath: //tbody/tr[2]/td[5]
[INFO] 11-10-2024 09:55:36 [LogUtils] - Get text from By.xpath: //tbody/tr[2]/td[5] is: 144
[INFO] 11-10-2024 09:55:36 [LogUtils] - Value from table at row 2 column 5 is 144
[INFO] 11-10-2024 09:55:36 [LogUtils] - Verify Equals: 144 = 144
[INFO] 11-10-2024 09:55:36 [LogUtils] - Passed verify at line 101: in method verifyPlaceOrderConfirmation - file PlaceOrderPage.java
[INFO] 11-10-2024 09:55:36 [LogUtils] - Verify TRUE: true
[INFO] 11-10-2024 09:55:36 [LogUtils] - Passed verify at line 106: in method verifyPlaceOrderConfirmation - file PlaceOrderPage.java
[INFO] 11-10-2024 09:55:36 [LogUtils] - Verify element visible By.xpath: //span[@class='totAmt']
[INFO] 11-10-2024 09:55:36 [LogUtils] - Get text from By.xpath: //span[@class='totAmt'] is: 204
[INFO] 11-10-2024 09:55:36 [LogUtils] - Verify Equals: 204 = 204
[INFO] 11-10-2024 09:55:36 [LogUtils] - Passed verify at line 112: in method verifyPlaceOrderConfirmation - file PlaceOrderPage.java
[INFO] 11-10-2024 09:55:36 [LogUtils] - Verify element visible By.xpath: //span[@class='discountPerc']
[INFO] 11-10-2024 09:55:36 [LogUtils] - Get text from By.xpath: //span[@class='discountPerc'] is: 0%
[INFO] 11-10-2024 09:55:36 [LogUtils] - Verify Equals: 0 = 0
[INFO] 11-10-2024 09:55:36 [LogUtils] - Passed verify at line 113: in method verifyPlaceOrderConfirmation - file PlaceOrderPage.java
[INFO] 11-10-2024 09:55:36 [LogUtils] - Verify element visible By.xpath: //span[@class='discountAmt']
[INFO] 11-10-2024 09:55:36 [LogUtils] - Get text from By.xpath: //span[@class='discountAmt'] is: 204
[INFO] 11-10-2024 09:55:36 [LogUtils] - Verify Equals: 204 = 204
[INFO] 11-10-2024 09:55:36 [LogUtils] - Passed verify at line 114: in method verifyPlaceOrderConfirmation - file PlaceOrderPage.java
[INFO] 11-10-2024 09:55:36 [LogUtils] - Promo Code: rahulshettyacademy
[INFO] 11-10-2024 09:55:36 [LogUtils] - Verify element visible By.xpath: //input[@class='promoCode']
[INFO] 11-10-2024 09:55:36 [LogUtils] - Verify element visible By.xpath: //input[@class='promoCode']
[INFO] 11-10-2024 09:55:36 [LogUtils] - Clear and Fill rahulshettyacademy on By.xpath: //input[@class='promoCode']
[INFO] 11-10-2024 09:55:37 [LogUtils] - Verify element visible By.xpath: //button[@class='promoBtn']
[INFO] 11-10-2024 09:55:37 [LogUtils] - Clicked on the element By.xpath: //button[@class='promoBtn']
[INFO] 11-10-2024 09:55:42 [LogUtils] - Verify element visible By.xpath: //span[@class='promoInfo']
[INFO] 11-10-2024 09:55:42 [LogUtils] - Verify element visible By.xpath: //span[@class='promoInfo']
[INFO] 11-10-2024 09:55:42 [LogUtils] - Get text from By.xpath: //span[@class='promoInfo'] is: Code applied ..!
[INFO] 11-10-2024 09:55:42 [LogUtils] - Verify text of an element [Equals]: true
[INFO] 11-10-2024 09:55:42 [LogUtils] - Verify element visible By.xpath: //span[@class='promoInfo']
[INFO] 11-10-2024 09:55:42 [LogUtils] - Get text from By.xpath: //span[@class='promoInfo'] is: Code applied ..!
[INFO] 11-10-2024 09:55:42 [LogUtils] - Verify element visible By.xpath: //span[@class='promoInfo']
[INFO] 11-10-2024 09:55:42 [LogUtils] - Get text from By.xpath: //span[@class='promoInfo'] is: Code applied ..!
[INFO] 11-10-2024 09:55:42 [LogUtils] - Verify element visible By.xpath: //span[@class='promoInfo']
[INFO] 11-10-2024 09:55:42 [LogUtils] - Get text from By.xpath: //span[@class='promoInfo'] is: Code applied ..!
[INFO] 11-10-2024 09:55:42 [LogUtils] - Verify element visible By.xpath: //span[@class='discountPerc']
[INFO] 11-10-2024 09:55:42 [LogUtils] - Get text from By.xpath: //span[@class='discountPerc'] is: 10%
[INFO] 11-10-2024 09:55:42 [LogUtils] - Verify Equals: 10 = 10
[INFO] 11-10-2024 09:55:42 [LogUtils] - Passed verify at line 120: in method verifyPlaceOrderConfirmation - file PlaceOrderPage.java
[INFO] 11-10-2024 09:55:42 [LogUtils] - Verify element visible By.xpath: //span[@class='totAmt']
[INFO] 11-10-2024 09:55:42 [LogUtils] - Get text from By.xpath: //span[@class='totAmt'] is: 204
[INFO] 11-10-2024 09:55:42 [LogUtils] - Verify Equals: 204 = 204
[INFO] 11-10-2024 09:55:42 [LogUtils] - Passed verify at line 121: in method verifyPlaceOrderConfirmation - file PlaceOrderPage.java
[INFO] 11-10-2024 09:55:42 [LogUtils] - Verify element visible By.xpath: //span[@class='totAmt']
[INFO] 11-10-2024 09:55:42 [LogUtils] - Get text from By.xpath: //span[@class='totAmt'] is: 204
[INFO] 11-10-2024 09:55:42 [LogUtils] - Verify Equals: 204 = 204
[INFO] 11-10-2024 09:55:42 [LogUtils] - Passed verify at line 122: in method verifyPlaceOrderConfirmation - file PlaceOrderPage.java
[INFO] 11-10-2024 09:55:42 [LogUtils] - Verify element visible By.xpath: //span[@class='discountAmt']
[INFO] 11-10-2024 09:55:42 [LogUtils] - Get text from By.xpath: //span[@class='discountAmt'] is: 183.6
[INFO] 11-10-2024 09:55:42 [LogUtils] - Verify Equals: 183.6 = 183.6
[INFO] 11-10-2024 09:55:42 [LogUtils] - Passed verify at line 129: in method verifyPlaceOrderConfirmation - file PlaceOrderPage.java
[INFO] 11-10-2024 09:55:42 [LogUtils] - Verify element visible By.xpath: //button[text()='Place Order']
[INFO] 11-10-2024 09:55:42 [LogUtils] - Clicked on the element By.xpath: //button[text()='Place Order']
  &amp#27;[32mAnd &amp#27;[0m&amp#27;[32mThe user proceeds to checkout and apply promoCode&amp#27;[0m                                  &amp#27;[90m# stepdefinitions.StepsPlaceOrderWithSearchAndApplyValiadPromoCode.theUserProceedsToCheckoutAndApplyPromoCode(io.cucumber.datatable.DataTable)&amp#27;[0m
    | search item | item                   | quality | price  | Price in Cart | promo code         | Discount | Apply code message | Country | Agree to the Terms & Conditions |
    | Ap          | Capsicum, Apple - 1 Kg | 1, 2    | 60, 72 | 60 , 144      | rahulshettyacademy | 10       | Code applied ..!   | Vietnam | yes                             |
[INFO] 11-10-2024 09:55:42 [LogUtils] - After step
[INFO] 11-10-2024 09:55:42 [LogUtils] - Before Step
[INFO] 11-10-2024 09:55:42 [LogUtils] - Select Option by Text: Vietnam
  &amp#27;[32mAnd &amp#27;[0m&amp#27;[32mThe user enter country &amp#27;[0m&amp#27;[32m&amp#27;[1m"Vietnam"&amp#27;[0m                                                   &amp#27;[90m# stepdefinitions.StepsPlaceOrderWithSearchAndApplyValiadPromoCode.theUserEnterCountry(java.lang.String)&amp#27;[0m
[INFO] 11-10-2024 09:55:43 [LogUtils] - After step
[INFO] 11-10-2024 09:55:43 [LogUtils] - Before Step
[INFO] 11-10-2024 09:55:43 [LogUtils] - Verify element visible By.xpath: //input[@class='chkAgree']
[INFO] 11-10-2024 09:55:43 [LogUtils] - Clicked on the element By.xpath: //input[@class='chkAgree']
  &amp#27;[32mAnd &amp#27;[0m&amp#27;[32mThe user agree terms conditions&amp#27;[0m                                                    &amp#27;[90m# stepdefinitions.StepsPlaceOrderWithSearchAndApplyValiadPromoCode.theUserAgreeTermsConditions()&amp#27;[0m
[INFO] 11-10-2024 09:55:43 [LogUtils] - After step
[INFO] 11-10-2024 09:55:43 [LogUtils] - Before Step
[INFO] 11-10-2024 09:55:43 [LogUtils] - Verify element visible By.xpath: //button[contains(text(),'Proceed')]
[INFO] 11-10-2024 09:55:43 [LogUtils] - Clicked on the element By.xpath: //button[contains(text(),'Proceed')]
  &amp#27;[32mAnd &amp#27;[0m&amp#27;[32mThe user confirm order&amp#27;[0m                                                             &amp#27;[90m# stepdefinitions.StepsPlaceOrderWithSearchAndApplyValiadPromoCode.theUserConfirmOrder()&amp#27;[0m
[INFO] 11-10-2024 09:55:43 [LogUtils] - After step
[INFO] 11-10-2024 09:55:43 [LogUtils] - Before Step
  &amp#27;[32mThen &amp#27;[0m&amp#27;[32mThe user should see the order confirmation message&amp#27;[0m                                &amp#27;[90m# stepdefinitions.StepsPlaceOrderWithSearchAndApplyValiadPromoCode.theUserShouldSeeTheOrderConfirmationMessage()&amp#27;[0m
[INFO] 11-10-2024 09:55:43 [LogUtils] - After step
[INFO] 11-10-2024 09:55:43 [LogUtils] - After scenario
Closing browser...
Debug 80: ChromeDriver: chrome on windows (015d63695e69e4fe0f1f5d3400e2df98)
]]></system-out>
    <system-err><![CDATA[[main] INFO io.github.bonigarcia.wdm.WebDriverManager - Using chromedriver 129.0.6668.100 (resolved driver for Chrome 129)
[main] INFO io.github.bonigarcia.wdm.WebDriverManager - Exporting webdriver.chrome.driver as C:\Users\admin\.cache\selenium\chromedriver\win64\129.0.6668.100\chromedriver.exe
Oct 11, 2024 9:55:00 AM org.openqa.selenium.devtools.CdpVersionFinder findNearestMatch
WARNING: Unable to find CDP implementation matching 129
Oct 11, 2024 9:55:00 AM org.openqa.selenium.chromium.ChromiumDriver lambda$new$5
WARNING: Unable to find version of CDP to use for 129.0.6668.100. You may need to include a dependency on a specific version of the CDP using something similar to `org.seleniumhq.selenium:selenium-devtools-v86:4.11.0` where the version ("v86") matches the version of the chromium-based browser you're using and the version number of the artifact is the same as Selenium's.
]]></system-err>
  </testcase>
  <testcase name="runScenario[&quot;Place order with search and apply invalid promocode&quot;, &quot;Place order with search and apply invalid promocode&quot;](1)" classname="runners.TestRunnerPlaceOrderWithSearchAndApplyInValiadPromoCode" time="39.035">
    <system-out><![CDATA[[INFO] 11-10-2024 09:55:53 [LogUtils] - ----------------After All--------------------
[...]
WARNING: Unable to find CDP implementation matching 129
Oct 11, 2024 9:55:57 AM org.openqa.selenium.chromium.ChromiumDriver lambda$new$5
WARNING: Unable to find version of CDP to use for 129.0.6668.100. You may need to include a dependency on a specific version of the CDP using something similar to `org.seleniumhq.selenium:selenium-devtools-v86:4.11.0` where the version ("v86") matches the version of the chromium-based browser you're using and the version number of the artifact is the same as Selenium's.
]]></system-err>
  </testcase>
  <testcase name="runScenario[&quot;Successfully place order with search&quot;, &quot;Place oder with search&quot;](1)" classname="runners.TestRunnerPlaceOrderWithSearch" time="32.717">
    <system-out><![CDATA[[INFO] 11-10-2024 09:56:36 [LogUtils] - ----------------After All--------------------
[INFO] 11-10-2024 09:56:36 [LogUtils] - count_totalTCs: 4
[INFO] 11-10-2024 09:56:36 [LogUtils] - count_passedTCs: 4
[INFO] 11-10-2024 09:56:36 [LogUtils] - count_failedTCs: 0
[INFO] 11-10-2024 09:56:36 [LogUtils] - count_skippedTCs: 0
[INFO] 11-10-2024 09:56:38 [LogUtils] - ----------------Before All-------------------
[INFO] 11-10-2024 09:56:38 [LogUtils] - Loaded all properties files.
[INFO] 11-10-2024 09:56:38 [LogUtils] - {TARGET=local, RETRY_TEST_FAIL=1, TELEGRAM_CHATID=, OVERRIDE_REPORTS=yes, SEND_REPORT_TO_TELEGRAM=no, SEND_EMAIL_TO_USERS=yes, ZIP_FOLDER_NAME=ExtentReports.zip, WAIT_DEFAULT=5, ADMIN_PASSWORD=123456, TELEGRAM_TOKEN=, CMS_DATA_FILE=src/test/resources/datatest/CMS.xlsx, VIDEO_RECORD=yes, SCREENSHOT_ALL_STEPS=no, EXTENT_REPORT_NAME=ExtentReports, EXPORT_VIDEO_PATH=ExportData/Videos, EXPORT_CAPTURE_PATH=ExportData/Images, WAIT_PAGE_LOADED=40, SCREENSHOT_PASSED_STEPS=yes, EXTENT_REPORT_FOLDER=reports/ExtentReports, WAIT_EXPLICIT=10, BROWSER=chrome, SCREENSHOT_SKIPPED_STEPS=yes, REPORT_TITLE=Report | Automation Framework Selenium, AUTHOR=Tester, WAIT_IMPLICIT=20, PROJECT_NAME=Automation Framework Selenium, URL=https://cms.anhtester.com/admin, HEADLESS=false, SCREENSHOT_FAILED_STEPS=yes, ACTIVE_PAGE_LOADED=true, WAIT_SLEEP_STEP=0, OPEN_REPORTS_AFTER_EXECUTION=no, ZIP_FOLDER_PATH=reports/ExtentReports, LOCATE=vi, ADMIN_EMAIL=admin@example.com, ZIP_FOLDER=no}

Scenario: Successfully place order with search                                           &amp#27;[90m# src/test/resources/features/PlaceOrders/PlaceOrderWithSearch.feature:4&amp#27;[0m
[INFO] 11-10-2024 09:56:38 [LogUtils] - Before scenario
[INFO] 11-10-2024 09:56:38 [LogUtils] - Before Step
Launching Chrome browser...
[INFO] 11-10-2024 09:56:38 [LogUtils] - Driver in TestContext: ChromeDriver: chrome on windows (ffe969221b1674abb1eab45818aa5729)
[INFO] 11-10-2024 09:56:41 [LogUtils] - Open URL: https://rahulshettyacademy.com/seleniumPractise/#/
  &amp#27;[32mGiven &amp#27;[0m&amp#27;[32mUser is on the product page &amp#27;[0m&amp#27;[32m&amp#27;[1m"https://rahulshettyacademy.com/seleniumPractise/#/"&amp#27;[0m &amp#27;[90m# stepdefinitions.StepsPlaceOrderWithSearchAndApplyValiadPromoCode.userIsOnTheProductPage(java.lang.String)&amp#27;[0m
[INFO] 11-10-2024 09:56:41 [LogUtils] - After step
[INFO] 11-10-2024 09:56:41 [LogUtils] - Before Step
[INFO] 11-10-2024 09:56:41 [LogUtils] - itemNameExpectedList: [Raspberry - 1/4 Kg]
[INFO] 11-10-2024 09:56:41 [LogUtils] - itemPriceExpectedList: [160]
[INFO] 11-10-2024 09:56:41 [LogUtils] - qualityList: [1]
[INFO] 11-10-2024 09:56:41 [LogUtils] - Verify element visible By.xpath: //input[@class='search-keyword']
[INFO] 11-10-2024 09:56:41 [LogUtils] - Clear value in textbox By.xpath: //input[@class='search-keyword']
[INFO] 11-10-2024 09:56:41 [LogUtils] - Verify element visible By.xpath: //input[@class='search-keyword']
[INFO] 11-10-2024 09:56:42 [LogUtils] - Set text Raspberry - 1/4 Kg on By.xpath: //input[@class='search-keyword']
[INFO] 11-10-2024 09:56:43 [LogUtils] - Number of items in search result: 1
[INFO] 11-10-2024 09:56:43 [LogUtils] - Element existing
[INFO] 11-10-2024 09:56:43 [LogUtils] - Show information of list search Item result
[INFO] 11-10-2024 09:56:43 [LogUtils] - itemNameActual: Raspberry - 1/4 Kg
[INFO] 11-10-2024 09:56:43 [LogUtils] - Verify Equals: Raspberry - 1/4 Kg CONTAINS Raspberry - 1/4 Kg
[INFO] 11-10-2024 09:56:43 [LogUtils] - Passed verify at line 45: in method searchItem - file ProductPage.java
searchItemResults: [[[ChromeDriver: chrome on windows (ffe969221b1674abb1eab45818aa5729)] -> xpath: //div[@class='products']/div]]
[INFO] 11-10-2024 09:56:43 [LogUtils] - itemNameActual: Raspberry - 1/4 Kg
[INFO] 11-10-2024 09:56:43 [LogUtils] - i: 0
[INFO] 11-10-2024 09:56:43 [LogUtils] - j: 0
[INFO] 11-10-2024 09:56:43 [LogUtils] - itemNameExpectedList.get(j): Raspberry - 1/4 Kg
[INFO] 11-10-2024 09:56:43 [LogUtils] - Verify Equals: Raspberry - 1/4 Kg CONTAINS Raspberry - 1/4 Kg
[INFO] 11-10-2024 09:56:43 [LogUtils] - Passed verify at line 91: in method addToCards - file ProductPage.java
[INFO] 11-10-2024 09:56:43 [LogUtils] - itemPriceActual: 160
[INFO] 11-10-2024 09:56:43 [LogUtils] - Verify Equals: 160 = 160
[INFO] 11-10-2024 09:56:43 [LogUtils] - Passed verify at line 95: in method addToCards - file ProductPage.java
[INFO] 11-10-2024 09:56:43 [LogUtils] - Verify Equals: 1 = 1
[INFO] 11-10-2024 09:56:43 [LogUtils] - Passed verify at line 98: in method addToCards - file ProductPage.java
[INFO] 11-10-2024 09:56:44 [LogUtils] - Verify element visible By.xpath: //tbody/tr[1]/td[3]
[INFO] 11-10-2024 09:56:44 [LogUtils] - Get text from By.xpath: //tbody/tr[1]/td[3] is: 0
[INFO] 11-10-2024 09:56:44 [LogUtils] - Value from table at row 1 column 3 is 0
86: 0
[INFO] 11-10-2024 09:56:45 [LogUtils] - Verify element visible By.xpath: //tbody/tr[2]/td[3]
[INFO] 11-10-2024 09:56:45 [LogUtils] - Get text from By.xpath: //tbody/tr[2]/td[3] is: 0
[INFO] 11-10-2024 09:56:45 [LogUtils] - Value from table at row 2 column 3 is 0
87: 0
[INFO] 11-10-2024 09:56:46 [LogUtils] - Verify element visible By.xpath: //tbody/tr[1]/td[3]
[INFO] 11-10-2024 09:56:46 [LogUtils] - Get text from By.xpath: //tbody/tr[1]/td[3] is: 0
[INFO] 11-10-2024 09:56:46 [LogUtils] - Value from table at row 1 column 3 is 0
[INFO] 11-10-2024 09:56:47 [LogUtils] - Verify element visible By.xpath: //tbody/tr[2]/td[3]
[INFO] 11-10-2024 09:56:47 [LogUtils] - Get text from By.xpath: //tbody/tr[2]/td[3] is: 0
[INFO] 11-10-2024 09:56:47 [LogUtils] - Value from table at row 2 column 3 is 0
99: 0
[INFO] 11-10-2024 09:56:48 [LogUtils] - Verify element visible By.xpath: //tbody/tr[1]/td[3]
[INFO] 11-10-2024 09:56:48 [LogUtils] - Get text from By.xpath: //tbody/tr[1]/td[3] is: 1
[INFO] 11-10-2024 09:56:48 [LogUtils] - Value from table at row 1 column 3 is 1
109: {}
itemInCart.keySet().contains(itemNameActual): false
113: {Raspberry - 1/4 Kg=1}
[INFO] 11-10-2024 09:56:48 [LogUtils] - Verify Equals: 1 = 1
[INFO] 11-10-2024 09:56:48 [LogUtils] - Passed verify at line 128: in method addToCards - file ProductPage.java
[INFO] 11-10-2024 09:56:49 [LogUtils] - Verify element visible By.xpath: //tbody/tr[2]/td[3]
[INFO] 11-10-2024 09:56:49 [LogUtils] - Get text from By.xpath: //tbody/tr[2]/td[3] is: 160
[INFO] 11-10-2024 09:56:49 [LogUtils] - Value from table at row 2 column 3 is 160
[INFO] 11-10-2024 09:56:49 [LogUtils] - Verify Equals: 160 = 160
[INFO] 11-10-2024 09:56:49 [LogUtils] - Passed verify at line 132: in method addToCards - file ProductPage.java
[INFO] 11-10-2024 09:56:49 [LogUtils] - itemInCart: {Raspberry - 1/4 Kg=1}
[INFO] 11-10-2024 09:56:49 [LogUtils] - Verify element visible By.xpath: //a[@class='cart-icon']
[INFO] 11-10-2024 09:56:49 [LogUtils] - Clicked on the element By.xpath: //a[@class='cart-icon']
[INFO] 11-10-2024 09:56:52 [LogUtils] - Verify element visible By.xpath: //button[text()='PROCEED TO CHECKOUT']
[INFO] 11-10-2024 09:56:52 [LogUtils] - Product NameRaspberry - 1/4 Kg
[INFO] 11-10-2024 09:56:52 [LogUtils] - itemNameExpected: Raspberry - 1/4 Kg
[INFO] 11-10-2024 09:56:52 [LogUtils] - Verify Equals: 160 = 160
[INFO] 11-10-2024 09:56:52 [LogUtils] - Passed verify at line 158: in method verifyProceedToCheckoutPopupPage - file ProductPage.java
[INFO] 11-10-2024 09:56:52 [LogUtils] - Verify Equals: 160 = 160
[INFO] 11-10-2024 09:56:52 [LogUtils] - Passed verify at line 159: in method verifyProceedToCheckoutPopupPage - file ProductPage.java
[INFO] 11-10-2024 09:56:52 [LogUtils] - Verify TRUE: true
[INFO] 11-10-2024 09:56:52 [LogUtils] - Passed verify at line 164: in method verifyProceedToCheckoutPopupPage - file ProductPage.java
[INFO] 11-10-2024 09:56:52 [LogUtils] - Verify element visible By.xpath: //a[@class='cart-icon']
[INFO] 11-10-2024 09:56:52 [LogUtils] - Clicked on the element By.xpath: //a[@class='cart-icon']
[INFO] 11-10-2024 09:56:52 [LogUtils] - Verify element visible By.xpath: //a[@class='cart-icon']
[INFO] 11-10-2024 09:56:52 [LogUtils] - Clicked on the element By.xpath: //a[@class='cart-icon']
[INFO] 11-10-2024 09:56:52 [LogUtils] - Verify element visible By.xpath: //button[text()='PROCEED TO CHECKOUT']
[INFO] 11-10-2024 09:56:52 [LogUtils] - Clicked on the element By.xpath: //button[text()='PROCEED TO CHECKOUT']
  &amp#27;[32mWhen &amp#27;[0m&amp#27;[32mUser search products and add to cart&amp#27;[0m                                              &amp#27;[90m# stepdefinitions.StepsPlaceOrderWithSearchAndApplyValiadPromoCode.userSearchProductsAndAddToCart(io.cucumber.datatable.DataTable)&amp#27;[0m
    | search item        | item               | quality | price | Price in Cart | promo code | Discount | Apply code message | Country  | Agree to the Terms & Conditions |
    | Raspberry - 1/4 Kg | Raspberry - 1/4 Kg | 1       | 160   | 160           | [empty]    | 0        | [empty]            | Viet Nam | yes                             |
[INFO] 11-10-2024 09:56:53 [LogUtils] - After step
[INFO] 11-10-2024 09:56:53 [LogUtils] - Before Step
[INFO] 11-10-2024 09:56:53 [LogUtils] - itemNameExpectedList: [Raspberry - 1/4 Kg]
[INFO] 11-10-2024 09:56:53 [LogUtils] - itemPriceExpectedList: [160]
[INFO] 11-10-2024 09:56:53 [LogUtils] - qualityList: [1]
[INFO] 11-10-2024 09:56:53 [LogUtils] - Verify element visible By.xpath: //tbody//td[5]/p
[INFO] 11-10-2024 09:56:53 [LogUtils] - totalRows size: 1
78 : 1
totalAmountCalculation 79 : 0
itemNameExpectedList.get(j) : Raspberry - 1/4 Kg
[INFO] 11-10-2024 09:56:54 [LogUtils] - Verify element visible By.xpath: //tbody/tr[1]/td[2]
[INFO] 11-10-2024 09:56:54 [LogUtils] - Get text from By.xpath: //tbody/tr[1]/td[2] is: Raspberry - 1/4 Kg
[INFO] 11-10-2024 09:56:54 [LogUtils] - Value from table at row 1 column 2 is Raspberry - 1/4 Kg
WebUI.getValueOnTableByRowColumn(i, 2) : Raspberry - 1/4 Kg
[INFO] 11-10-2024 09:56:55 [LogUtils] - Verify element visible By.xpath: //tbody/tr[1]/td[2]
[INFO] 11-10-2024 09:56:55 [LogUtils] - Get text from By.xpath: //tbody/tr[1]/td[2] is: Raspberry - 1/4 Kg
[INFO] 11-10-2024 09:56:55 [LogUtils] - Value from table at row 1 column 2 is Raspberry - 1/4 Kg
[INFO] 11-10-2024 09:56:56 [LogUtils] - Verify element visible By.xpath: //tbody/tr[1]/td[3]
[INFO] 11-10-2024 09:56:56 [LogUtils] - Get text from By.xpath: //tbody/tr[1]/td[3] is: 1
[INFO] 11-10-2024 09:56:56 [LogUtils] - Value from table at row 1 column 3 is 1
[INFO] 11-10-2024 09:56:56 [LogUtils] - Verify Equals: 1 = 1
[INFO] 11-10-2024 09:56:56 [LogUtils] - Passed verify at line 99: in method verifyPlaceOrderConfirmation - file PlaceOrderPage.java
[INFO] 11-10-2024 09:56:57 [LogUtils] - Verify element visible By.xpath: //tbody/tr[1]/td[4]
[INFO] 11-10-2024 09:56:57 [LogUtils] - Get text from By.xpath: //tbody/tr[1]/td[4] is: 160
[INFO] 11-10-2024 09:56:57 [LogUtils] - Value from table at row 1 column 4 is 160
[INFO] 11-10-2024 09:56:57 [LogUtils] - Verify Equals: 160 = 160
[INFO] 11-10-2024 09:56:57 [LogUtils] - Passed verify at line 100: in method verifyPlaceOrderConfirmation - file PlaceOrderPage.java
[INFO] 11-10-2024 09:56:59 [LogUtils] - Verify element visible By.xpath: //tbody/tr[1]/td[5]
[INFO] 11-10-2024 09:56:59 [LogUtils] - Get text from By.xpath: //tbody/tr[1]/td[5] is: 160
[INFO] 11-10-2024 09:56:59 [LogUtils] - Value from table at row 1 column 5 is 160
[INFO] 11-10-2024 09:56:59 [LogUtils] - Verify Equals: 160 = 160
[INFO] 11-10-2024 09:56:59 [LogUtils] - Passed verify at line 101: in method verifyPlaceOrderConfirmation - file PlaceOrderPage.java
[INFO] 11-10-2024 09:56:59 [LogUtils] - Verify TRUE: true
[INFO] 11-10-2024 09:56:59 [LogUtils] - Passed verify at line 106: in method verifyPlaceOrderConfirmation - file PlaceOrderPage.java
[INFO] 11-10-2024 09:56:59 [LogUtils] - Verify element visible By.xpath: //span[@class='totAmt']
[INFO] 11-10-2024 09:56:59 [LogUtils] - Get text from By.xpath: //span[@class='totAmt'] is: 160
[INFO] 11-10-2024 09:56:59 [LogUtils] - Verify Equals: 160 = 160
[INFO] 11-10-2024 09:56:59 [LogUtils] - Passed verify at line 112: in method verifyPlaceOrderConfirmation - file PlaceOrderPage.java
[INFO] 11-10-2024 09:56:59 [LogUtils] - Verify element visible By.xpath: //span[@class='discountPerc']
[INFO] 11-10-2024 09:56:59 [LogUtils] - Get text from By.xpath: //span[@class='discountPerc'] is: 0%
[INFO] 11-10-2024 09:56:59 [LogUtils] - Verify Equals: 0 = 0
[INFO] 11-10-2024 09:56:59 [LogUtils] - Passed verify at line 113: in method verifyPlaceOrderConfirmation - file PlaceOrderPage.java
[INFO] 11-10-2024 09:56:59 [LogUtils] - Verify element visible By.xpath: //span[@class='discountAmt']
[INFO] 11-10-2024 09:56:59 [LogUtils] - Get text from By.xpath: //span[@class='discountAmt'] is: 160
[INFO] 11-10-2024 09:56:59 [LogUtils] - Verify Equals: 160 = 160
[INFO] 11-10-2024 09:56:59 [LogUtils] - Passed verify at line 114: in method verifyPlaceOrderConfirmation - file PlaceOrderPage.java
[INFO] 11-10-2024 09:56:59 [LogUtils] - Verify element visible By.xpath: //span[@class='discountPerc']
[INFO] 11-10-2024 09:56:59 [LogUtils] - Get text from By.xpath: //span[@class='discountPerc'] is: 0%
[INFO] 11-10-2024 09:56:59 [LogUtils] - Verify Equals: 0 = 0
[INFO] 11-10-2024 09:56:59 [LogUtils] - Passed verify at line 120: in method verifyPlaceOrderConfirmation - file PlaceOrderPage.java
[INFO] 11-10-2024 09:56:59 [LogUtils] - Verify element visible By.xpath: //span[@class='totAmt']
[INFO] 11-10-2024 09:56:59 [LogUtils] - Get text from By.xpath: //span[@class='totAmt'] is: 160
[INFO] 11-10-2024 09:56:59 [LogUtils] - Verify Equals: 160 = 160
[INFO] 11-10-2024 09:56:59 [LogUtils] - Passed verify at line 121: in method verifyPlaceOrderConfirmation - file PlaceOrderPage.java
[INFO] 11-10-2024 09:56:59 [LogUtils] - Verify element visible By.xpath: //span[@class='totAmt']
[INFO] 11-10-2024 09:56:59 [LogUtils] - Get text from By.xpath: //span[@class='totAmt'] is: 160
[INFO] 11-10-2024 09:56:59 [LogUtils] - Verify Equals: 160 = 160
[INFO] 11-10-2024 09:56:59 [LogUtils] - Passed verify at line 122: in method verifyPlaceOrderConfirmation - file PlaceOrderPage.java
[INFO] 11-10-2024 09:56:59 [LogUtils] - Verify element visible By.xpath: //button[text()='Place Order']
[INFO] 11-10-2024 09:56:59 [LogUtils] - Clicked on the element By.xpath: //button[text()='Place Order']
  &amp#27;[32mAnd &amp#27;[0m&amp#27;[32mThe user proceeds to checkout and apply promoCode&amp#27;[0m                                  &amp#27;[90m# stepdefinitions.StepsPlaceOrderWithSearchAndApplyValiadPromoCode.theUserProceedsToCheckoutAndApplyPromoCode(io.cucumber.datatable.DataTable)&amp#27;[0m
    | search item        | item               | quality | price | Price in Cart | promo code | Discount | Apply code message | Country  | Agree to the Terms & Conditions |
    | Raspberry - 1/4 Kg | Raspberry - 1/4 Kg | 1       | 160   | 160           | [empty]    | 0        | [empty]            | Viet Nam | yes                             |
[INFO] 11-10-2024 09:56:59 [LogUtils] - After step
[INFO] 11-10-2024 09:56:59 [LogUtils] - Before Step
[INFO] 11-10-2024 09:56:59 [LogUtils] - Select Option by Text: Vietnam
  &amp#27;[32mAnd &amp#27;[0m&amp#27;[32mThe user enter country &amp#27;[0m&amp#27;[32m&amp#27;[1m"Vietnam"&amp#27;[0m                                                   &amp#27;[90m# stepdefinitions.StepsPlaceOrderWithSearchAndApplyValiadPromoCode.theUserEnterCountry(java.lang.String)&amp#27;[0m
[INFO] 11-10-2024 09:56:59 [LogUtils] - After step
[INFO] 11-10-2024 09:56:59 [LogUtils] - Before Step
[INFO] 11-10-2024 09:56:59 [LogUtils] - Verify element visible By.xpath: //input[@class='chkAgree']
[INFO] 11-10-2024 09:57:00 [LogUtils] - Clicked on the element By.xpath: //input[@class='chkAgree']
  &amp#27;[32mAnd &amp#27;[0m&amp#27;[32mThe user agree terms conditions&amp#27;[0m                                                    &amp#27;[90m# stepdefinitions.StepsPlaceOrderWithSearchAndApplyValiadPromoCode.theUserAgreeTermsConditions()&amp#27;[0m
[INFO] 11-10-2024 09:57:00 [LogUtils] - After step
[INFO] 11-10-2024 09:57:00 [LogUtils] - Before Step
[INFO] 11-10-2024 09:57:00 [LogUtils] - Verify element visible By.xpath: //button[contains(text(),'Proceed')]
[INFO] 11-10-2024 09:57:00 [LogUtils] - Clicked on the element By.xpath: //button[contains(text(),'Proceed')]
  &amp#27;[32mAnd &amp#27;[0m&amp#27;[32mThe user confirm order&amp#27;[0m                                                             &amp#27;[90m# stepdefinitions.StepsPlaceOrderWithSearchAndApplyValiadPromoCode.theUserConfirmOrder()&amp#27;[0m
[INFO] 11-10-2024 09:57:00 [LogUtils] - After step
[INFO] 11-10-2024 09:57:00 [LogUtils] - Before Step
  &amp#27;[32mThen &amp#27;[0m&amp#27;[32mThe user should see the order confirmation message&amp#27;[0m                                &amp#27;[90m# stepdefinitions.StepsPlaceOrderWithSearchAndApplyValiadPromoCode.theUserShouldSeeTheOrderConfirmationMessage()&amp#27;[0m
[INFO] 11-10-2024 09:57:00 [LogUtils] - After step
[INFO] 11-10-2024 09:57:00 [LogUtils] - After scenario
Closing browser...
Debug 80: ChromeDriver: chrome on windows (ffe969221b1674abb1eab45818aa5729)
]]></system-out>
    <system-err><![CDATA[&amp#27;[32m&amp#27;[1m┌──────────────────────────────────────────────────────────────────────────┐&amp#27;[0m
&amp#27;[32m&amp#27;[1m│&amp#27;[0m View your Cucumber Report at:                                            &amp#27;[32m&amp#27;[1m│&amp#27;[0m
&amp#27;[32m&amp#27;[1m│&amp#27;[0m &amp#27;[1m&amp#27;[36m&amp#27;[4mhttps://reports.cucumber.io/reports/8bda3046-f755-42ef-b9fd-4de82438da6c&amp#27;[0m &amp#27;[32m&amp#27;[1m│&amp#27;[0m
&amp#27;[32m&amp#27;[1m│&amp#27;[0m                                                                          &amp#27;[32m&amp#27;[1m│&amp#27;[0m
&amp#27;[32m&amp#27;[1m│&amp#27;[0m &amp#27;[1mThis report will self-destruct in 24h.&amp#27;[0m                                   &amp#27;[32m&amp#27;[1m│&amp#27;[0m
&amp#27;[32m&amp#27;[1m│&amp#27;[0m Keep reports forever: &amp#27;[4m&amp#27;[1m&amp#27;[36mhttps://reports.cucumber.io/profile&amp#27;[0m                &amp#27;[32m&amp#27;[1m│&amp#27;[0m
&amp#27;[32m&amp#27;[1m└──────────────────────────────────────────────────────────────────────────┘&amp#27;[0m[main] INFO io.github.bonigarcia.wdm.WebDriverManager - Using chromedriver 129.0.6668.100 (resolved driver for Chrome 129)
[main] INFO io.github.bonigarcia.wdm.WebDriverManager - Exporting webdriver.chrome.driver as C:\Users\admin\.cache\selenium\chromedriver\win64\129.0.6668.100\chromedriver.exe
Oct 11, 2024 9:56:38 AM org.openqa.selenium.devtools.CdpVersionFinder findNearestMatch
WARNING: Unable to find CDP implementation matching 129
Oct 11, 2024 9:56:38 AM org.openqa.selenium.chromium.ChromiumDriver lambda$new$5
WARNING: Unable to find version of CDP to use for 129.0.6668.100. You may need to include a dependency on a specific version of the CDP using something similar to `org.seleniumhq.selenium:selenium-devtools-v86:4.11.0` where the version ("v86") matches the version of the chromium-based browser you're using and the version number of the artifact is the same as Selenium's.
]]></system-err>
  </testcase>
</testsuite>