<?xml version="1.0" encoding="UTF-8"?>
<testsuite xmlns:xsi="http://www.w3.org/2001/XMLSchema-instance" xsi:noNamespaceSchemaLocation="https://maven.apache.org/surefire/maven-surefire-plugin/xsd/surefire-test-report-3.0.xsd" version="3.0" name="TestSuite" time="245.531" tests="5" errors="0" skipped="0" failures="0">
  <properties>
    <property name="java.specification.version" value="20"/>
    <property name="webdriver.chrome.driver" value="C:\Users\admin\.cache\selenium\chromedriver\win64\129.0.6668.100\chromedriver.exe"/>
    <property name="sun.cpu.isalist" value="amd64"/>
    <property name="sun.jnu.encoding" value="Cp1252"/>
    <property name="java.class.path" value="D:\SPECTOS\selenium\SeleniumCucumberJava\target\test-classes;D:\SPECTOS\selenium\SeleniumCucumberJava\target\classes;C:\Users\admin\.m2\repository\org\seleniumhq\selenium\selenium-java\4.11.0\selenium-java-4.11.0.jar;C:\Users\admin\.m2\repository\org\seleniumhq\selenium\selenium-api\4.11.0\selenium-api-4.11.0.jar;C:\Users\admin\.m2\repository\org\seleniumhq\selenium\selenium-chrome-driver\4.11.0\selenium-chrome-driver-4.11.0.jar;C:\Users\admin\.m2\repository\org\seleniumhq\selenium\selenium-chromium-driver\4.11.0\selenium-chromium-driver-4.11.0.jar;C:\Users\admin\.m2\repository\org\seleniumhq\selenium\selenium-json\4.11.0\selenium-json-4.11.0.jar;C:\Users\admin\.m2\repository\org\seleniumhq\selenium\selenium-manager\4.11.0\selenium-manager-4.11.0.jar;C:\Users\admin\.m2\repository\org\seleniumhq\selenium\selenium-devtools-v113\4.11.0\selenium-devtools-v113-4.11.0.jar;C:\Users\admin\.m2\repository\org\seleniumhq\selenium\selenium-devtools-v114\4.11.0\selenium-devtools-v114-4.11.0.jar;C:\Users\admin\.m2\repository\org\seleniumhq\selenium\selenium-devtools-v115\4.11.0\selenium-devtools-v115-4.11.0.jar;C:\Users\admin\.m2\repository\org\seleniumhq\selenium\selenium-devtools-v85\4.11.0\selenium-devtools-v85-4.11.0.jar;C:\Users\admin\.m2\repository\org\seleniumhq\selenium\selenium-edge-driver\4.11.0\selenium-edge-driver-4.11.0.jar;C:\Users\admin\.m2\repository\org\seleniumhq\selenium\selenium-firefox-driver\4.11.0\selenium-firefox-driver-4.11.0.jar;C:\Users\admin\.m2\repository\org\seleniumhq\selenium\selenium-ie-driver\4.11.0\selenium-ie-driver-4.11.0.jar;C:\Users\admin\.m2\repository\org\seleniumhq\selenium\selenium-remote-driver\4.11.0\selenium-remote-driver-4.11.0.jar;C:\Users\admin\.m2\repository\io\netty\netty-buffer\4.1.92.Final\netty-buffer-4.1.92.Final.jar;C:\Users\admin\.m2\repository\io\netty\netty-codec-http\4.1.92.Final\netty-codec-http-4.1.92.Final.jar;C:\Users\admin\.m2\repository\io\netty\netty-codec\4.1.92.Final\netty-codec-4.1.92.Final.jar;C:\Users\admin\.m2\repository\io\netty\netty-handler\4.1.92.Final\netty-handler-4.1.92.Final.jar;C:\Users\admin\.m2\repository\io\netty\netty-common\4.1.92.Final\netty-common-4.1.92.Final.jar;C:\Users\admin\.m2\repository\io\netty\netty-transport-classes-epoll\4.1.92.Final\netty-transport-classes-epoll-4.1.92.Final.jar;C:\Users\admin\.m2\repository\io\netty\netty-transport-classes-kqueue\4.1.92.Final\netty-transport-classes-kqueue-4.1.92.Final.jar;C:\Users\admin\.m2\repository\io\netty\netty-transport-native-epoll\4.1.92.Final\netty-transport-native-epoll-4.1.92.Final.jar;C:\Users\admin\.m2\repository\io\netty\netty-transport-native-kqueue\4.1.92.Final\netty-transport-native-kqueue-4.1.92.Final.jar;C:\Users\admin\.m2\repository\io\netty\netty-transport-native-unix-common\4.1.92.Final\netty-transport-native-unix-common-4.1.92.Final.jar;C:\Users\admin\.m2\repository\io\netty\netty-transport\4.1.92.Final\netty-transport-4.1.92.Final.jar;C:\Users\admin\.m2\repository\io\netty\netty-resolver\4.1.92.Final\netty-resolver-4.1.92.Final.jar;C:\Users\admin\.m2\repository\io\opentelemetry\opentelemetry-api\1.26.0\opentelemetry-api-1.26.0.jar;C:\Users\admin\.m2\repository\io\opentelemetry\opentelemetry-context\1.26.0\opentelemetry-context-1.26.0.jar;C:\Users\admin\.m2\repository\io\opentelemetry\opentelemetry-exporter-logging\1.26.0\opentelemetry-exporter-logging-1.26.0.jar;C:\Users\admin\.m2\repository\io\opentelemetry\opentelemetry-sdk-metrics\1.26.0\opentelemetry-sdk-metrics-1.26.0.jar;C:\Users\admin\.m2\repository\io\opentelemetry\opentelemetry-extension-incubator\1.26.0-alpha\opentelemetry-extension-incubator-1.26.0-alpha.jar;C:\Users\admin\.m2\repository\io\opentelemetry\opentelemetry-sdk-logs\1.26.0-alpha\opentelemetry-sdk-logs-1.26.0-alpha.jar;C:\Users\admin\.m2\repository\io\opentelemetry\opentelemetry-api-logs\1.26.0-alpha\opentelemetry-api-logs-1.26.0-alpha.jar;C:\Users\admin\.m2\repository\io\opentelemetry\opentelemetry-api-events\1.26.0-alpha\opentelemetry-api-events-1.26.0-alpha.jar;C:\Users\admin\.m2\repository\io\opentelemetry\opentelemetry-sdk-common\1.26.0\opentelemetry-sdk-common-1.26.0.jar;C:\Users\admin\.m2\repository\io\opentelemetry\opentelemetry-sdk-extension-autoconfigure-spi\1.26.0\opentelemetry-sdk-extension-autoconfigure-spi-1.26.0.jar;C:\Users\admin\.m2\repository\io\opentelemetry\opentelemetry-sdk-extension-autoconfigure\1.26.0-alpha\opentelemetry-sdk-extension-autoconfigure-1.26.0-alpha.jar;C:\Users\admin\.m2\repository\io\opentelemetry\opentelemetry-sdk-trace\1.26.0\opentelemetry-sdk-trace-1.26.0.jar;C:\Users\admin\.m2\repository\io\opentelemetry\opentelemetry-sdk\1.26.0\opentelemetry-sdk-1.26.0.jar;C:\Users\admin\.m2\repository\io\opentelemetry\opentelemetry-semconv\1.26.0-alpha\opentelemetry-semconv-1.26.0-alpha.jar;C:\Users\admin\.m2\repository\org\apache\commons\commons-exec\1.3\commons-exec-1.3.jar;C:\Users\admin\.m2\repository\org\asynchttpclient\async-http-client\2.12.3\async-http-client-2.12.3.jar;C:\Users\admin\.m2\repository\org\asynchttpclient\async-http-client-netty-utils\2.12.3\async-http-client-netty-utils-2.12.3.jar;C:\Users\admin\.m2\repository\io\netty\netty-codec-socks\4.1.60.Final\netty-codec-socks-4.1.60.Final.jar;C:\Users\admin\.m2\repository\io\netty\netty-handler-proxy\4.1.60.Final\netty-handler-proxy-4.1.60.Final.jar;C:\Users\admin\.m2\repository\io\netty\netty-transport-native-epoll\4.1.60.Final\netty-transport-native-epoll-4.1.60.Final-linux-x86_64.jar;C:\Users\admin\.m2\repository\io\netty\netty-transport-native-kqueue\4.1.60.Final\netty-transport-native-kqueue-4.1.60.Final-osx-x86_64.jar;C:\Users\admin\.m2\repository\com\typesafe\netty\netty-reactive-streams\2.0.4\netty-reactive-streams-2.0.4.jar;C:\Users\admin\.m2\repository\com\sun\activation\jakarta.activation\1.2.2\jakarta.activation-1.2.2.jar;C:\Users\admin\.m2\repository\org\seleniumhq\selenium\selenium-safari-driver\4.11.0\selenium-safari-driver-4.11.0.jar;C:\Users\admin\.m2\repository\org\seleniumhq\selenium\selenium-support\4.11.0\selenium-support-4.11.0.jar;C:\Users\admin\.m2\repository\org\seleniumhq\selenium\selenium-http-jdk-client\4.11.0\selenium-http-jdk-client-4.11.0.jar;C:\Users\admin\.m2\repository\com\google\auto\service\auto-service-annotations\1.0.1\auto-service-annotations-1.0.1.jar;C:\Users\admin\.m2\repository\org\seleniumhq\selenium\selenium-http\4.11.0\selenium-http-4.11.0.jar;C:\Users\admin\.m2\repository\dev\failsafe\failsafe\3.3.1\failsafe-3.3.1.jar;C:\Users\admin\.m2\repository\org\testng\testng\7.4.0\testng-7.4.0.jar;C:\Users\admin\.m2\repository\com\beust\jcommander\1.78\jcommander-1.78.jar;C:\Users\admin\.m2\repository\org\webjars\jquery\3.5.1\jquery-3.5.1.jar;C:\Users\admin\.m2\repository\com\fasterxml\jackson\core\jackson-databind\2.15.0\jackson-databind-2.15.0.jar;C:\Users\admin\.m2\repository\com\fasterxml\jackson\core\jackson-annotations\2.15.0\jackson-annotations-2.15.0.jar;C:\Users\admin\.m2\repository\com\fasterxml\jackson\core\jackson-core\2.15.0\jackson-core-2.15.0.jar;C:\Users\admin\.m2\repository\com\sun\mail\javax.mail\1.6.2\javax.mail-1.6.2.jar;C:\Users\admin\.m2\repository\javax\activation\activation\1.1\activation-1.1.jar;C:\Users\admin\.m2\repository\org\zeroturnaround\zt-zip\1.15\zt-zip-1.15.jar;C:\Users\admin\.m2\repository\org\apache\logging\log4j\log4j-api\2.20.0\log4j-api-2.20.0.jar;C:\Users\admin\.m2\repository\org\apache\logging\log4j\log4j-core\2.20.0\log4j-core-2.20.0.jar;C:\Users\admin\.m2\repository\org\slf4j\slf4j-api\2.0.7\slf4j-api-2.0.7.jar;C:\Users\admin\.m2\repository\org\slf4j\slf4j-simple\2.0.7\slf4j-simple-2.0.7.jar;C:\Users\admin\.m2\repository\org\assertj\assertj-core\3.24.2\assertj-core-3.24.2.jar;C:\Users\admin\.m2\repository\net\bytebuddy\byte-buddy\1.12.21\byte-buddy-1.12.21.jar;C:\Users\admin\.m2\repository\net\datafaker\datafaker\1.9.0\datafaker-1.9.0.jar;C:\Users\admin\.m2\repository\org\yaml\snakeyaml\2.0\snakeyaml-2.0.jar;C:\Users\admin\.m2\repository\com\github\mifmif\generex\1.0.2\generex-1.0.2.jar;C:\Users\admin\.m2\repository\dk\brics\automaton\automaton\1.11-8\automaton-1.11-8.jar;C:\Users\admin\.m2\repository\ru\yandex\qatools\ashot\ashot\1.5.4\ashot-1.5.4.jar;C:\Users\admin\.m2\repository\com\google\code\gson\gson\2.6.2\gson-2.6.2.jar;C:\Users\admin\.m2\repository\org\hamcrest\hamcrest-core\1.3\hamcrest-core-1.3.jar;C:\Users\admin\.m2\repository\io\qameta\allure\allure-plugin-api\2.22.0\allure-plugin-api-2.22.0.jar;C:\Users\admin\.m2\repository\com\fasterxml\jackson\module\jackson-module-jaxb-annotations\2.14.1\jackson-module-jaxb-annotations-2.14.1.jar;C:\Users\admin\.m2\repository\jakarta\xml\bind\jakarta.xml.bind-api\2.3.3\jakarta.xml.bind-api-2.3.3.jar;C:\Users\admin\.m2\repository\jakarta\activation\jakarta.activation-api\1.2.2\jakarta.activation-api-1.2.2.jar;C:\Users\admin\.m2\repository\com\opencsv\opencsv\4.6\opencsv-4.6.jar;C:\Users\admin\.m2\repository\org\apache\commons\commons-text\1.3\commons-text-1.3.jar;C:\Users\admin\.m2\repository\commons-beanutils\commons-beanutils\1.9.3\commons-beanutils-1.9.3.jar;C:\Users\admin\.m2\repository\commons-collections\commons-collections\3.2.2\commons-collections-3.2.2.jar;C:\Users\admin\.m2\repository\com\vladsch\flexmark\flexmark\0.62.2\flexmark-0.62.2.jar;C:\Users\admin\.m2\repository\com\vladsch\flexmark\flexmark-util-ast\0.62.2\flexmark-util-ast-0.62.2.jar;C:\Users\admin\.m2\repository\org\jetbrains\annotations\15.0\annotations-15.0.jar;C:\Users\admin\.m2\repository\com\vladsch\flexmark\flexmark-util-builder\0.62.2\flexmark-util-builder-0.62.2.jar;C:\Users\admin\.m2\repository\com\vladsch\flexmark\flexmark-util-collection\0.62.2\flexmark-util-collection-0.62.2.jar;C:\Users\admin\.m2\repository\com\vladsch\flexmark\flexmark-util-data\0.62.2\flexmark-util-data-0.62.2.jar;C:\Users\admin\.m2\repository\com\vladsch\flexmark\flexmark-util-dependency\0.62.2\flexmark-util-dependency-0.62.2.jar;C:\Users\admin\.m2\repository\com\vladsch\flexmark\flexmark-util-format\0.62.2\flexmark-util-format-0.62.2.jar;C:\Users\admin\.m2\repository\com\vladsch\flexmark\flexmark-util-html\0.62.2\flexmark-util-html-0.62.2.jar;C:\Users\admin\.m2\repository\com\vladsch\flexmark\flexmark-util-misc\0.62.2\flexmark-util-misc-0.62.2.jar;C:\Users\admin\.m2\repository\com\vladsch\flexmark\flexmark-util-sequence\0.62.2\flexmark-util-sequence-0.62.2.jar;C:\Users\admin\.m2\repository\com\vladsch\flexmark\flexmark-util-visitor\0.62.2\flexmark-util-visitor-0.62.2.jar;C:\Users\admin\.m2\repository\com\vladsch\flexmark\flexmark-ext-tables\0.62.2\flexmark-ext-tables-0.62.2.jar;C:\Users\admin\.m2\repository\com\vladsch\flexmark\flexmark-util\0.62.2\flexmark-util-0.62.2.jar;C:\Users\admin\.m2\repository\com\vladsch\flexmark\flexmark-util-options\0.62.2\flexmark-util-options-0.62.2.jar;C:\Users\admin\.m2\repository\javax\xml\bind\jaxb-api\2.3.1\jaxb-api-2.3.1.jar;C:\Users\admin\.m2\repository\javax\activation\javax.activation-api\1.2.0\javax.activation-api-1.2.0.jar;C:\Users\admin\.m2\repository\org\freemarker\freemarker\2.3.32\freemarker-2.3.32.jar;C:\Users\admin\.m2\repository\io\qameta\allure\allure-testng\2.22.0\allure-testng-2.22.0.jar;C:\Users\admin\.m2\repository\io\qameta\allure\allure-java-commons\2.22.0\allure-java-commons-2.22.0.jar;C:\Users\admin\.m2\repository\io\qameta\allure\allure-model\2.22.0\allure-model-2.22.0.jar;C:\Users\admin\.m2\repository\io\qameta\allure\allure-test-filter\2.22.0\allure-test-filter-2.22.0.jar;C:\Users\admin\.m2\repository\io\qameta\allure\allure-attachments\2.22.0\allure-attachments-2.22.0.jar;C:\Users\admin\.m2\repository\com\github\automatedowl\allure-environment-writer\1.0.0\allure-environment-writer-1.0.0.jar;C:\Users\admin\.m2\repository\com\aventstack\extentreports\5.0.9\extentreports-5.0.9.jar;C:\Users\admin\.m2\repository\io\reactivex\rxjava3\rxjava\3.0.4\rxjava-3.0.4.jar;C:\Users\admin\.m2\repository\org\reactivestreams\reactive-streams\1.0.3\reactive-streams-1.0.3.jar;C:\Users\admin\.m2\repository\tech\grasshopper\pdfextentreporter\1.3.2\pdfextentreporter-1.3.2.jar;C:\Users\admin\.m2\repository\org\apache\pdfbox\pdfbox\2.0.26\pdfbox-2.0.26.jar;C:\Users\admin\.m2\repository\org\apache\pdfbox\fontbox\2.0.26\fontbox-2.0.26.jar;C:\Users\admin\.m2\repository\commons-logging\commons-logging\1.2\commons-logging-1.2.jar;C:\Users\admin\.m2\repository\org\knowm\xchart\xchart\3.8.0\xchart-3.8.0.jar;C:\Users\admin\.m2\repository\de\erichseifert\vectorgraphics2d\VectorGraphics2D\0.13\VectorGraphics2D-0.13.jar;C:\Users\admin\.m2\repository\de\rototor\pdfbox\graphics2d\0.30\graphics2d-0.30.jar;C:\Users\admin\.m2\repository\com\madgag\animated-gif-lib\1.4\animated-gif-lib-1.4.jar;C:\Users\admin\.m2\repository\org\jsoup\jsoup\1.14.3\jsoup-1.14.3.jar;C:\Users\admin\.m2\repository\tech\grasshopper\table-layout\1.5.1\table-layout-1.5.1.jar;C:\Users\admin\.m2\repository\io\github\bonigarcia\webdrivermanager\5.9.2\webdrivermanager-5.9.2.jar;C:\Users\admin\.m2\repository\com\github\docker-java\docker-java\3.4.0\docker-java-3.4.0.jar;C:\Users\admin\.m2\repository\com\github\docker-java\docker-java-core\3.4.0\docker-java-core-3.4.0.jar;C:\Users\admin\.m2\repository\com\github\docker-java\docker-java-api\3.4.0\docker-java-api-3.4.0.jar;C:\Users\admin\.m2\repository\org\slf4j\jcl-over-slf4j\1.7.30\jcl-over-slf4j-1.7.30.jar;C:\Users\admin\.m2\repository\com\github\docker-java\docker-java-transport-httpclient5\3.4.0\docker-java-transport-httpclient5-3.4.0.jar;C:\Users\admin\.m2\repository\com\github\docker-java\docker-java-transport\3.4.0\docker-java-transport-3.4.0.jar;C:\Users\admin\.m2\repository\net\java\dev\jna\jna\5.13.0\jna-5.13.0.jar;C:\Users\admin\.m2\repository\org\brotli\dec\0.1.2\dec-0.1.2.jar;C:\Users\admin\.m2\repository\org\apache\commons\commons-lang3\3.15.0\commons-lang3-3.15.0.jar;C:\Users\admin\.m2\repository\org\apache\commons\commons-compress\1.26.2\commons-compress-1.26.2.jar;C:\Users\admin\.m2\repository\org\apache\httpcomponents\client5\httpclient5\5.2.1\httpclient5-5.2.1.jar;C:\Users\admin\.m2\repository\org\apache\httpcomponents\core5\httpcore5\5.2\httpcore5-5.2.jar;C:\Users\admin\.m2\repository\org\apache\httpcomponents\core5\httpcore5-h2\5.2\httpcore5-h2-5.2.jar;C:\Users\admin\.m2\repository\com\google\guava\guava\31.1-jre\guava-31.1-jre.jar;C:\Users\admin\.m2\repository\com\google\guava\failureaccess\1.0.1\failureaccess-1.0.1.jar;C:\Users\admin\.m2\repository\com\google\guava\listenablefuture\9999.0-empty-to-avoid-conflict-with-guava\listenablefuture-9999.0-empty-to-avoid-conflict-with-guava.jar;C:\Users\admin\.m2\repository\com\google\code\findbugs\jsr305\3.0.2\jsr305-3.0.2.jar;C:\Users\admin\.m2\repository\org\checkerframework\checker-qual\3.12.0\checker-qual-3.12.0.jar;C:\Users\admin\.m2\repository\com\google\errorprone\error_prone_annotations\2.11.0\error_prone_annotations-2.11.0.jar;C:\Users\admin\.m2\repository\com\google\j2objc\j2objc-annotations\1.3\j2objc-annotations-1.3.jar;C:\Users\admin\.m2\repository\org\apache\maven\plugins\maven-compiler-plugin\3.10.0\maven-compiler-plugin-3.10.0.jar;C:\Users\admin\.m2\repository\org\apache\maven\shared\maven-shared-utils\3.3.4\maven-shared-utils-3.3.4.jar;C:\Users\admin\.m2\repository\org\apache\maven\shared\maven-shared-incremental\1.1\maven-shared-incremental-1.1.jar;C:\Users\admin\.m2\repository\org\codehaus\plexus\plexus-component-annotations\1.5.5\plexus-component-annotations-1.5.5.jar;C:\Users\admin\.m2\repository\org\codehaus\plexus\plexus-java\1.1.1\plexus-java-1.1.1.jar;C:\Users\admin\.m2\repository\org\ow2\asm\asm\9.2\asm-9.2.jar;C:\Users\admin\.m2\repository\com\thoughtworks\qdox\qdox\2.0.1\qdox-2.0.1.jar;C:\Users\admin\.m2\repository\org\codehaus\plexus\plexus-compiler-api\2.10.0\plexus-compiler-api-2.10.0.jar;C:\Users\admin\.m2\repository\org\codehaus\plexus\plexus-utils\3.4.1\plexus-utils-3.4.1.jar;C:\Users\admin\.m2\repository\org\codehaus\plexus\plexus-compiler-manager\2.10.0\plexus-compiler-manager-2.10.0.jar;C:\Users\admin\.m2\repository\org\codehaus\plexus\plexus-compiler-javac\2.10.0\plexus-compiler-javac-2.10.0.jar;C:\Users\admin\.m2\repository\org\apache\maven\plugins\maven-surefire-plugin\3.1.0\maven-surefire-plugin-3.1.0.jar;C:\Users\admin\.m2\repository\org\apache\maven\surefire\maven-surefire-common\3.1.0\maven-surefire-common-3.1.0.jar;C:\Users\admin\.m2\repository\org\apache\maven\surefire\surefire-api\3.1.0\surefire-api-3.1.0.jar;C:\Users\admin\.m2\repository\org\apache\maven\surefire\surefire-logger-api\3.1.0\surefire-logger-api-3.1.0.jar;C:\Users\admin\.m2\repository\org\apache\maven\surefire\surefire-extensions-api\3.1.0\surefire-extensions-api-3.1.0.jar;C:\Users\admin\.m2\repository\org\apache\maven\surefire\surefire-booter\3.1.0\surefire-booter-3.1.0.jar;C:\Users\admin\.m2\repository\org\apache\maven\surefire\surefire-extensions-spi\3.1.0\surefire-extensions-spi-3.1.0.jar;C:\Users\admin\.m2\repository\org\eclipse\aether\aether-util\1.0.0.v20140518\aether-util-1.0.0.v20140518.jar;C:\Users\admin\.m2\repository\org\eclipse\aether\aether-api\1.0.0.v20140518\aether-api-1.0.0.v20140518.jar;C:\Users\admin\.m2\repository\org\apache\maven\shared\maven-common-artifact-filters\3.1.1\maven-common-artifact-filters-3.1.1.jar;C:\Users\admin\.m2\repository\org\apache\maven\maven-artifact\3.1.0\maven-artifact-3.1.0.jar;C:\Users\admin\.m2\repository\org\apache\maven\maven-core\3.1.0\maven-core-3.1.0.jar;C:\Users\admin\.m2\repository\org\apache\maven\maven-settings\3.1.0\maven-settings-3.1.0.jar;C:\Users\admin\.m2\repository\org\apache\maven\maven-settings-builder\3.1.0\maven-settings-builder-3.1.0.jar;C:\Users\admin\.m2\repository\org\apache\maven\maven-repository-metadata\3.1.0\maven-repository-metadata-3.1.0.jar;C:\Users\admin\.m2\repository\org\apache\maven\maven-model-builder\3.1.0\maven-model-builder-3.1.0.jar;C:\Users\admin\.m2\repository\org\apache\maven\maven-aether-provider\3.1.0\maven-aether-provider-3.1.0.jar;C:\Users\admin\.m2\repository\org\eclipse\aether\aether-spi\0.9.0.M2\aether-spi-0.9.0.M2.jar;C:\Users\admin\.m2\repository\org\eclipse\aether\aether-impl\0.9.0.M2\aether-impl-0.9.0.M2.jar;C:\Users\admin\.m2\repository\org\eclipse\sisu\org.eclipse.sisu.plexus\0.0.0.M2a\org.eclipse.sisu.plexus-0.0.0.M2a.jar;C:\Users\admin\.m2\repository\javax\enterprise\cdi-api\1.0\cdi-api-1.0.jar;C:\Users\admin\.m2\repository\javax\annotation\jsr250-api\1.0\jsr250-api-1.0.jar;C:\Users\admin\.m2\repository\javax\inject\javax.inject\1\javax.inject-1.jar;C:\Users\admin\.m2\repository\org\sonatype\sisu\sisu-guice\3.1.0\sisu-guice-3.1.0-no_aop.jar;C:\Users\admin\.m2\repository\aopalliance\aopalliance\1.0\aopalliance-1.0.jar;C:\Users\admin\.m2\repository\org\eclipse\sisu\org.eclipse.sisu.inject\0.0.0.M2a\org.eclipse.sisu.inject-0.0.0.M2a.jar;C:\Users\admin\.m2\repository\asm\asm\3.3.1\asm-3.3.1.jar;C:\Users\admin\.m2\repository\org\codehaus\plexus\plexus-interpolation\1.16\plexus-interpolation-1.16.jar;C:\Users\admin\.m2\repository\org\codehaus\plexus\plexus-classworlds\2.4.2\plexus-classworlds-2.4.2.jar;C:\Users\admin\.m2\repository\org\sonatype\plexus\plexus-sec-dispatcher\1.3\plexus-sec-dispatcher-1.3.jar;C:\Users\admin\.m2\repository\org\sonatype\plexus\plexus-cipher\1.4\plexus-cipher-1.4.jar;C:\Users\admin\.m2\repository\org\apache\maven\maven-plugin-api\3.1.0\maven-plugin-api-3.1.0.jar;C:\Users\admin\.m2\repository\org\apache\maven\surefire\surefire-shared-utils\3.1.0\surefire-shared-utils-3.1.0.jar;C:\Users\admin\.m2\repository\org\apache\poi\poi\5.2.3\poi-5.2.3.jar;C:\Users\admin\.m2\repository\commons-codec\commons-codec\1.15\commons-codec-1.15.jar;C:\Users\admin\.m2\repository\org\apache\commons\commons-collections4\4.4\commons-collections4-4.4.jar;C:\Users\admin\.m2\repository\org\apache\commons\commons-math3\3.6.1\commons-math3-3.6.1.jar;C:\Users\admin\.m2\repository\com\zaxxer\SparseBitSet\1.2\SparseBitSet-1.2.jar;C:\Users\admin\.m2\repository\org\apache\poi\poi-ooxml\5.2.3\poi-ooxml-5.2.3.jar;C:\Users\admin\.m2\repository\org\apache\poi\poi-ooxml-lite\5.2.3\poi-ooxml-lite-5.2.3.jar;C:\Users\admin\.m2\repository\org\apache\xmlbeans\xmlbeans\5.1.1\xmlbeans-5.1.1.jar;C:\Users\admin\.m2\repository\com\github\virtuald\curvesapi\1.07\curvesapi-1.07.jar;C:\Users\admin\.m2\repository\commons-io\commons-io\2.11.0\commons-io-2.11.0.jar;C:\Users\admin\.m2\repository\com\github\stephenc\monte\monte-screen-recorder\0.7.7.0\monte-screen-recorder-0.7.7.0.jar;C:\Users\admin\.m2\repository\org\aeonbits\owner\owner\1.0.12\owner-1.0.12.jar;C:\Users\admin\.m2\repository\org\projectlombok\lombok\1.18.26\lombok-1.18.26.jar;C:\Users\admin\.m2\repository\com\mysql\mysql-connector-j\8.0.33\mysql-connector-j-8.0.33.jar;C:\Users\admin\.m2\repository\com\google\protobuf\protobuf-java\3.21.9\protobuf-java-3.21.9.jar;C:\Users\admin\.m2\repository\com\google\zxing\javase\3.5.1\javase-3.5.1.jar;C:\Users\admin\.m2\repository\com\github\jai-imageio\jai-imageio-core\1.4.0\jai-imageio-core-1.4.0.jar;C:\Users\admin\.m2\repository\com\google\zxing\core\3.5.1\core-3.5.1.jar;C:\Users\admin\.m2\repository\org\aspectj\aspectjweaver\1.9.19\aspectjweaver-1.9.19.jar;C:\Users\admin\.m2\repository\com\github\pengrad\java-telegram-bot-api\7.7.0\java-telegram-bot-api-7.7.0.jar;C:\Users\admin\.m2\repository\com\squareup\okhttp3\okhttp\4.12.0\okhttp-4.12.0.jar;C:\Users\admin\.m2\repository\com\squareup\okio\okio\3.6.0\okio-3.6.0.jar;C:\Users\admin\.m2\repository\com\squareup\okio\okio-jvm\3.6.0\okio-jvm-3.6.0.jar;C:\Users\admin\.m2\repository\org\jetbrains\kotlin\kotlin-stdlib-common\1.9.10\kotlin-stdlib-common-1.9.10.jar;C:\Users\admin\.m2\repository\com\squareup\okhttp3\logging-interceptor\4.12.0\logging-interceptor-4.12.0.jar;C:\Users\admin\.m2\repository\org\jetbrains\kotlin\kotlin-stdlib-jdk8\1.9.22\kotlin-stdlib-jdk8-1.9.22.jar;C:\Users\admin\.m2\repository\org\jetbrains\kotlin\kotlin-stdlib\1.9.22\kotlin-stdlib-1.9.22.jar;C:\Users\admin\.m2\repository\org\jetbrains\kotlin\kotlin-stdlib-jdk7\1.9.22\kotlin-stdlib-jdk7-1.9.22.jar;C:\Users\admin\.m2\repository\com\jcraft\jsch\0.1.55\jsch-0.1.55.jar;C:\Users\admin\.m2\repository\io\cucumber\cucumber-java\7.18.1\cucumber-java-7.18.1.jar;C:\Users\admin\.m2\repository\io\cucumber\cucumber-core\7.18.1\cucumber-core-7.18.1.jar;C:\Users\admin\.m2\repository\io\cucumber\cucumber-gherkin-messages\7.18.1\cucumber-gherkin-messages-7.18.1.jar;C:\Users\admin\.m2\repository\io\cucumber\testng-xml-formatter\0.2.0\testng-xml-formatter-0.2.0.jar;C:\Users\admin\.m2\repository\io\cucumber\query\12.2.0\query-12.2.0.jar;C:\Users\admin\.m2\repository\io\cucumber\tag-expressions\6.1.0\tag-expressions-6.1.0.jar;C:\Users\admin\.m2\repository\io\cucumber\cucumber-expressions\17.1.0\cucumber-expressions-17.1.0.jar;C:\Users\admin\.m2\repository\io\cucumber\datatable\7.18.1\datatable-7.18.1.jar;C:\Users\admin\.m2\repository\io\cucumber\docstring\7.18.1\docstring-7.18.1.jar;C:\Users\admin\.m2\repository\io\cucumber\html-formatter\21.4.1\html-formatter-21.4.1.jar;C:\Users\admin\.m2\repository\io\cucumber\junit-xml-formatter\0.5.0\junit-xml-formatter-0.5.0.jar;C:\Users\admin\.m2\repository\io\cucumber\ci-environment\10.0.1\ci-environment-10.0.1.jar;C:\Users\admin\.m2\repository\org\apiguardian\apiguardian-api\1.1.2\apiguardian-api-1.1.2.jar;C:\Users\admin\.m2\repository\io\cucumber\cucumber-testng\7.18.1\cucumber-testng-7.18.1.jar;C:\Users\admin\.m2\repository\io\cucumber\cucumber-gherkin\7.18.1\cucumber-gherkin-7.18.1.jar;C:\Users\admin\.m2\repository\io\cucumber\cucumber-plugin\7.18.1\cucumber-plugin-7.18.1.jar;C:\Users\admin\.m2\repository\io\cucumber\gherkin\28.0.0\gherkin-28.0.0.jar;C:\Users\admin\.m2\repository\io\cucumber\messages\24.1.0\messages-24.1.0.jar;C:\Users\admin\.m2\repository\io\cucumber\cucumber-picocontainer\7.18.1\cucumber-picocontainer-7.18.1.jar;C:\Users\admin\.m2\repository\org\picocontainer\picocontainer\2.15\picocontainer-2.15.jar;C:\Users\admin\.m2\repository\io\qameta\allure\allure-cucumber7-jvm\2.22.0\allure-cucumber7-jvm-2.22.0.jar;"/>
    <property name="java.vm.vendor" value="Oracle Corporation"/>
    <property name="sun.arch.data.model" value="64"/>
    <property name="user.variant" value=""/>
    <property name="java.vendor.url" value="https://java.oracle.com/"/>
    <property name="user.timezone" value="Asia/Saigon"/>
    <property name="os.name" value="Windows 10"/>
    <property name="java.vm.specification.version" value="20"/>
    <property name="sun.java.launcher" value="SUN_STANDARD"/>
    <property name="user.country" value="US"/>
    <property name="sun.boot.library.path" value="C:\Users\admin\.jdks\openjdk-20.0.2\bin"/>
    <property name="sun.java.command" value="C:\Users\admin\AppData\Local\Temp\surefire567894212068251901\surefirebooter-20241011095306242_3.jar C:\Users\admin\AppData\Local\Temp\surefire567894212068251901 2024-10-11T09-53-06_024-jvmRun1 surefire-20241011095306242_1tmp surefire_0-20241011095306242_2tmp"/>
    <property name="jdk.debug" value="release"/>
    <property name="surefire.test.class.path" value="D:\SPECTOS\selenium\SeleniumCucumberJava\target\test-classes;D:\SPECTOS\selenium\SeleniumCucumberJava\target\classes;C:\Users\admin\.m2\repository\org\seleniumhq\selenium\selenium-java\4.11.0\selenium-java-4.11.0.jar;C:\Users\admin\.m2\repository\org\seleniumhq\selenium\selenium-api\4.11.0\selenium-api-4.11.0.jar;C:\Users\admin\.m2\repository\org\seleniumhq\selenium\selenium-chrome-driver\4.11.0\selenium-chrome-driver-4.11.0.jar;C:\Users\admin\.m2\repository\org\seleniumhq\selenium\selenium-chromium-driver\4.11.0\selenium-chromium-driver-4.11.0.jar;C:\Users\admin\.m2\repository\org\seleniumhq\selenium\selenium-json\4.11.0\selenium-json-4.11.0.jar;C:\Users\admin\.m2\repository\org\seleniumhq\selenium\selenium-manager\4.11.0\selenium-manager-4.11.0.jar;C:\Users\admin\.m2\repository\org\seleniumhq\selenium\selenium-devtools-v113\4.11.0\selenium-devtools-v113-4.11.0.jar;C:\Users\admin\.m2\repository\org\seleniumhq\selenium\selenium-devtools-v114\4.11.0\selenium-devtools-v114-4.11.0.jar;C:\Users\admin\.m2\repository\org\seleniumhq\selenium\selenium-devtools-v115\4.11.0\selenium-devtools-v115-4.11.0.jar;C:\Users\admin\.m2\repository\org\seleniumhq\selenium\selenium-devtools-v85\4.11.0\selenium-devtools-v85-4.11.0.jar;C:\Users\admin\.m2\repository\org\seleniumhq\selenium\selenium-edge-driver\4.11.0\selenium-edge-driver-4.11.0.jar;C:\Users\admin\.m2\repository\org\seleniumhq\selenium\selenium-firefox-driver\4.11.0\selenium-firefox-driver-4.11.0.jar;C:\Users\admin\.m2\repository\org\seleniumhq\selenium\selenium-ie-driver\4.11.0\selenium-ie-driver-4.11.0.jar;C:\Users\admin\.m2\repository\org\seleniumhq\selenium\selenium-remote-driver\4.11.0\selenium-remote-driver-4.11.0.jar;C:\Users\admin\.m2\repository\io\netty\netty-buffer\4.1.92.Final\netty-buffer-4.1.92.Final.jar;C:\Users\admin\.m2\repository\io\netty\netty-codec-http\4.1.92.Final\netty-codec-http-4.1.92.Final.jar;C:\Users\admin\.m2\repository\io\netty\netty-codec\4.1.92.Final\netty-codec-4.1.92.Final.jar;C:\Users\admin\.m2\repository\io\netty\netty-handler\4.1.92.Final\netty-handler-4.1.92.Final.jar;C:\Users\admin\.m2\repository\io\netty\netty-common\4.1.92.Final\netty-common-4.1.92.Final.jar;C:\Users\admin\.m2\repository\io\netty\netty-transport-classes-epoll\4.1.92.Final\netty-transport-classes-epoll-4.1.92.Final.jar;C:\Users\admin\.m2\repository\io\netty\netty-transport-classes-kqueue\4.1.92.Final\netty-transport-classes-kqueue-4.1.92.Final.jar;C:\Users\admin\.m2\repository\io\netty\netty-transport-native-epoll\4.1.92.Final\netty-transport-native-epoll-4.1.92.Final.jar;C:\Users\admin\.m2\repository\io\netty\netty-transport-native-kqueue\4.1.92.Final\netty-transport-native-kqueue-4.1.92.Final.jar;C:\Users\admin\.m2\repository\io\netty\netty-transport-native-unix-common\4.1.92.Final\netty-transport-native-unix-common-4.1.92.Final.jar;C:\Users\admin\.m2\repository\io\netty\netty-transport\4.1.92.Final\netty-transport-4.1.92.Final.jar;C:\Users\admin\.m2\repository\io\netty\netty-resolver\4.1.92.Final\netty-resolver-4.1.92.Final.jar;C:\Users\admin\.m2\repository\io\opentelemetry\opentelemetry-api\1.26.0\opentelemetry-api-1.26.0.jar;C:\Users\admin\.m2\repository\io\opentelemetry\opentelemetry-context\1.26.0\opentelemetry-context-1.26.0.jar;C:\Users\admin\.m2\repository\io\opentelemetry\opentelemetry-exporter-logging\1.26.0\opentelemetry-exporter-logging-1.26.0.jar;C:\Users\admin\.m2\repository\io\opentelemetry\opentelemetry-sdk-metrics\1.26.0\opentelemetry-sdk-metrics-1.26.0.jar;C:\Users\admin\.m2\repository\io\opentelemetry\opentelemetry-extension-incubator\1.26.0-alpha\opentelemetry-extension-incubator-1.26.0-alpha.jar;C:\Users\admin\.m2\repository\io\opentelemetry\opentelemetry-sdk-logs\1.26.0-alpha\opentelemetry-sdk-logs-1.26.0-alpha.jar;C:\Users\admin\.m2\repository\io\opentelemetry\opentelemetry-api-logs\1.26.0-alpha\opentelemetry-api-logs-1.26.0-alpha.jar;C:\Users\admin\.m2\repository\io\opentelemetry\opentelemetry-api-events\1.26.0-alpha\opentelemetry-api-events-1.26.0-alpha.jar;C:\Users\admin\.m2\repository\io\opentelemetry\opentelemetry-sdk-common\1.26.0\opentelemetry-sdk-common-1.26.0.jar;C:\Users\admin\.m2\repository\io\opentelemetry\opentelemetry-sdk-extension-autoconfigure-spi\1.26.0\opentelemetry-sdk-extension-autoconfigure-spi-1.26.0.jar;C:\Users\admin\.m2\repository\io\opentelemetry\opentelemetry-sdk-extension-autoconfigure\1.26.0-alpha\opentelemetry-sdk-extension-autoconfigure-1.26.0-alpha.jar;C:\Users\admin\.m2\repository\io\opentelemetry\opentelemetry-sdk-trace\1.26.0\opentelemetry-sdk-trace-1.26.0.jar;C:\Users\admin\.m2\repository\io\opentelemetry\opentelemetry-sdk\1.26.0\opentelemetry-sdk-1.26.0.jar;C:\Users\admin\.m2\repository\io\opentelemetry\opentelemetry-semconv\1.26.0-alpha\opentelemetry-semconv-1.26.0-alpha.jar;C:\Users\admin\.m2\repository\org\apache\commons\commons-exec\1.3\commons-exec-1.3.jar;C:\Users\admin\.m2\repository\org\asynchttpclient\async-http-client\2.12.3\async-http-client-2.12.3.jar;C:\Users\admin\.m2\repository\org\asynchttpclient\async-http-client-netty-utils\2.12.3\async-http-client-netty-utils-2.12.3.jar;C:\Users\admin\.m2\repository\io\netty\netty-codec-socks\4.1.60.Final\netty-codec-socks-4.1.60.Final.jar;C:\Users\admin\.m2\repository\io\netty\netty-handler-proxy\4.1.60.Final\netty-handler-proxy-4.1.60.Final.jar;C:\Users\admin\.m2\repository\io\netty\netty-transport-native-epoll\4.1.60.Final\netty-transport-native-epoll-4.1.60.Final-linux-x86_64.jar;C:\Users\admin\.m2\repository\io\netty\netty-transport-native-kqueue\4.1.60.Final\netty-transport-native-kqueue-4.1.60.Final-osx-x86_64.jar;C:\Users\admin\.m2\repository\com\typesafe\netty\netty-reactive-streams\2.0.4\netty-reactive-streams-2.0.4.jar;C:\Users\admin\.m2\repository\com\sun\activation\jakarta.activation\1.2.2\jakarta.activation-1.2.2.jar;C:\Users\admin\.m2\repository\org\seleniumhq\selenium\selenium-safari-driver\4.11.0\selenium-safari-driver-4.11.0.jar;C:\Users\admin\.m2\repository\org\seleniumhq\selenium\selenium-support\4.11.0\selenium-support-4.11.0.jar;C:\Users\admin\.m2\repository\org\seleniumhq\selenium\selenium-http-jdk-client\4.11.0\selenium-http-jdk-client-4.11.0.jar;C:\Users\admin\.m2\repository\com\google\auto\service\auto-service-annotations\1.0.1\auto-service-annotations-1.0.1.jar;C:\Users\admin\.m2\repository\org\seleniumhq\selenium\selenium-http\4.11.0\selenium-http-4.11.0.jar;C:\Users\admin\.m2\repository\dev\failsafe\failsafe\3.3.1\failsafe-3.3.1.jar;C:\Users\admin\.m2\repository\org\testng\testng\7.4.0\testng-7.4.0.jar;C:\Users\admin\.m2\repository\com\beust\jcommander\1.78\jcommander-1.78.jar;C:\Users\admin\.m2\repository\org\webjars\jquery\3.5.1\jquery-3.5.1.jar;C:\Users\admin\.m2\repository\com\fasterxml\jackson\core\jackson-databind\2.15.0\jackson-databind-2.15.0.jar;C:\Users\admin\.m2\repository\com\fasterxml\jackson\core\jackson-annotations\2.15.0\jackson-annotations-2.15.0.jar;C:\Users\admin\.m2\repository\com\fasterxml\jackson\core\jackson-core\2.15.0\jackson-core-2.15.0.jar;C:\Users\admin\.m2\repository\com\sun\mail\javax.mail\1.6.2\javax.mail-1.6.2.jar;C:\Users\admin\.m2\repository\javax\activation\activation\1.1\activation-1.1.jar;C:\Users\admin\.m2\repository\org\zeroturnaround\zt-zip\1.15\zt-zip-1.15.jar;C:\Users\admin\.m2\repository\org\apache\logging\log4j\log4j-api\2.20.0\log4j-api-2.20.0.jar;C:\Users\admin\.m2\repository\org\apache\logging\log4j\log4j-core\2.20.0\log4j-core-2.20.0.jar;C:\Users\admin\.m2\repository\org\slf4j\slf4j-api\2.0.7\slf4j-api-2.0.7.jar;C:\Users\admin\.m2\repository\org\slf4j\slf4j-simple\2.0.7\slf4j-simple-2.0.7.jar;C:\Users\admin\.m2\repository\org\assertj\assertj-core\3.24.2\assertj-core-3.24.2.jar;C:\Users\admin\.m2\repository\net\bytebuddy\byte-buddy\1.12.21\byte-buddy-1.12.21.jar;C:\Users\admin\.m2\repository\net\datafaker\datafaker\1.9.0\datafaker-1.9.0.jar;C:\Users\admin\.m2\repository\org\yaml\snakeyaml\2.0\snakeyaml-2.0.jar;C:\Users\admin\.m2\repository\com\github\mifmif\generex\1.0.2\generex-1.0.2.jar;C:\Users\admin\.m2\repository\dk\brics\automaton\automaton\1.11-8\automaton-1.11-8.jar;C:\Users\admin\.m2\repository\ru\yandex\qatools\ashot\ashot\1.5.4\ashot-1.5.4.jar;C:\Users\admin\.m2\repository\com\google\code\gson\gson\2.6.2\gson-2.6.2.jar;C:\Users\admin\.m2\repository\org\hamcrest\hamcrest-core\1.3\hamcrest-core-1.3.jar;C:\Users\admin\.m2\repository\io\qameta\allure\allure-plugin-api\2.22.0\allure-plugin-api-2.22.0.jar;C:\Users\admin\.m2\repository\com\fasterxml\jackson\module\jackson-module-jaxb-annotations\2.14.1\jackson-module-jaxb-annotations-2.14.1.jar;C:\Users\admin\.m2\repository\jakarta\xml\bind\jakarta.xml.bind-api\2.3.3\jakarta.xml.bind-api-2.3.3.jar;C:\Users\admin\.m2\repository\jakarta\activation\jakarta.activation-api\1.2.2\jakarta.activation-api-1.2.2.jar;C:\Users\admin\.m2\repository\com\opencsv\opencsv\4.6\opencsv-4.6.jar;C:\Users\admin\.m2\repository\org\apache\commons\commons-text\1.3\commons-text-1.3.jar;C:\Users\admin\.m2\repository\commons-beanutils\commons-beanutils\1.9.3\commons-beanutils-1.9.3.jar;C:\Users\admin\.m2\repository\commons-collections\commons-collections\3.2.2\commons-collections-3.2.2.jar;C:\Users\admin\.m2\repository\com\vladsch\flexmark\flexmark\0.62.2\flexmark-0.62.2.jar;C:\Users\admin\.m2\repository\com\vladsch\flexmark\flexmark-util-ast\0.62.2\flexmark-util-ast-0.62.2.jar;C:\Users\admin\.m2\repository\org\jetbrains\annotations\15.0\annotations-15.0.jar;C:\Users\admin\.m2\repository\com\vladsch\flexmark\flexmark-util-builder\0.62.2\flexmark-util-builder-0.62.2.jar;C:\Users\admin\.m2\repository\com\vladsch\flexmark\flexmark-util-collection\0.62.2\flexmark-util-collection-0.62.2.jar;C:\Users\admin\.m2\repository\com\vladsch\flexmark\flexmark-util-data\0.62.2\flexmark-util-data-0.62.2.jar;C:\Users\admin\.m2\repository\com\vladsch\flexmark\flexmark-util-dependency\0.62.2\flexmark-util-dependency-0.62.2.jar;C:\Users\admin\.m2\repository\com\vladsch\flexmark\flexmark-util-format\0.62.2\flexmark-util-format-0.62.2.jar;C:\Users\admin\.m2\repository\com\vladsch\flexmark\flexmark-util-html\0.62.2\flexmark-util-html-0.62.2.jar;C:\Users\admin\.m2\repository\com\vladsch\flexmark\flexmark-util-misc\0.62.2\flexmark-util-misc-0.62.2.jar;C:\Users\admin\.m2\repository\com\vladsch\flexmark\flexmark-util-sequence\0.62.2\flexmark-util-sequence-0.62.2.jar;C:\Users\admin\.m2\repository\com\vladsch\flexmark\flexmark-util-visitor\0.62.2\flexmark-util-visitor-0.62.2.jar;C:\Users\admin\.m2\repository\com\vladsch\flexmark\flexmark-ext-tables\0.62.2\flexmark-ext-tables-0.62.2.jar;C:\Users\admin\.m2\repository\com\vladsch\flexmark\flexmark-util\0.62.2\flexmark-util-0.62.2.jar;C:\Users\admin\.m2\repository\com\vladsch\flexmark\flexmark-util-options\0.62.2\flexmark-util-options-0.62.2.jar;C:\Users\admin\.m2\repository\javax\xml\bind\jaxb-api\2.3.1\jaxb-api-2.3.1.jar;C:\Users\admin\.m2\repository\javax\activation\javax.activation-api\1.2.0\javax.activation-api-1.2.0.jar;C:\Users\admin\.m2\repository\org\freemarker\freemarker\2.3.32\freemarker-2.3.32.jar;C:\Users\admin\.m2\repository\io\qameta\allure\allure-testng\2.22.0\allure-testng-2.22.0.jar;C:\Users\admin\.m2\repository\io\qameta\allure\allure-java-commons\2.22.0\allure-java-commons-2.22.0.jar;C:\Users\admin\.m2\repository\io\qameta\allure\allure-model\2.22.0\allure-model-2.22.0.jar;C:\Users\admin\.m2\repository\io\qameta\allure\allure-test-filter\2.22.0\allure-test-filter-2.22.0.jar;C:\Users\admin\.m2\repository\io\qameta\allure\allure-attachments\2.22.0\allure-attachments-2.22.0.jar;C:\Users\admin\.m2\repository\com\github\automatedowl\allure-environment-writer\1.0.0\allure-environment-writer-1.0.0.jar;C:\Users\admin\.m2\repository\com\aventstack\extentreports\5.0.9\extentreports-5.0.9.jar;C:\Users\admin\.m2\repository\io\reactivex\rxjava3\rxjava\3.0.4\rxjava-3.0.4.jar;C:\Users\admin\.m2\repository\org\reactivestreams\reactive-streams\1.0.3\reactive-streams-1.0.3.jar;C:\Users\admin\.m2\repository\tech\grasshopper\pdfextentreporter\1.3.2\pdfextentreporter-1.3.2.jar;C:\Users\admin\.m2\repository\org\apache\pdfbox\pdfbox\2.0.26\pdfbox-2.0.26.jar;C:\Users\admin\.m2\repository\org\apache\pdfbox\fontbox\2.0.26\fontbox-2.0.26.jar;C:\Users\admin\.m2\repository\commons-logging\commons-logging\1.2\commons-logging-1.2.jar;C:\Users\admin\.m2\repository\org\knowm\xchart\xchart\3.8.0\xchart-3.8.0.jar;C:\Users\admin\.m2\repository\de\erichseifert\vectorgraphics2d\VectorGraphics2D\0.13\VectorGraphics2D-0.13.jar;C:\Users\admin\.m2\repository\de\rototor\pdfbox\graphics2d\0.30\graphics2d-0.30.jar;C:\Users\admin\.m2\repository\com\madgag\animated-gif-lib\1.4\animated-gif-lib-1.4.jar;C:\Users\admin\.m2\repository\org\jsoup\jsoup\1.14.3\jsoup-1.14.3.jar;C:\Users\admin\.m2\repository\tech\grasshopper\table-layout\1.5.1\table-layout-1.5.1.jar;C:\Users\admin\.m2\repository\io\github\bonigarcia\webdrivermanager\5.9.2\webdrivermanager-5.9.2.jar;C:\Users\admin\.m2\repository\com\github\docker-java\docker-java\3.4.0\docker-java-3.4.0.jar;C:\Users\admin\.m2\repository\com\github\docker-java\docker-java-core\3.4.0\docker-java-core-3.4.0.jar;C:\Users\admin\.m2\repository\com\github\docker-java\docker-java-api\3.4.0\docker-java-api-3.4.0.jar;C:\Users\admin\.m2\repository\org\slf4j\jcl-over-slf4j\1.7.30\jcl-over-slf4j-1.7.30.jar;C:\Users\admin\.m2\repository\com\github\docker-java\docker-java-transport-httpclient5\3.4.0\docker-java-transport-httpclient5-3.4.0.jar;C:\Users\admin\.m2\repository\com\github\docker-java\docker-java-transport\3.4.0\docker-java-transport-3.4.0.jar;C:\Users\admin\.m2\repository\net\java\dev\jna\jna\5.13.0\jna-5.13.0.jar;C:\Users\admin\.m2\repository\org\brotli\dec\0.1.2\dec-0.1.2.jar;C:\Users\admin\.m2\repository\org\apache\commons\commons-lang3\3.15.0\commons-lang3-3.15.0.jar;C:\Users\admin\.m2\repository\org\apache\commons\commons-compress\1.26.2\commons-compress-1.26.2.jar;C:\Users\admin\.m2\repository\org\apache\httpcomponents\client5\httpclient5\5.2.1\httpclient5-5.2.1.jar;C:\Users\admin\.m2\repository\org\apache\httpcomponents\core5\httpcore5\5.2\httpcore5-5.2.jar;C:\Users\admin\.m2\repository\org\apache\httpcomponents\core5\httpcore5-h2\5.2\httpcore5-h2-5.2.jar;C:\Users\admin\.m2\repository\com\google\guava\guava\31.1-jre\guava-31.1-jre.jar;C:\Users\admin\.m2\repository\com\google\guava\failureaccess\1.0.1\failureaccess-1.0.1.jar;C:\Users\admin\.m2\repository\com\google\guava\listenablefuture\9999.0-empty-to-avoid-conflict-with-guava\listenablefuture-9999.0-empty-to-avoid-conflict-with-guava.jar;C:\Users\admin\.m2\repository\com\google\code\findbugs\jsr305\3.0.2\jsr305-3.0.2.jar;C:\Users\admin\.m2\repository\org\checkerframework\checker-qual\3.12.0\checker-qual-3.12.0.jar;C:\Users\admin\.m2\repository\com\google\errorprone\error_prone_annotations\2.11.0\error_prone_annotations-2.11.0.jar;C:\Users\admin\.m2\repository\com\google\j2objc\j2objc-annotations\1.3\j2objc-annotations-1.3.jar;C:\Users\admin\.m2\repository\org\apache\maven\plugins\maven-compiler-plugin\3.10.0\maven-compiler-plugin-3.10.0.jar;C:\Users\admin\.m2\repository\org\apache\maven\shared\maven-shared-utils\3.3.4\maven-shared-utils-3.3.4.jar;C:\Users\admin\.m2\repository\org\apache\maven\shared\maven-shared-incremental\1.1\maven-shared-incremental-1.1.jar;C:\Users\admin\.m2\repository\org\codehaus\plexus\plexus-component-annotations\1.5.5\plexus-component-annotations-1.5.5.jar;C:\Users\admin\.m2\repository\org\codehaus\plexus\plexus-java\1.1.1\plexus-java-1.1.1.jar;C:\Users\admin\.m2\repository\org\ow2\asm\asm\9.2\asm-9.2.jar;C:\Users\admin\.m2\repository\com\thoughtworks\qdox\qdox\2.0.1\qdox-2.0.1.jar;C:\Users\admin\.m2\repository\org\codehaus\plexus\plexus-compiler-api\2.10.0\plexus-compiler-api-2.10.0.jar;C:\Users\admin\.m2\repository\org\codehaus\plexus\plexus-utils\3.4.1\plexus-utils-3.4.1.jar;C:\Users\admin\.m2\repository\org\codehaus\plexus\plexus-compiler-manager\2.10.0\plexus-compiler-manager-2.10.0.jar;C:\Users\admin\.m2\repository\org\codehaus\plexus\plexus-compiler-javac\2.10.0\plexus-compiler-javac-2.10.0.jar;C:\Users\admin\.m2\repository\org\apache\maven\plugins\maven-surefire-plugin\3.1.0\maven-surefire-plugin-3.1.0.jar;C:\Users\admin\.m2\repository\org\apache\maven\surefire\maven-surefire-common\3.1.0\maven-surefire-common-3.1.0.jar;C:\Users\admin\.m2\repository\org\apache\maven\surefire\surefire-api\3.1.0\surefire-api-3.1.0.jar;C:\Users\admin\.m2\repository\org\apache\maven\surefire\surefire-logger-api\3.1.0\surefire-logger-api-3.1.0.jar;C:\Users\admin\.m2\repository\org\apache\maven\surefire\surefire-extensions-api\3.1.0\surefire-extensions-api-3.1.0.jar;C:\Users\admin\.m2\repository\org\apache\maven\surefire\surefire-booter\3.1.0\surefire-booter-3.1.0.jar;C:\Users\admin\.m2\repository\org\apache\maven\surefire\surefire-extensions-spi\3.1.0\surefire-extensions-spi-3.1.0.jar;C:\Users\admin\.m2\repository\org\eclipse\aether\aether-util\1.0.0.v20140518\aether-util-1.0.0.v20140518.jar;C:\Users\admin\.m2\repository\org\eclipse\aether\aether-api\1.0.0.v20140518\aether-api-1.0.0.v20140518.jar;C:\Users\admin\.m2\repository\org\apache\maven\shared\maven-common-artifact-filters\3.1.1\maven-common-artifact-filters-3.1.1.jar;C:\Users\admin\.m2\repository\org\apache\maven\maven-artifact\3.1.0\maven-artifact-3.1.0.jar;C:\Users\admin\.m2\repository\org\apache\maven\maven-core\3.1.0\maven-core-3.1.0.jar;C:\Users\admin\.m2\repository\org\apache\maven\maven-settings\3.1.0\maven-settings-3.1.0.jar;C:\Users\admin\.m2\repository\org\apache\maven\maven-settings-builder\3.1.0\maven-settings-builder-3.1.0.jar;C:\Users\admin\.m2\repository\org\apache\maven\maven-repository-metadata\3.1.0\maven-repository-metadata-3.1.0.jar;C:\Users\admin\.m2\repository\org\apache\maven\maven-model-builder\3.1.0\maven-model-builder-3.1.0.jar;C:\Users\admin\.m2\repository\org\apache\maven\maven-aether-provider\3.1.0\maven-aether-provider-3.1.0.jar;C:\Users\admin\.m2\repository\org\eclipse\aether\aether-spi\0.9.0.M2\aether-spi-0.9.0.M2.jar;C:\Users\admin\.m2\repository\org\eclipse\aether\aether-impl\0.9.0.M2\aether-impl-0.9.0.M2.jar;C:\Users\admin\.m2\repository\org\eclipse\sisu\org.eclipse.sisu.plexus\0.0.0.M2a\org.eclipse.sisu.plexus-0.0.0.M2a.jar;C:\Users\admin\.m2\repository\javax\enterprise\cdi-api\1.0\cdi-api-1.0.jar;C:\Users\admin\.m2\repository\javax\annotation\jsr250-api\1.0\jsr250-api-1.0.jar;C:\Users\admin\.m2\repository\javax\inject\javax.inject\1\javax.inject-1.jar;C:\Users\admin\.m2\repository\org\sonatype\sisu\sisu-guice\3.1.0\sisu-guice-3.1.0-no_aop.jar;C:\Users\admin\.m2\repository\aopalliance\aopalliance\1.0\aopalliance-1.0.jar;C:\Users\admin\.m2\repository\org\eclipse\sisu\org.eclipse.sisu.inject\0.0.0.M2a\org.eclipse.sisu.inject-0.0.0.M2a.jar;C:\Users\admin\.m2\repository\asm\asm\3.3.1\asm-3.3.1.jar;C:\Users\admin\.m2\repository\org\codehaus\plexus\plexus-interpolation\1.16\plexus-interpolation-1.16.jar;C:\Users\admin\.m2\repository\org\codehaus\plexus\plexus-classworlds\2.4.2\plexus-classworlds-2.4.2.jar;C:\Users\admin\.m2\repository\org\sonatype\plexus\plexus-sec-dispatcher\1.3\plexus-sec-dispatcher-1.3.jar;C:\Users\admin\.m2\repository\org\sonatype\plexus\plexus-cipher\1.4\plexus-cipher-1.4.jar;C:\Users\admin\.m2\repository\org\apache\maven\maven-plugin-api\3.1.0\maven-plugin-api-3.1.0.jar;C:\Users\admin\.m2\repository\org\apache\maven\surefire\surefire-shared-utils\3.1.0\surefire-shared-utils-3.1.0.jar;C:\Users\admin\.m2\repository\org\apache\poi\poi\5.2.3\poi-5.2.3.jar;C:\Users\admin\.m2\repository\commons-codec\commons-codec\1.15\commons-codec-1.15.jar;C:\Users\admin\.m2\repository\org\apache\commons\commons-collections4\4.4\commons-collections4-4.4.jar;C:\Users\admin\.m2\repository\org\apache\commons\commons-math3\3.6.1\commons-math3-3.6.1.jar;C:\Users\admin\.m2\repository\com\zaxxer\SparseBitSet\1.2\SparseBitSet-1.2.jar;C:\Users\admin\.m2\repository\org\apache\poi\poi-ooxml\5.2.3\poi-ooxml-5.2.3.jar;C:\Users\admin\.m2\repository\org\apache\poi\poi-ooxml-lite\5.2.3\poi-ooxml-lite-5.2.3.jar;C:\Users\admin\.m2\repository\org\apache\xmlbeans\xmlbeans\5.1.1\xmlbeans-5.1.1.jar;C:\Users\admin\.m2\repository\com\github\virtuald\curvesapi\1.07\curvesapi-1.07.jar;C:\Users\admin\.m2\repository\commons-io\commons-io\2.11.0\commons-io-2.11.0.jar;C:\Users\admin\.m2\repository\com\github\stephenc\monte\monte-screen-recorder\0.7.7.0\monte-screen-recorder-0.7.7.0.jar;C:\Users\admin\.m2\repository\org\aeonbits\owner\owner\1.0.12\owner-1.0.12.jar;C:\Users\admin\.m2\repository\org\projectlombok\lombok\1.18.26\lombok-1.18.26.jar;C:\Users\admin\.m2\repository\com\mysql\mysql-connector-j\8.0.33\mysql-connector-j-8.0.33.jar;C:\Users\admin\.m2\repository\com\google\protobuf\protobuf-java\3.21.9\protobuf-java-3.21.9.jar;C:\Users\admin\.m2\repository\com\google\zxing\javase\3.5.1\javase-3.5.1.jar;C:\Users\admin\.m2\repository\com\github\jai-imageio\jai-imageio-core\1.4.0\jai-imageio-core-1.4.0.jar;C:\Users\admin\.m2\repository\com\google\zxing\core\3.5.1\core-3.5.1.jar;C:\Users\admin\.m2\repository\org\aspectj\aspectjweaver\1.9.19\aspectjweaver-1.9.19.jar;C:\Users\admin\.m2\repository\com\github\pengrad\java-telegram-bot-api\7.7.0\java-telegram-bot-api-7.7.0.jar;C:\Users\admin\.m2\repository\com\squareup\okhttp3\okhttp\4.12.0\okhttp-4.12.0.jar;C:\Users\admin\.m2\repository\com\squareup\okio\okio\3.6.0\okio-3.6.0.jar;C:\Users\admin\.m2\repository\com\squareup\okio\okio-jvm\3.6.0\okio-jvm-3.6.0.jar;C:\Users\admin\.m2\repository\org\jetbrains\kotlin\kotlin-stdlib-common\1.9.10\kotlin-stdlib-common-1.9.10.jar;C:\Users\admin\.m2\repository\com\squareup\okhttp3\logging-interceptor\4.12.0\logging-interceptor-4.12.0.jar;C:\Users\admin\.m2\repository\org\jetbrains\kotlin\kotlin-stdlib-jdk8\1.9.22\kotlin-stdlib-jdk8-1.9.22.jar;C:\Users\admin\.m2\repository\org\jetbrains\kotlin\kotlin-stdlib\1.9.22\kotlin-stdlib-1.9.22.jar;C:\Users\admin\.m2\repository\org\jetbrains\kotlin\kotlin-stdlib-jdk7\1.9.22\kotlin-stdlib-jdk7-1.9.22.jar;C:\Users\admin\.m2\repository\com\jcraft\jsch\0.1.55\jsch-0.1.55.jar;C:\Users\admin\.m2\repository\io\cucumber\cucumber-java\7.18.1\cucumber-java-7.18.1.jar;C:\Users\admin\.m2\repository\io\cucumber\cucumber-core\7.18.1\cucumber-core-7.18.1.jar;C:\Users\admin\.m2\repository\io\cucumber\cucumber-gherkin-messages\7.18.1\cucumber-gherkin-messages-7.18.1.jar;C:\Users\admin\.m2\repository\io\cucumber\testng-xml-formatter\0.2.0\testng-xml-formatter-0.2.0.jar;C:\Users\admin\.m2\repository\io\cucumber\query\12.2.0\query-12.2.0.jar;C:\Users\admin\.m2\repository\io\cucumber\tag-expressions\6.1.0\tag-expressions-6.1.0.jar;C:\Users\admin\.m2\repository\io\cucumber\cucumber-expressions\17.1.0\cucumber-expressions-17.1.0.jar;C:\Users\admin\.m2\repository\io\cucumber\datatable\7.18.1\datatable-7.18.1.jar;C:\Users\admin\.m2\repository\io\cucumber\docstring\7.18.1\docstring-7.18.1.jar;C:\Users\admin\.m2\repository\io\cucumber\html-formatter\21.4.1\html-formatter-21.4.1.jar;C:\Users\admin\.m2\repository\io\cucumber\junit-xml-formatter\0.5.0\junit-xml-formatter-0.5.0.jar;C:\Users\admin\.m2\repository\io\cucumber\ci-environment\10.0.1\ci-environment-10.0.1.jar;C:\Users\admin\.m2\repository\org\apiguardian\apiguardian-api\1.1.2\apiguardian-api-1.1.2.jar;C:\Users\admin\.m2\repository\io\cucumber\cucumber-testng\7.18.1\cucumber-testng-7.18.1.jar;C:\Users\admin\.m2\repository\io\cucumber\cucumber-gherkin\7.18.1\cucumber-gherkin-7.18.1.jar;C:\Users\admin\.m2\repository\io\cucumber\cucumber-plugin\7.18.1\cucumber-plugin-7.18.1.jar;C:\Users\admin\.m2\repository\io\cucumber\gherkin\28.0.0\gherkin-28.0.0.jar;C:\Users\admin\.m2\repository\io\cucumber\messages\24.1.0\messages-24.1.0.jar;C:\Users\admin\.m2\repository\io\cucumber\cucumber-picocontainer\7.18.1\cucumber-picocontainer-7.18.1.jar;C:\Users\admin\.m2\repository\org\picocontainer\picocontainer\2.15\picocontainer-2.15.jar;C:\Users\admin\.m2\repository\io\qameta\allure\allure-cucumber7-jvm\2.22.0\allure-cucumber7-jvm-2.22.0.jar;"/>
    <property name="allure.results.directory" value="target/allure-results"/>
    <property name="sun.cpu.endian" value="little"/>
    <property name="user.home" value="C:\Users\admin"/>
    <property name="user.language" value="en"/>
    <property name="java.specification.vendor" value="Oracle Corporation"/>
    <property name="java.version.date" value="2023-07-18"/>
    <property name="java.home" value="C:\Users\admin\.jdks\openjdk-20.0.2"/>
    <property name="file.separator" value="\"/>
    <property name="basedir" value="D:\SPECTOS\selenium\SeleniumCucumberJava"/>
    <property name="java.vm.compressedOopsMode" value="Zero based"/>
    <property name="line.separator" value="&#10;"/>
    <property name="java.vm.specification.vendor" value="Oracle Corporation"/>
    <property name="java.specification.name" value="Java Platform API Specification"/>
    <property name="surefire.real.class.path" value="C:\Users\admin\AppData\Local\Temp\surefire567894212068251901\surefirebooter-20241011095306242_3.jar"/>
    <property name="user.script" value=""/>
    <property name="sun.management.compiler" value="HotSpot 64-Bit Tiered Compilers"/>
    <property name="java.runtime.version" value="20.0.2+9-78"/>
    <property name="user.name" value="admin"/>
    <property name="stdout.encoding" value="Cp1252"/>
    <property name="path.separator" value=";"/>
    <property name="os.version" value="10.0"/>
    <property name="java.runtime.name" value="OpenJDK Runtime Environment"/>
    <property name="file.encoding" value="UTF-8"/>
    <property name="java.vm.name" value="OpenJDK 64-Bit Server VM"/>
    <property name="localRepository" value="C:\Users\admin\.m2\repository"/>
    <property name="java.vendor.url.bug" value="https://bugreport.java.com/bugreport/"/>
    <property name="java.io.tmpdir" value="C:\Users\admin\AppData\Local\Temp\"/>
    <property name="idea.version" value="2022.2.2"/>
    <property name="java.version" value="20.0.2"/>
    <property name="user.dir" value="D:\SPECTOS\selenium\SeleniumCucumberJava"/>
    <property name="os.arch" value="amd64"/>
    <property name="java.vm.specification.name" value="Java Virtual Machine Specification"/>
    <property name="sun.os.patch.level" value=""/>
    <property name="native.encoding" value="Cp1252"/>
    <property name="java.library.path" value="C:\Users\admin\.jdks\openjdk-20.0.2\bin;C:\Windows\Sun\Java\bin;C:\Windows\system32;C:\Windows;C:\Program Files\Common Files\Oracle\Java\javapath;C:\Windows\system32;C:\Windows;C:\Windows\System32\Wbem;C:\Windows\System32\WindowsPowerShell\v1.0\;C:\Windows\System32\OpenSSH\;C:\Program Files\Git\cmd;C:\Program Files (x86)\Microsoft SQL Server\160\Tools\Binn\;C:\Program Files\Microsoft SQL Server\160\Tools\Binn\;C:\Program Files\Microsoft SQL Server\Client SDK\ODBC\170\Tools\Binn\;C:\Program Files\Microsoft SQL Server\160\DTS\Binn\;C:\Program Files (x86)\Microsoft SQL Server\160\DTS\Binn\;C:\Program Files\Azure Data Studio\bin;C:\apache-maven-3.9.5\bin;C:\Program Files\Java\jdk-21\bin;D:\SPECTOS\allure\allure-2.27.0\bin;C:\Users\admin\AppData\Local\Programs\Python\Python312\Scripts\;C:\Users\admin\AppData\Local\Programs\Python\Python312\;C:\Users\admin\AppData\Local\Microsoft\WindowsApps;;C:\Program Files\JetBrains\IntelliJ IDEA 2023.1.4\bin;;C:\Users\admin\AppData\Local\Programs\Microsoft VS Code\bin;C:\Program Files\Azure Data Studio\bin;C:\Program Files\JetBrains\IntelliJ IDEA Educational Edition 2022.2.2\bin;;."/>
    <property name="java.vm.info" value="mixed mode, sharing"/>
    <property name="stderr.encoding" value="Cp1252"/>
    <property name="java.vendor" value="Oracle Corporation"/>
    <property name="java.vm.version" value="20.0.2+9-78"/>
    <property name="sun.io.unicode.encoding" value="UnicodeLittle"/>
    <property name="java.class.version" value="64.0"/>
  </properties>
  <testcase name="runScenario[&quot;Successfully order placement single item&quot;, &quot;Place order with search and apply valid promoCode&quot;](1)" classname="runners.TestRunnerPlaceOrderWithSearchAndApplyValiadPromoCode" time="44.988">
    <system-out><![CDATA[[INFO] 11-10-2024 09:53:13 [LogUtils] - ----------------Before All-------------------
[INFO] 11-10-2024 09:53:13 [LogUtils] - Loaded all properties files.
[INFO] 11-10-2024 09:53:13 [LogUtils] - {TARGET=local, RETRY_TEST_FAIL=1, TELEGRAM_CHATID=, OVERRIDE_REPORTS=yes, SEND_REPORT_TO_TELEGRAM=no, SEND_EMAIL_TO_USERS=yes, ZIP_FOLDER_NAME=ExtentReports.zip, WAIT_DEFAULT=5, ADMIN_PASSWORD=123456, TELEGRAM_TOKEN=, CMS_DATA_FILE=src/test/resources/datatest/CMS.xlsx, VIDEO_RECORD=yes, SCREENSHOT_ALL_STEPS=no, EXTENT_REPORT_NAME=ExtentReports, EXPORT_VIDEO_PATH=ExportData/Videos, EXPORT_CAPTURE_PATH=ExportData/Images, WAIT_PAGE_LOADED=40, SCREENSHOT_PASSED_STEPS=yes, EXTENT_REPORT_FOLDER=reports/ExtentReports, WAIT_EXPLICIT=10, BROWSER=chrome, SCREENSHOT_SKIPPED_STEPS=yes, REPORT_TITLE=Report | Automation Framework Selenium, AUTHOR=Tester, WAIT_IMPLICIT=20, PROJECT_NAME=Automation Framework Selenium, URL=https://cms.anhtester.com/admin, HEADLESS=false, SCREENSHOT_FAILED_STEPS=yes, ACTIVE_PAGE_LOADED=true, WAIT_SLEEP_STEP=0, OPEN_REPORTS_AFTER_EXECUTION=no, ZIP_FOLDER_PATH=reports/ExtentReports, LOCATE=vi, ADMIN_EMAIL=admin@example.com, ZIP_FOLDER=no}

@successfullyOrderWithPromoCode
Scenario: Successfully order placement single item                                       &amp#27;[90m# src/test/resources/features/PlaceOrders/PlaceOrderWithSearchAndApplyValiadPromoCode.feature:5&amp#27;[0m
[INFO] 11-10-2024 09:53:14 [LogUtils] - Before scenario
[INFO] 11-10-2024 09:53:14 [LogUtils] - Loaded all properties files.
[INFO] 11-10-2024 09:53:14 [LogUtils] - {TARGET=local, RETRY_TEST_FAIL=1, TELEGRAM_CHATID=, OVERRIDE_REPORTS=yes, SEND_REPORT_TO_TELEGRAM=no, SEND_EMAIL_TO_USERS=yes, ZIP_FOLDER_NAME=ExtentReports.zip, WAIT_DEFAULT=5, ADMIN_PASSWORD=123456, TELEGRAM_TOKEN=, CMS_DATA_FILE=src/test/resources/datatest/CMS.xlsx, VIDEO_RECORD=yes, SCREENSHOT_ALL_STEPS=no, EXTENT_REPORT_NAME=ExtentReports, EXPORT_VIDEO_PATH=ExportData/Videos, EXPORT_CAPTURE_PATH=ExportData/Images, WAIT_PAGE_LOADED=40, SCREENSHOT_PASSED_STEPS=yes, EXTENT_REPORT_FOLDER=reports/ExtentReports, WAIT_EXPLICIT=10, BROWSER=chrome, SCREENSHOT_SKIPPED_STEPS=yes, REPORT_TITLE=Report | Automation Framework Selenium, AUTHOR=Tester, WAIT_IMPLICIT=20, PROJECT_NAME=Automation Framework Selenium, URL=https://cms.anhtester.com/admin, HEADLESS=false, SCREENSHOT_FAILED_STEPS=yes, ACTIVE_PAGE_LOADED=true, WAIT_SLEEP_STEP=0, OPEN_REPORTS_AFTER_EXECUTION=no, ZIP_FOLDER_PATH=reports/ExtentReports, LOCATE=vi, ADMIN_EMAIL=admin@example.com, ZIP_FOLDER=no}
Data From FrameworkConstants: {TARGET=local, RETRY_TEST_FAIL=1, TELEGRAM_CHATID=, OVERRIDE_REPORTS=yes, SEND_REPORT_TO_TELEGRAM=no, SEND_EMAIL_TO_USERS=yes, ZIP_FOLDER_NAME=ExtentReports.zip, WAIT_DEFAULT=5, ADMIN_PASSWORD=123456, TELEGRAM_TOKEN=, CMS_DATA_FILE=src/test/resources/datatest/CMS.xlsx, VIDEO_RECORD=yes, SCREENSHOT_ALL_STEPS=no, EXTENT_REPORT_NAME=ExtentReports, EXPORT_VIDEO_PATH=ExportData/Videos, EXPORT_CAPTURE_PATH=ExportData/Images, WAIT_PAGE_LOADED=40, SCREENSHOT_PASSED_STEPS=yes, EXTENT_REPORT_FOLDER=reports/ExtentReports, WAIT_EXPLICIT=10, BROWSER=chrome, SCREENSHOT_SKIPPED_STEPS=yes, REPORT_TITLE=Report | Automation Framework Selenium, AUTHOR=Tester, WAIT_IMPLICIT=20, PROJECT_NAME=Automation Framework Selenium, URL=https://cms.anhtester.com/admin, HEADLESS=false, SCREENSHOT_FAILED_STEPS=yes, ACTIVE_PAGE_LOADED=true, WAIT_SLEEP_STEP=0, OPEN_REPORTS_AFTER_EXECUTION=no, ZIP_FOLDER_PATH=reports/ExtentReports, LOCATE=vi, ADMIN_EMAIL=admin@example.com, ZIP_FOLDER=no}
[INFO] 11-10-2024 09:53:14 [LogUtils] - Before Step
Launching Chrome browser...
[INFO] 11-10-2024 09:53:19 [LogUtils] - Driver in TestContext: ChromeDriver: chrome on windows (bb0529e2754118ce51f2ff032bd1761d)
[INFO] 11-10-2024 09:53:22 [LogUtils] - Open URL: https://rahulshettyacademy.com/seleniumPractise/#/
  &amp#27;[32mGiven &amp#27;[0m&amp#27;[32mUser is on the product page &amp#27;[0m&amp#27;[32m&amp#27;[1m"https://rahulshettyacademy.com/seleniumPractise/#/"&amp#27;[0m &amp#27;[90m# stepdefinitions.StepsPlaceOrderWithSearchAndApplyValiadPromoCode.userIsOnTheProductPage(java.lang.String)&amp#27;[0m
[INFO] 11-10-2024 09:53:22 [LogUtils] - After step
[INFO] 11-10-2024 09:53:22 [LogUtils] - Before Step
[INFO] 11-10-2024 09:53:22 [LogUtils] - itemNameExpectedList: [Raspberry - 1/4 Kg]
[INFO] 11-10-2024 09:53:22 [LogUtils] - itemPriceExpectedList: [160]
[INFO] 11-10-2024 09:53:22 [LogUtils] - qualityList: [1]
[INFO] 11-10-2024 09:53:22 [LogUtils] - Verify element visible By.xpath: //input[@class='search-keyword']
[INFO] 11-10-2024 09:53:22 [LogUtils] - Clear value in textbox By.xpath: //input[@class='search-keyword']
[INFO] 11-10-2024 09:53:23 [LogUtils] - Verify element visible By.xpath: //input[@class='search-keyword']
[INFO] 11-10-2024 09:53:23 [LogUtils] - Set text Raspberry - 1/4 Kg on By.xpath: //input[@class='search-keyword']
[INFO] 11-10-2024 09:53:24 [LogUtils] - Number of items in search result: 1
[INFO] 11-10-2024 09:53:24 [LogUtils] - Element existing
[INFO] 11-10-2024 09:53:24 [LogUtils] - Show information of list search Item result
[INFO] 11-10-2024 09:53:24 [LogUtils] - itemNameActual: Raspberry - 1/4 Kg
[INFO] 11-10-2024 09:53:24 [LogUtils] - Verify Equals: Raspberry - 1/4 Kg CONTAINS Raspberry - 1/4 Kg
[INFO] 11-10-2024 09:53:24 [LogUtils] - Passed verify at line 45: in method searchItem - file ProductPage.java
searchItemResults: [[[ChromeDriver: chrome on windows (bb0529e2754118ce51f2ff032bd1761d)] -> xpath: //div[@class='products']/div]]
[INFO] 11-10-2024 09:53:24 [LogUtils] - itemNameActual: Raspberry - 1/4 Kg
[INFO] 11-10-2024 09:53:24 [LogUtils] - i: 0
[INFO] 11-10-2024 09:53:24 [LogUtils] - j: 0
[INFO] 11-10-2024 09:53:24 [LogUtils] - itemNameExpectedList.get(j): Raspberry - 1/4 Kg
[INFO] 11-10-2024 09:53:24 [LogUtils] - Verify Equals: Raspberry - 1/4 Kg CONTAINS Raspberry - 1/4 Kg
[INFO] 11-10-2024 09:53:24 [LogUtils] - Passed verify at line 91: in method addToCards - file ProductPage.java
[INFO] 11-10-2024 09:53:24 [LogUtils] - itemPriceActual: 160
[INFO] 11-10-2024 09:53:24 [LogUtils] - Verify Equals: 160 = 160
[INFO] 11-10-2024 09:53:24 [LogUtils] - Passed verify at line 95: in method addToCards - file ProductPage.java
[INFO] 11-10-2024 09:53:24 [LogUtils] - Verify Equals: 1 = 1
[INFO] 11-10-2024 09:53:24 [LogUtils] - Passed verify at line 98: in method addToCards - file ProductPage.java
[INFO] 11-10-2024 09:53:25 [LogUtils] - Verify element visible By.xpath: //tbody/tr[1]/td[3]
[INFO] 11-10-2024 09:53:25 [LogUtils] - Get text from By.xpath: //tbody/tr[1]/td[3] is: 0
[INFO] 11-10-2024 09:53:25 [LogUtils] - Value from table at row 1 column 3 is 0
86: 0
[INFO] 11-10-2024 09:53:26 [LogUtils] - Verify element visible By.xpath: //tbody/tr[2]/td[3]
[INFO] 11-10-2024 09:53:26 [LogUtils] - Get text from By.xpath: //tbody/tr[2]/td[3] is: 0
[INFO] 11-10-2024 09:53:26 [LogUtils] - Value from table at row 2 column 3 is 0
87: 0
[INFO] 11-10-2024 09:53:27 [LogUtils] - Verify element visible By.xpath: //tbody/tr[1]/td[3]
[INFO] 11-10-2024 09:53:27 [LogUtils] - Get text from By.xpath: //tbody/tr[1]/td[3] is: 0
[INFO] 11-10-2024 09:53:27 [LogUtils] - Value from table at row 1 column 3 is 0
[INFO] 11-10-2024 09:53:28 [LogUtils] - Verify element visible By.xpath: //tbody/tr[2]/td[3]
[INFO] 11-10-2024 09:53:28 [LogUtils] - Get text from By.xpath: //tbody/tr[2]/td[3] is: 0
[INFO] 11-10-2024 09:53:28 [LogUtils] - Value from table at row 2 column 3 is 0
99: 0
[INFO] 11-10-2024 09:53:30 [LogUtils] - Verify element visible By.xpath: //tbody/tr[1]/td[3]
[INFO] 11-10-2024 09:53:30 [LogUtils] - Get text from By.xpath: //tbody/tr[1]/td[3] is: 1
[INFO] 11-10-2024 09:53:30 [LogUtils] - Value from table at row 1 column 3 is 1
109: {}
itemInCart.keySet().contains(itemNameActual): false
113: {Raspberry - 1/4 Kg=1}
[INFO] 11-10-2024 09:53:30 [LogUtils] - Verify Equals: 1 = 1
[INFO] 11-10-2024 09:53:30 [LogUtils] - Passed verify at line 128: in method addToCards - file ProductPage.java
[INFO] 11-10-2024 09:53:31 [LogUtils] - Verify element visible By.xpath: //tbody/tr[2]/td[3]
[INFO] 11-10-2024 09:53:31 [LogUtils] - Get text from By.xpath: //tbody/tr[2]/td[3] is: 160
[INFO] 11-10-2024 09:53:31 [LogUtils] - Value from table at row 2 column 3 is 160
[INFO] 11-10-2024 09:53:31 [LogUtils] - Verify Equals: 160 = 160
[INFO] 11-10-2024 09:53:31 [LogUtils] - Passed verify at line 132: in method addToCards - file ProductPage.java
[INFO] 11-10-2024 09:53:31 [LogUtils] - itemInCart: {Raspberry - 1/4 Kg=1}
[INFO] 11-10-2024 09:53:31 [LogUtils] - Verify element visible By.xpath: //a[@class='cart-icon']
[INFO] 11-10-2024 09:53:31 [LogUtils] - Clicked on the element By.xpath: //a[@class='cart-icon']
[INFO] 11-10-2024 09:53:33 [LogUtils] - Verify element visible By.xpath: //button[text()='PROCEED TO CHECKOUT']
[INFO] 11-10-2024 09:53:33 [LogUtils] - Product NameRaspberry - 1/4 Kg
[INFO] 11-10-2024 09:53:33 [LogUtils] - itemNameExpected: Raspberry - 1/4 Kg
[INFO] 11-10-2024 09:53:33 [LogUtils] - Verify Equals: 160 = 160
[INFO] 11-10-2024 09:53:33 [LogUtils] - Passed verify at line 158: in method verifyProceedToCheckoutPopupPage - file ProductPage.java
[INFO] 11-10-2024 09:53:33 [LogUtils] - Verify Equals: 160 = 160
[INFO] 11-10-2024 09:53:33 [LogUtils] - Passed verify at line 159: in method verifyProceedToCheckoutPopupPage - file ProductPage.java
[INFO] 11-10-2024 09:53:33 [LogUtils] - Verify TRUE: true
[INFO] 11-10-2024 09:53:33 [LogUtils] - Passed verify at line 164: in method verifyProceedToCheckoutPopupPage - file ProductPage.java
[INFO] 11-10-2024 09:53:33 [LogUtils] - Verify element visible By.xpath: //a[@class='cart-icon']
[INFO] 11-10-2024 09:53:33 [LogUtils] - Clicked on the element By.xpath: //a[@class='cart-icon']
[INFO] 11-10-2024 09:53:33 [LogUtils] - Verify element visible By.xpath: //a[@class='cart-icon']
[INFO] 11-10-2024 09:53:33 [LogUtils] - Clicked on the element By.xpath: //a[@class='cart-icon']
[INFO] 11-10-2024 09:53:33 [LogUtils] - Verify element visible By.xpath: //button[text()='PROCEED TO CHECKOUT']
[INFO] 11-10-2024 09:53:33 [LogUtils] - Clicked on the element By.xpath: //button[text()='PROCEED TO CHECKOUT']
  &amp#27;[32mWhen &amp#27;[0m&amp#27;[32mUser search products and add to cart&amp#27;[0m                                              &amp#27;[90m# stepdefinitions.StepsPlaceOrderWithSearchAndApplyValiadPromoCode.userSearchProductsAndAddToCart(io.cucumber.datatable.DataTable)&amp#27;[0m
    | search item        | item               | quality | price | Price in Cart | promo code         | Discount | Apply code message | Country  | Agree to the Terms & Conditions |
    | Raspberry - 1/4 Kg | Raspberry - 1/4 Kg | 1       | 160   | 160           | rahulshettyacademy | 10       | Code applied ..!   | Viet Nam | yes                             |
[INFO] 11-10-2024 09:53:34 [LogUtils] - After step
[INFO] 11-10-2024 09:53:35 [LogUtils] - Before Step
[INFO] 11-10-2024 09:53:35 [LogUtils] - itemNameExpectedList: [Raspberry - 1/4 Kg]
[INFO] 11-10-2024 09:53:35 [LogUtils] - itemPriceExpectedList: [160]
[INFO] 11-10-2024 09:53:35 [LogUtils] - qualityList: [1]
[INFO] 11-10-2024 09:53:35 [LogUtils] - Verify element visible By.xpath: //tbody//td[5]/p
[INFO] 11-10-2024 09:53:35 [LogUtils] - totalRows size: 1
78 : 1
totalAmountCalculation 79 : 0
itemNameExpectedList.get(j) : Raspberry - 1/4 Kg
[INFO] 11-10-2024 09:53:36 [LogUtils] - Verify element visible By.xpath: //tbody/tr[1]/td[2]
[INFO] 11-10-2024 09:53:36 [LogUtils] - Get text from By.xpath: //tbody/tr[1]/td[2] is: Raspberry - 1/4 Kg
[INFO] 11-10-2024 09:53:36 [LogUtils] - Value from table at row 1 column 2 is Raspberry - 1/4 Kg
WebUI.getValueOnTableByRowColumn(i, 2) : Raspberry - 1/4 Kg
[INFO] 11-10-2024 09:53:37 [LogUtils] - Verify element visible By.xpath: //tbody/tr[1]/td[2]
[INFO] 11-10-2024 09:53:37 [LogUtils] - Get text from By.xpath: //tbody/tr[1]/td[2] is: Raspberry - 1/4 Kg
[INFO] 11-10-2024 09:53:37 [LogUtils] - Value from table at row 1 column 2 is Raspberry - 1/4 Kg
[INFO] 11-10-2024 09:53:38 [LogUtils] - Verify element visible By.xpath: //tbody/tr[1]/td[3]
[INFO] 11-10-2024 09:53:38 [LogUtils] - Get text from By.xpath: //tbody/tr[1]/td[3] is: 1
[INFO] 11-10-2024 09:53:38 [LogUtils] - Value from table at row 1 column 3 is 1
[INFO] 11-10-2024 09:53:38 [LogUtils] - Verify Equals: 1 = 1
[INFO] 11-10-2024 09:53:38 [LogUtils] - Passed verify at line 99: in method verifyPlaceOrderConfirmation - file PlaceOrderPage.java
[INFO] 11-10-2024 09:53:39 [LogUtils] - Verify element visible By.xpath: //tbody/tr[1]/td[4]
[INFO] 11-10-2024 09:53:39 [LogUtils] - Get text from By.xpath: //tbody/tr[1]/td[4] is: 160
[INFO] 11-10-2024 09:53:39 [LogUtils] - Value from table at row 1 column 4 is 160
[INFO] 11-10-2024 09:53:39 [LogUtils] - Verify Equals: 160 = 160
[INFO] 11-10-2024 09:53:39 [LogUtils] - Passed verify at line 100: in method verifyPlaceOrderConfirmation - file PlaceOrderPage.java
[INFO] 11-10-2024 09:53:40 [LogUtils] - Verify element visible By.xpath: //tbody/tr[1]/td[5]
[INFO] 11-10-2024 09:53:40 [LogUtils] - Get text from By.xpath: //tbody/tr[1]/td[5] is: 160
[INFO] 11-10-2024 09:53:40 [LogUtils] - Value from table at row 1 column 5 is 160
[INFO] 11-10-2024 09:53:40 [LogUtils] - Verify Equals: 160 = 160
[INFO] 11-10-2024 09:53:40 [LogUtils] - Passed verify at line 101: in method verifyPlaceOrderConfirmation - file PlaceOrderPage.java
[INFO] 11-10-2024 09:53:40 [LogUtils] - Verify TRUE: true
[INFO] 11-10-2024 09:53:40 [LogUtils] - Passed verify at line 106: in method verifyPlaceOrderConfirmation - file PlaceOrderPage.java
[INFO] 11-10-2024 09:53:40 [LogUtils] - Verify element visible By.xpath: //span[@class='totAmt']
[INFO] 11-10-2024 09:53:40 [LogUtils] - Get text from By.xpath: //span[@class='totAmt'] is: 160
[INFO] 11-10-2024 09:53:40 [LogUtils] - Verify Equals: 160 = 160
[INFO] 11-10-2024 09:53:40 [LogUtils] - Passed verify at line 112: in method verifyPlaceOrderConfirmation - file PlaceOrderPage.java
[INFO] 11-10-2024 09:53:40 [LogUtils] - Verify element visible By.xpath: //span[@class='discountPerc']
[INFO] 11-10-2024 09:53:40 [LogUtils] - Get text from By.xpath: //span[@class='discountPerc'] is: 0%
[INFO] 11-10-2024 09:53:40 [LogUtils] - Verify Equals: 0 = 0
[INFO] 11-10-2024 09:53:40 [LogUtils] - Passed verify at line 113: in method verifyPlaceOrderConfirmation - file PlaceOrderPage.java
[INFO] 11-10-2024 09:53:40 [LogUtils] - Verify element visible By.xpath: //span[@class='discountAmt']
[INFO] 11-10-2024 09:53:40 [LogUtils] - Get text from By.xpath: //span[@class='discountAmt'] is: 160
[INFO] 11-10-2024 09:53:40 [LogUtils] - Verify Equals: 160 = 160
[INFO] 11-10-2024 09:53:40 [LogUtils] - Passed verify at line 114: in method verifyPlaceOrderConfirmation - file PlaceOrderPage.java
[INFO] 11-10-2024 09:53:40 [LogUtils] - Promo Code: rahulshettyacademy
[INFO] 11-10-2024 09:53:40 [LogUtils] - Verify element visible By.xpath: //input[@class='promoCode']
[INFO] 11-10-2024 09:53:41 [LogUtils] - Verify element visible By.xpath: //input[@class='promoCode']
[INFO] 11-10-2024 09:53:41 [LogUtils] - Clear and Fill rahulshettyacademy on By.xpath: //input[@class='promoCode']
[INFO] 11-10-2024 09:53:41 [LogUtils] - Verify element visible By.xpath: //button[@class='promoBtn']
[INFO] 11-10-2024 09:53:41 [LogUtils] - Clicked on the element By.xpath: //button[@class='promoBtn']
[INFO] 11-10-2024 09:53:46 [LogUtils] - Verify element visible By.xpath: //span[@class='promoInfo']
[INFO] 11-10-2024 09:53:46 [LogUtils] - Verify element visible By.xpath: //span[@class='promoInfo']
[INFO] 11-10-2024 09:53:46 [LogUtils] - Get text from By.xpath: //span[@class='promoInfo'] is: Code applied ..!
[INFO] 11-10-2024 09:53:46 [LogUtils] - Verify text of an element [Equals]: true
[INFO] 11-10-2024 09:53:46 [LogUtils] - Verify element visible By.xpath: //span[@class='promoInfo']
[INFO] 11-10-2024 09:53:46 [LogUtils] - Get text from By.xpath: //span[@class='promoInfo'] is: Code applied ..!
[INFO] 11-10-2024 09:53:46 [LogUtils] - Verify element visible By.xpath: //span[@class='promoInfo']
[INFO] 11-10-2024 09:53:46 [LogUtils] - Get text from By.xpath: //span[@class='promoInfo'] is: Code applied ..!
[INFO] 11-10-2024 09:53:46 [LogUtils] - Verify element visible By.xpath: //span[@class='promoInfo']
[INFO] 11-10-2024 09:53:46 [LogUtils] - Get text from By.xpath: //span[@class='promoInfo'] is: Code applied ..!
[INFO] 11-10-2024 09:53:46 [LogUtils] - Verify element visible By.xpath: //span[@class='discountPerc']
[INFO] 11-10-2024 09:53:46 [LogUtils] - Get text from By.xpath: //span[@class='discountPerc'] is: 10%
[INFO] 11-10-2024 09:53:46 [LogUtils] - Verify Equals: 10 = 10
[INFO] 11-10-2024 09:53:46 [LogUtils] - Passed verify at line 120: in method verifyPlaceOrderConfirmation - file PlaceOrderPage.java
[INFO] 11-10-2024 09:53:46 [LogUtils] - Verify element visible By.xpath: //span[@class='totAmt']
[INFO] 11-10-2024 09:53:46 [LogUtils] - Get text from By.xpath: //span[@class='totAmt'] is: 160
[INFO] 11-10-2024 09:53:46 [LogUtils] - Verify Equals: 160 = 160
[INFO] 11-10-2024 09:53:46 [LogUtils] - Passed verify at line 121: in method verifyPlaceOrderConfirmation - file PlaceOrderPage.java
[INFO] 11-10-2024 09:53:46 [LogUtils] - Verify element visible By.xpath: //span[@class='totAmt']
[INFO] 11-10-2024 09:53:46 [LogUtils] - Get text from By.xpath: //span[@class='totAmt'] is: 160
[INFO] 11-10-2024 09:53:46 [LogUtils] - Verify Equals: 160 = 160
[INFO] 11-10-2024 09:53:46 [LogUtils] - Passed verify at line 122: in method verifyPlaceOrderConfirmation - file PlaceOrderPage.java
[INFO] 11-10-2024 09:53:46 [LogUtils] - Verify element visible By.xpath: //span[@class='discountAmt']
[INFO] 11-10-2024 09:53:46 [LogUtils] - Get text from By.xpath: //span[@class='discountAmt'] is: 144
[INFO] 11-10-2024 09:53:46 [LogUtils] - Verify Equals: 144 = 144
[INFO] 11-10-2024 09:53:46 [LogUtils] - Passed verify at line 129: in method verifyPlaceOrderConfirmation - file PlaceOrderPage.java
[INFO] 11-10-2024 09:53:47 [LogUtils] - Verify element visible By.xpath: //button[text()='Place Order']
[INFO] 11-10-2024 09:53:47 [LogUtils] - Clicked on the element By.xpath: //button[text()='Place Order']
  &amp#27;[32mAnd &amp#27;[0m&amp#27;[32mThe user proceeds to checkout and apply promoCode&amp#27;[0m                                  &amp#27;[90m# stepdefinitions.StepsPlaceOrderWithSearchAndApplyValiadPromoCode.theUserProceedsToCheckoutAndApplyPromoCode(io.cucumber.datatable.DataTable)&amp#27;[0m
    | search item        | item               | quality | price | Price in Cart | promo code         | Discount | Apply code message | Country  | Agree to the Terms & Conditions |
    | Raspberry - 1/4 Kg | Raspberry - 1/4 Kg | 1       | 160   | 160           | rahulshettyacademy | 10       | Code applied ..!   | Viet Nam | yes                             |
[INFO] 11-10-2024 09:53:47 [LogUtils] - After step
[INFO] 11-10-2024 09:53:47 [LogUtils] - Before Step
[INFO] 11-10-2024 09:53:47 [LogUtils] - Select Option by Text: Vietnam
  &amp#27;[32mAnd &amp#27;[0m&amp#27;[32mThe user enter country &amp#27;[0m&amp#27;[32m&amp#27;[1m"Vietnam"&amp#27;[0m                                                   &amp#27;[90m# stepdefinitions.StepsPlaceOrderWithSearchAndApplyValiadPromoCode.theUserEnterCountry(java.lang.String)&amp#27;[0m
[INFO] 11-10-2024 09:53:47 [LogUtils] - After step
[INFO] 11-10-2024 09:53:47 [LogUtils] - Before Step
[INFO] 11-10-2024 09:53:47 [LogUtils] - Verify element visible By.xpath: //input[@class='chkAgree']
[INFO] 11-10-2024 09:53:47 [LogUtils] - Clicked on the element By.xpath: //input[@class='chkAgree']
  &amp#27;[32mAnd &amp#27;[0m&amp#27;[32mThe user agree terms conditions&amp#27;[0m                                                    &amp#27;[90m# stepdefinitions.StepsPlaceOrderWithSearchAndApplyValiadPromoCode.theUserAgreeTermsConditions()&amp#27;[0m
[INFO] 11-10-2024 09:53:47 [LogUtils] - After step
[INFO] 11-10-2024 09:53:47 [LogUtils] - Before Step
[INFO] 11-10-2024 09:53:47 [LogUtils] - Verify element visible By.xpath: //button[contains(text(),'Proceed')]
[INFO] 11-10-2024 09:53:47 [LogUtils] - Clicked on the element By.xpath: //button[contains(text(),'Proceed')]
  &amp#27;[32mAnd &amp#27;[0m&amp#27;[32mThe user confirm order&amp#27;[0m                                                             &amp#27;[90m# stepdefinitions.StepsPlaceOrderWithSearchAndApplyValiadPromoCode.theUserConfirmOrder()&amp#27;[0m
[INFO] 11-10-2024 09:53:47 [LogUtils] - After step
[INFO] 11-10-2024 09:53:47 [LogUtils] - Before Step
  &amp#27;[32mThen &amp#27;[0m&amp#27;[32mThe user should see the order confirmation message&amp#27;[0m                                &amp#27;[90m# stepdefinitions.StepsPlaceOrderWithSearchAndApplyValiadPromoCode.theUserShouldSeeTheOrderConfirmationMessage()&amp#27;[0m
[INFO] 11-10-2024 09:53:47 [LogUtils] - After step
[INFO] 11-10-2024 09:53:48 [LogUtils] - After scenario
Closing browser...
Debug 80: ChromeDriver: chrome on windows (bb0529e2754118ce51f2ff032bd1761d)
]]></system-out>
    <system-err><![CDATA[[main] INFO io.github.bonigarcia.wdm.WebDriverManager - Using chromedriver 129.0.6668.100 (resolved driver for Chrome 129)
[main] INFO io.github.bonigarcia.wdm.WebDriverManager - Exporting webdriver.chrome.driver as C:\Users\admin\.cache\selenium\chromedriver\win64\129.0.6668.100\chromedriver.exe
Oct 11, 2024 9:53:18 AM org.openqa.selenium.devtools.CdpVersionFinder findNearestMatch
WARNING: Unable to find CDP implementation matching 129
Oct 11, 2024 9:53:18 AM org.openqa.selenium.chromium.ChromiumDriver lambda$new$5
WARNING: Unable to find version of CDP to use for 129.0.6668.100. You may need to include a dependency on a specific version of the CDP using something similar to `org.seleniumhq.selenium:selenium-devtools-v86:4.11.0` where the version ("v86") matches the version of the chromium-based browser you're using and the version number of the artifact is the same as Selenium's.
]]></system-err>
  </testcase>
  <testcase name="runScenario[&quot;Successfully order placement multiple items&quot;, &quot;Place order with search and apply valid promoCode&quot;](2)" classname="runners.TestRunnerPlaceOrderWithSearchAndApplyValiadPromoCode" time="59.835">
    <system-out><![CDATA[
Scenario: Successfully order placement multiple items                                    &amp#27;[90m# src/test/resources/features/PlaceOrders/PlaceOrderWithSearchAndApplyValiadPromoCode.feature:18&amp#27;[0m
[INFO] 11-10-2024 09:53:58 [LogUtils] - Before scenario
[INFO] 11-10-2024 09:53:58 [LogUtils] - Before Step
Launching Chrome browser...
[INFO] 11-10-2024 09:54:00 [LogUtils] - Driver in TestContext: ChromeDriver: chrome on windows (fb67485427f91e6657d68673f26c49fc)
[INFO] 11-10-2024 09:54:03 [LogUtils] - Open URL: https://rahulshettyacademy.com/seleniumPractise/#/
  &amp#27;[32mGiven &amp#27;[0m&amp#27;[32mUser is on the product page &amp#27;[0m&amp#27;[32m&amp#27;[1m"https://rahulshettyacademy.com/seleniumPractise/#/"&amp#27;[0m &amp#27;[90m# stepdefinitions.StepsPlaceOrderWithSearchAndApplyValiadPromoCode.userIsOnTheProductPage(java.lang.String)&amp#27;[0m
[INFO] 11-10-2024 09:54:03 [LogUtils] - After step
[INFO] 11-10-2024 09:54:03 [LogUtils] - Before Step
[INFO] 11-10-2024 09:54:03 [LogUtils] - itemNameExpectedList: [Raspberry - 1/4 Kg]
[INFO] 11-10-2024 09:54:03 [LogUtils] - itemPriceExpectedList: [160]
[INFO] 11-10-2024 09:54:03 [LogUtils] - qualityList: [1]
[INFO] 11-10-2024 09:54:03 [LogUtils] - Verify element visible By.xpath: //input[@class='search-keyword']
[INFO] 11-10-2024 09:54:03 [LogUtils] - Clear value in textbox By.xpath: //input[@class='search-keyword']
[INFO] 11-10-2024 09:54:03 [LogUtils] - Verify element visible By.xpath: //input[@class='search-keyword']
[INFO] 11-10-2024 09:54:03 [LogUtils] - Set text Raspberry - 1/4 Kg on By.xpath: //input[@class='search-keyword']
[INFO] 11-10-2024 09:54:04 [LogUtils] - Number of items in search result: 1
[INFO] 11-10-2024 09:54:04 [LogUtils] - Element existing
[INFO] 11-10-2024 09:54:04 [LogUtils] - Show information of list search Item result
[INFO] 11-10-2024 09:54:04 [LogUtils] - itemNameActual: Raspberry - 1/4 Kg
[INFO] 11-10-2024 09:54:04 [LogUtils] - Verify Equals: Raspberry - 1/4 Kg CONTAINS Raspberry - 1/4 Kg
[INFO] 11-10-2024 09:54:04 [LogUtils] - Passed verify at line 45: in method searchItem - file ProductPage.java
searchItemResults: [[[ChromeDriver: chrome on windows (fb67485427f91e6657d68673f26c49fc)] -> xpath: //div[@class='products']/div]]
[INFO] 11-10-2024 09:54:04 [LogUtils] - itemNameActual: Raspberry - 1/4 Kg
[INFO] 11-10-2024 09:54:04 [LogUtils] - i: 0
[INFO] 11-10-2024 09:54:04 [LogUtils] - j: 0
[INFO] 11-10-2024 09:54:04 [LogUtils] - itemNameExpectedList.get(j): Raspberry - 1/4 Kg
[INFO] 11-10-2024 09:54:04 [LogUtils] - Verify Equals: Raspberry - 1/4 Kg CONTAINS Raspberry - 1/4 Kg
[INFO] 11-10-2024 09:54:04 [LogUtils] - Passed verify at line 91: in method addToCards - file ProductPage.java
[INFO] 11-10-2024 09:54:04 [LogUtils] - itemPriceActual: 160
[INFO] 11-10-2024 09:54:04 [LogUtils] - Verify Equals: 160 = 160
[INFO] 11-10-2024 09:54:04 [LogUtils] - Passed verify at line 95: in method addToCards - file ProductPage.java
[INFO] 11-10-2024 09:54:04 [LogUtils] - Verify Equals: 1 = 1
[INFO] 11-10-2024 09:54:04 [LogUtils] - Passed verify at line 98: in method addToCards - file ProductPage.java
[INFO] 11-10-2024 09:54:05 [LogUtils] - Verify element visible By.xpath: //tbody/tr[1]/td[3]
[INFO] 11-10-2024 09:54:05 [LogUtils] - Get text from By.xpath: //tbody/tr[1]/td[3] is: 0
[INFO] 11-10-2024 09:54:05 [LogUtils] - Value from table at row 1 column 3 is 0
86: 0
[INFO] 11-10-2024 09:54:06 [LogUtils] - Verify element visible By.xpath: //tbody/tr[2]/td[3]
[INFO] 11-10-2024 09:54:07 [LogUtils] - Get text from By.xpath: //tbody/tr[2]/td[3] is: 0
[INFO] 11-10-2024 09:54:07 [LogUtils] - Value from table at row 2 column 3 is 0
87: 0
[INFO] 11-10-2024 09:54:08 [LogUtils] - Verify element visible By.xpath: //tbody/tr[1]/td[3]
[INFO] 11-10-2024 09:54:08 [LogUtils] - Get text from By.xpath: //tbody/tr[1]/td[3] is: 0
[INFO] 11-10-2024 09:54:08 [LogUtils] - Value from table at row 1 column 3 is 0
[INFO] 11-10-2024 09:54:09 [LogUtils] - Verify element visible By.xpath: //tbody/tr[2]/td[3]
[INFO] 11-10-2024 09:54:09 [LogUtils] - Get text from By.xpath: //tbody/tr[2]/td[3] is: 0
[INFO] 11-10-2024 09:54:09 [LogUtils] - Value from table at row 2 column 3 is 0
99: 0
[INFO] 11-10-2024 09:54:10 [LogUtils] - Verify element visible By.xpath: //tbody/tr[1]/td[3]
[INFO] 11-10-2024 09:54:10 [LogUtils] - Get text from By.xpath: //tbody/tr[1]/td[3] is: 1
[INFO] 11-10-2024 09:54:10 [LogUtils] - Value from table at row 1 column 3 is 1
109: {}
itemInCart.keySet().contains(itemNameActual): false
113: {Raspberry - 1/4 Kg=1}
[INFO] 11-10-2024 09:54:10 [LogUtils] - Verify Equals: 1 = 1
[INFO] 11-10-2024 09:54:10 [LogUtils] - Passed verify at line 128: in method addToCards - file ProductPage.java
[INFO] 11-10-2024 09:54:11 [LogUtils] - Verify element visible By.xpath: //tbody/tr[2]/td[3]
[INFO] 11-10-2024 09:54:11 [LogUtils] - Get text from By.xpath: //tbody/tr[2]/td[3] is: 160
[INFO] 11-10-2024 09:54:11 [LogUtils] - Value from table at row 2 column 3 is 160
[INFO] 11-10-2024 09:54:11 [LogUtils] - Verify Equals: 160 = 160
[INFO] 11-10-2024 09:54:11 [LogUtils] - Passed verify at line 132: in method addToCards - file ProductPage.java
[INFO] 11-10-2024 09:54:11 [LogUtils] - itemInCart: {Raspberry - 1/4 Kg=1}
[INFO] 11-10-2024 09:54:11 [LogUtils] - Verify element visible By.xpath: //a[@class='cart-icon']
[INFO] 11-10-2024 09:54:11 [LogUtils] - Clicked on the element By.xpath: //a[@class='cart-icon']
[INFO] 11-10-2024 09:54:13 [LogUtils] - Verify element visible By.xpath: //button[text()='PROCEED TO CHECKOUT']
[INFO] 11-10-2024 09:54:13 [LogUtils] - Product NameRaspberry - 1/4 Kg
[INFO] 11-10-2024 09:54:13 [LogUtils] - itemNameExpected: Raspberry - 1/4 Kg
[INFO] 11-10-2024 09:54:13 [LogUtils] - Verify Equals: 160 = 160
[INFO] 11-10-2024 09:54:13 [LogUtils] - Passed verify at line 158: in method verifyProceedToCheckoutPopupPage - file ProductPage.java
[INFO] 11-10-2024 09:54:13 [LogUtils] - Verify Equals: 160 = 160
[INFO] 11-10-2024 09:54:13 [LogUtils] - Passed verify at line 159: in method verifyProceedToCheckoutPopupPage - file ProductPage.java
[INFO] 11-10-2024 09:54:13 [LogUtils] - Verify TRUE: true
[INFO] 11-10-2024 09:54:13 [LogUtils] - Passed verify at line 164: in method verifyProceedToCheckoutPopupPage - file ProductPage.java
[INFO] 11-10-2024 09:54:13 [LogUtils] - Verify element visible By.xpath: //a[@class='cart-icon']
[INFO] 11-10-2024 09:54:13 [LogUtils] - Clicked on the element By.xpath: //a[@class='cart-icon']
[INFO] 11-10-2024 09:54:13 [LogUtils] - itemNameExpectedList: [Tomato - 1 Kg]
[INFO] 11-10-2024 09:54:13 [LogUtils] - itemPriceExpectedList: [16]
[INFO] 11-10-2024 09:54:13 [LogUtils] - qualityList: [2]
[INFO] 11-10-2024 09:54:13 [LogUtils] - Verify element visible By.xpath: //input[@class='search-keyword']
[INFO] 11-10-2024 09:54:13 [LogUtils] - Clear value in textbox By.xpath: //input[@class='search-keyword']
[INFO] 11-10-2024 09:54:13 [LogUtils] - Verify element visible By.xpath: //input[@class='search-keyword']
[INFO] 11-10-2024 09:54:14 [LogUtils] - Set text Tomato - 1 Kg on By.xpath: //input[@class='search-keyword']
[INFO] 11-10-2024 09:54:15 [LogUtils] - Number of items in search result: 1
[INFO] 11-10-2024 09:54:15 [LogUtils] - Element existing
[INFO] 11-10-2024 09:54:15 [LogUtils] - Show information of list search Item result
[INFO] 11-10-2024 09:54:15 [LogUtils] - itemNameActual: Tomato - 1 Kg
[INFO] 11-10-2024 09:54:15 [LogUtils] - Verify Equals: Tomato - 1 Kg CONTAINS Tomato - 1 Kg
[INFO] 11-10-2024 09:54:15 [LogUtils] - Passed verify at line 45: in method searchItem - file ProductPage.java
searchItemResults: [[[ChromeDriver: chrome on windows (fb67485427f91e6657d68673f26c49fc)] -> xpath: //div[@class='products']/div]]
[INFO] 11-10-2024 09:54:15 [LogUtils] - itemNameActual: Tomato - 1 Kg
[INFO] 11-10-2024 09:54:15 [LogUtils] - i: 0
[INFO] 11-10-2024 09:54:15 [LogUtils] - j: 0
[INFO] 11-10-2024 09:54:15 [LogUtils] - itemNameExpectedList.get(j): Tomato - 1 Kg
[INFO] 11-10-2024 09:54:15 [LogUtils] - Verify Equals: Tomato - 1 Kg CONTAINS Tomato - 1 Kg
[INFO] 11-10-2024 09:54:15 [LogUtils] - Passed verify at line 91: in method addToCards - file ProductPage.java
[INFO] 11-10-2024 09:54:15 [LogUtils] - itemPriceActual: 16
[INFO] 11-10-2024 09:54:15 [LogUtils] - Verify Equals: 16 = 16
[INFO] 11-10-2024 09:54:15 [LogUtils] - Passed verify at line 95: in method addToCards - file ProductPage.java
[INFO] 11-10-2024 09:54:15 [LogUtils] - Verify Equals: 1 = 1
[INFO] 11-10-2024 09:54:15 [LogUtils] - Passed verify at line 98: in method addToCards - file ProductPage.java
[INFO] 11-10-2024 09:54:15 [LogUtils] - Verify element visible By.xpath: //input[@class='quantity']
[INFO] 11-10-2024 09:54:15 [LogUtils] - Verify element visible By.xpath: //input[@class='quantity']
[INFO] 11-10-2024 09:54:15 [LogUtils] - Clear and Fill 2 on By.xpath: //input[@class='quantity']
[INFO] 11-10-2024 09:54:16 [LogUtils] - Verify element visible By.xpath: //tbody/tr[1]/td[3]
[INFO] 11-10-2024 09:54:16 [LogUtils] - Get text from By.xpath: //tbody/tr[1]/td[3] is: 1
[INFO] 11-10-2024 09:54:16 [LogUtils] - Value from table at row 1 column 3 is 1
86: 1
[INFO] 11-10-2024 09:54:17 [LogUtils] - Verify element visible By.xpath: //tbody/tr[2]/td[3]
[INFO] 11-10-2024 09:54:17 [LogUtils] - Get text from By.xpath: //tbody/tr[2]/td[3] is: 160
[INFO] 11-10-2024 09:54:17 [LogUtils] - Value from table at row 2 column 3 is 160
87: 160
[INFO] 11-10-2024 09:54:18 [LogUtils] - Verify element visible By.xpath: //tbody/tr[1]/td[3]
[INFO] 11-10-2024 09:54:18 [LogUtils] - Get text from By.xpath: //tbody/tr[1]/td[3] is: 1
[INFO] 11-10-2024 09:54:18 [LogUtils] - Value from table at row 1 column 3 is 1
[INFO] 11-10-2024 09:54:19 [LogUtils] - Verify element visible By.xpath: //tbody/tr[2]/td[3]
[INFO] 11-10-2024 09:54:19 [LogUtils] - Get text from By.xpath: //tbody/tr[2]/td[3] is: 160
[INFO] 11-10-2024 09:54:19 [LogUtils] - Value from table at row 2 column 3 is 160
99: 0
[INFO] 11-10-2024 09:54:20 [LogUtils] - Verify element visible By.xpath: //tbody/tr[1]/td[3]
[INFO] 11-10-2024 09:54:20 [LogUtils] - Get text from By.xpath: //tbody/tr[1]/td[3] is: 2
[INFO] 11-10-2024 09:54:20 [LogUtils] - Value from table at row 1 column 3 is 2
109: {Raspberry - 1/4 Kg=1}
itemInCart.keySet().contains(itemNameActual): false
113: {Raspberry - 1/4 Kg=1, Tomato - 1 Kg=2}
[INFO] 11-10-2024 09:54:20 [LogUtils] - Verify Equals: 2 = 2
[INFO] 11-10-2024 09:54:20 [LogUtils] - Passed verify at line 128: in method addToCards - file ProductPage.java
[INFO] 11-10-2024 09:54:22 [LogUtils] - Verify element visible By.xpath: //tbody/tr[2]/td[3]
[INFO] 11-10-2024 09:54:22 [LogUtils] - Get text from By.xpath: //tbody/tr[2]/td[3] is: 192
[INFO] 11-10-2024 09:54:22 [LogUtils] - Value from table at row 2 column 3 is 192
[INFO] 11-10-2024 09:54:22 [LogUtils] - Verify Equals: 192 = 192
[INFO] 11-10-2024 09:54:22 [LogUtils] - Passed verify at line 132: in method addToCards - file ProductPage.java
[INFO] 11-10-2024 09:54:22 [LogUtils] - itemInCart: {Raspberry - 1/4 Kg=1, Tomato - 1 Kg=2}
[INFO] 11-10-2024 09:54:22 [LogUtils] - Verify element visible By.xpath: //a[@class='cart-icon']
[INFO] 11-10-2024 09:54:22 [LogUtils] - Clicked on the element By.xpath: //a[@class='cart-icon']
[INFO] 11-10-2024 09:54:24 [LogUtils] - Verify element visible By.xpath: //button[text()='PROCEED TO CHECKOUT']
[INFO] 11-10-2024 09:54:24 [LogUtils] - Product NameRaspberry - 1/4 Kg
[INFO] 11-10-2024 09:54:24 [LogUtils] - itemNameExpected: Tomato - 1 Kg
[INFO] 11-10-2024 09:54:24 [LogUtils] - Product NameTomato - 1 Kg
[INFO] 11-10-2024 09:54:24 [LogUtils] - itemNameExpected: Tomato - 1 Kg
[INFO] 11-10-2024 09:54:24 [LogUtils] - Verify Equals: 16 = 16
[INFO] 11-10-2024 09:54:24 [LogUtils] - Passed verify at line 158: in method verifyProceedToCheckoutPopupPage - file ProductPage.java
[INFO] 11-10-2024 09:54:24 [LogUtils] - Verify Equals: 32 = 32
[INFO] 11-10-2024 09:54:24 [LogUtils] - Passed verify at line 159: in method verifyProceedToCheckoutPopupPage - file ProductPage.java
[INFO] 11-10-2024 09:54:24 [LogUtils] - Verify TRUE: true
[INFO] 11-10-2024 09:54:24 [LogUtils] - Passed verify at line 164: in method verifyProceedToCheckoutPopupPage - file ProductPage.java
[INFO] 11-10-2024 09:54:24 [LogUtils] - Verify element visible By.xpath: //a[@class='cart-icon']
[INFO] 11-10-2024 09:54:24 [LogUtils] - Clicked on the element By.xpath: //a[@class='cart-icon']
[INFO] 11-10-2024 09:54:24 [LogUtils] - Verify element visible By.xpath: //a[@class='cart-icon']
[INFO] 11-10-2024 09:54:24 [LogUtils] - Clicked on the element By.xpath: //a[@class='cart-icon']
[INFO] 11-10-2024 09:54:24 [LogUtils] - Verify element visible By.xpath: //button[text()='PROCEED TO CHECKOUT']
[INFO] 11-10-2024 09:54:24 [LogUtils] - Clicked on the element By.xpath: //button[text()='PROCEED TO CHECKOUT']
  &amp#27;[32mWhen &amp#27;[0m&amp#27;[32mUser search products and add to cart&amp#27;[0m                                              &amp#27;[90m# stepdefinitions.StepsPlaceOrderWithSearchAndApplyValiadPromoCode.userSearchProductsAndAddToCart(io.cucumber.datatable.DataTable)&amp#27;[0m
    | search item        | item               | quality | price | Price in Cart | promo code         | Discount | Apply code message | Country | Agree to the Terms & Conditions |
    | Raspberry - 1/4 Kg | Raspberry - 1/4 Kg | 1       | 160   | 160           | rahulshettyacademy | 10       | Code applied ..!   | Vietnam | yes                             |
    | Tomato - 1 Kg      | Tomato - 1 Kg      | 2       | 16    | 32            | rahulshettyacademy | 10       | Code applied ..!   | Vietnam | yes                             |
[INFO] 11-10-2024 09:54:25 [LogUtils] - After step
[INFO] 11-10-2024 09:54:25 [LogUtils] - Before Step
[INFO] 11-10-2024 09:54:25 [LogUtils] - itemNameExpectedList: [Raspberry - 1/4 Kg]
[INFO] 11-10-2024 09:54:25 [LogUtils] - itemPriceExpectedList: [160]
[INFO] 11-10-2024 09:54:25 [LogUtils] - qualityList: [1]
[INFO] 11-10-2024 09:54:25 [LogUtils] - Verify element visible By.xpath: //tbody//td[5]/p
[INFO] 11-10-2024 09:54:25 [LogUtils] - totalRows size: 2
78 : 1
totalAmountCalculation 79 : 0
itemNameExpectedList.get(j) : Raspberry - 1/4 Kg
[INFO] 11-10-2024 09:54:26 [LogUtils] - Verify element visible By.xpath: //tbody/tr[1]/td[2]
[INFO] 11-10-2024 09:54:26 [LogUtils] - Get text from By.xpath: //tbody/tr[1]/td[2] is: Raspberry - 1/4 Kg
[INFO] 11-10-2024 09:54:26 [LogUtils] - Value from table at row 1 column 2 is Raspberry - 1/4 Kg
WebUI.getValueOnTableByRowColumn(i, 2) : Raspberry - 1/4 Kg
[INFO] 11-10-2024 09:54:28 [LogUtils] - Verify element visible By.xpath: //tbody/tr[1]/td[2]
[INFO] 11-10-2024 09:54:28 [LogUtils] - Get text from By.xpath: //tbody/tr[1]/td[2] is: Raspberry - 1/4 Kg
[INFO] 11-10-2024 09:54:28 [LogUtils] - Value from table at row 1 column 2 is Raspberry - 1/4 Kg
[INFO] 11-10-2024 09:54:29 [LogUtils] - Verify element visible By.xpath: //tbody/tr[1]/td[3]
[INFO] 11-10-2024 09:54:29 [LogUtils] - Get text from By.xpath: //tbody/tr[1]/td[3] is: 1
[INFO] 11-10-2024 09:54:29 [LogUtils] - Value from table at row 1 column 3 is 1
[INFO] 11-10-2024 09:54:29 [LogUtils] - Verify Equals: 1 = 1
[INFO] 11-10-2024 09:54:29 [LogUtils] - Passed verify at line 99: in method verifyPlaceOrderConfirmation - file PlaceOrderPage.java
[INFO] 11-10-2024 09:54:30 [LogUtils] - Verify element visible By.xpath: //tbody/tr[1]/td[4]
[INFO] 11-10-2024 09:54:30 [LogUtils] - Get text from By.xpath: //tbody/tr[1]/td[4] is: 160
[INFO] 11-10-2024 09:54:30 [LogUtils] - Value from table at row 1 column 4 is 160
[INFO] 11-10-2024 09:54:30 [LogUtils] - Verify Equals: 160 = 160
[INFO] 11-10-2024 09:54:30 [LogUtils] - Passed verify at line 100: in method verifyPlaceOrderConfirmation - file PlaceOrderPage.java
[INFO] 11-10-2024 09:54:31 [LogUtils] - Verify element visible By.xpath: //tbody/tr[1]/td[5]
[INFO] 11-10-2024 09:54:31 [LogUtils] - Get text from By.xpath: //tbody/tr[1]/td[5] is: 160
[INFO] 11-10-2024 09:54:31 [LogUtils] - Value from table at row 1 column 5 is 160
[INFO] 11-10-2024 09:54:31 [LogUtils] - Verify Equals: 160 = 160
[INFO] 11-10-2024 09:54:31 [LogUtils] - Passed verify at line 101: in method verifyPlaceOrderConfirmation - file PlaceOrderPage.java
78 : 2
totalAmountCalculation 79 : 160
itemNameExpectedList.get(j) : Raspberry - 1/4 Kg
[INFO] 11-10-2024 09:54:32 [LogUtils] - Verify element visible By.xpath: //tbody/tr[2]/td[2]
[INFO] 11-10-2024 09:54:32 [LogUtils] - Get text from By.xpath: //tbody/tr[2]/td[2] is: Tomato - 1 Kg
[INFO] 11-10-2024 09:54:32 [LogUtils] - Value from table at row 2 column 2 is Tomato - 1 Kg
WebUI.getValueOnTableByRowColumn(i, 2) : Tomato - 1 Kg
[INFO] 11-10-2024 09:54:33 [LogUtils] - Verify element visible By.xpath: //tbody/tr[2]/td[2]
[INFO] 11-10-2024 09:54:33 [LogUtils] - Get text from By.xpath: //tbody/tr[2]/td[2] is: Tomato - 1 Kg
[INFO] 11-10-2024 09:54:33 [LogUtils] - Value from table at row 2 column 2 is Tomato - 1 Kg
[INFO] 11-10-2024 09:54:33 [LogUtils] - Verify TRUE: true
[INFO] 11-10-2024 09:54:33 [LogUtils] - Passed verify at line 106: in method verifyPlaceOrderConfirmation - file PlaceOrderPage.java
[INFO] 11-10-2024 09:54:33 [LogUtils] - itemNameExpectedList: [Tomato - 1 Kg]
[INFO] 11-10-2024 09:54:33 [LogUtils] - itemPriceExpectedList: [16]
[INFO] 11-10-2024 09:54:33 [LogUtils] - qualityList: [2]
[INFO] 11-10-2024 09:54:33 [LogUtils] - Verify element visible By.xpath: //tbody//td[5]/p
[INFO] 11-10-2024 09:54:33 [LogUtils] - totalRows size: 2
78 : 1
totalAmountCalculation 79 : 160
itemNameExpectedList.get(j) : Tomato - 1 Kg
[INFO] 11-10-2024 09:54:34 [LogUtils] - Verify element visible By.xpath: //tbody/tr[1]/td[2]
[INFO] 11-10-2024 09:54:34 [LogUtils] - Get text from By.xpath: //tbody/tr[1]/td[2] is: Raspberry - 1/4 Kg
[INFO] 11-10-2024 09:54:34 [LogUtils] - Value from table at row 1 column 2 is Raspberry - 1/4 Kg
WebUI.getValueOnTableByRowColumn(i, 2) : Raspberry - 1/4 Kg
[INFO] 11-10-2024 09:54:35 [LogUtils] - Verify element visible By.xpath: //tbody/tr[1]/td[2]
[INFO] 11-10-2024 09:54:35 [LogUtils] - Get text from By.xpath: //tbody/tr[1]/td[2] is: Raspberry - 1/4 Kg
[INFO] 11-10-2024 09:54:35 [LogUtils] - Value from table at row 1 column 2 is Raspberry - 1/4 Kg
78 : 2
totalAmountCalculation 79 : 160
itemNameExpectedList.get(j) : Tomato - 1 Kg
[INFO] 11-10-2024 09:54:36 [LogUtils] - Verify element visible By.xpath: //tbody/tr[2]/td[2]
[INFO] 11-10-2024 09:54:36 [LogUtils] - Get text from By.xpath: //tbody/tr[2]/td[2] is: Tomato - 1 Kg
[INFO] 11-10-2024 09:54:36 [LogUtils] - Value from table at row 2 column 2 is Tomato - 1 Kg
WebUI.getValueOnTableByRowColumn(i, 2) : Tomato - 1 Kg
[INFO] 11-10-2024 09:54:37 [LogUtils] - Verify element visible By.xpath: //tbody/tr[2]/td[2]
[INFO] 11-10-2024 09:54:37 [LogUtils] - Get text from By.xpath: //tbody/tr[2]/td[2] is: Tomato - 1 Kg
[INFO] 11-10-2024 09:54:37 [LogUtils] - Value from table at row 2 column 2 is Tomato - 1 Kg
[INFO] 11-10-2024 09:54:38 [LogUtils] - Verify element visible By.xpath: //tbody/tr[2]/td[3]
[INFO] 11-10-2024 09:54:38 [LogUtils] - Get text from By.xpath: //tbody/tr[2]/td[3] is: 2
[INFO] 11-10-2024 09:54:38 [LogUtils] - Value from table at row 2 column 3 is 2
[INFO] 11-10-2024 09:54:38 [LogUtils] - Verify Equals: 2 = 2
[INFO] 11-10-2024 09:54:38 [LogUtils] - Passed verify at line 99: in method verifyPlaceOrderConfirmation - file PlaceOrderPage.java
[INFO] 11-10-2024 09:54:39 [LogUtils] - Verify element visible By.xpath: //tbody/tr[2]/td[4]
[INFO] 11-10-2024 09:54:39 [LogUtils] - Get text from By.xpath: //tbody/tr[2]/td[4] is: 16
[INFO] 11-10-2024 09:54:39 [LogUtils] - Value from table at row 2 column 4 is 16
[INFO] 11-10-2024 09:54:39 [LogUtils] - Verify Equals: 16 = 16
[INFO] 11-10-2024 09:54:39 [LogUtils] - Passed verify at line 100: in method verifyPlaceOrderConfirmation - file PlaceOrderPage.java
[INFO] 11-10-2024 09:54:40 [LogUtils] - Verify element visible By.xpath: //tbody/tr[2]/td[5]
[INFO] 11-10-2024 09:54:40 [LogUtils] - Get text from By.xpath: //tbody/tr[2]/td[5] is: 32
[INFO] 11-10-2024 09:54:40 [LogUtils] - Value from table at row 2 column 5 is 32
[INFO] 11-10-2024 09:54:40 [LogUtils] - Verify Equals: 32 = 32
[INFO] 11-10-2024 09:54:40 [LogUtils] - Passed verify at line 101: in method verifyPlaceOrderConfirmation - file PlaceOrderPage.java
[INFO] 11-10-2024 09:54:40 [LogUtils] - Verify TRUE: true
[INFO] 11-10-2024 09:54:40 [LogUtils] - Passed verify at line 106: in method verifyPlaceOrderConfirmation - file PlaceOrderPage.java
[INFO] 11-10-2024 09:54:41 [LogUtils] - Verify element visible By.xpath: //span[@class='totAmt']
[INFO] 11-10-2024 09:54:41 [LogUtils] - Get text from By.xpath: //span[@class='totAmt'] is: 192
[INFO] 11-10-2024 09:54:41 [LogUtils] - Verify Equals: 192 = 192
[INFO] 11-10-2024 09:54:41 [LogUtils] - Passed verify at line 112: in method verifyPlaceOrderConfirmation - file PlaceOrderPage.java
[INFO] 11-10-2024 09:54:41 [LogUtils] - Verify element visible By.xpath: //span[@class='discountPerc']
[INFO] 11-10-2024 09:54:41 [LogUtils] - Get text from By.xpath: //span[@class='discountPerc'] is: 0%
[INFO] 11-10-2024 09:54:41 [LogUtils] - Verify Equals: 0 = 0
[INFO] 11-10-2024 09:54:41 [LogUtils] - Passed verify at line 113: in method verifyPlaceOrderConfirmation - file PlaceOrderPage.java
[INFO] 11-10-2024 09:54:41 [LogUtils] - Verify element visible By.xpath: //span[@class='discountAmt']
[INFO] 11-10-2024 09:54:41 [LogUtils] - Get text from By.xpath: //span[@class='discountAmt'] is: 192
[INFO] 11-10-2024 09:54:41 [LogUtils] - Verify Equals: 192 = 192
[INFO] 11-10-2024 09:54:41 [LogUtils] - Passed verify at line 114: in method verifyPlaceOrderConfirmation - file PlaceOrderPage.java
[INFO] 11-10-2024 09:54:41 [LogUtils] - Promo Code: rahulshettyacademy
[INFO] 11-10-2024 09:54:41 [LogUtils] - Verify element visible By.xpath: //input[@class='promoCode']
[INFO] 11-10-2024 09:54:41 [LogUtils] - Verify element visible By.xpath: //input[@class='promoCode']
[INFO] 11-10-2024 09:54:41 [LogUtils] - Clear and Fill rahulshettyacademy on By.xpath: //input[@class='promoCode']
[INFO] 11-10-2024 09:54:41 [LogUtils] - Verify element visible By.xpath: //button[@class='promoBtn']
[INFO] 11-10-2024 09:54:41 [LogUtils] - Clicked on the element By.xpath: //button[@class='promoBtn']
[INFO] 11-10-2024 09:54:46 [LogUtils] - Verify element visible By.xpath: //span[@class='promoInfo']
[INFO] 11-10-2024 09:54:46 [LogUtils] - Verify element visible By.xpath: //span[@class='promoInfo']
[INFO] 11-10-2024 09:54:46 [LogUtils] - Get text from By.xpath: //span[@class='promoInfo'] is: Code applied ..!
[INFO] 11-10-2024 09:54:46 [LogUtils] - Verify text of an element [Equals]: true
[INFO] 11-10-2024 09:54:46 [LogUtils] - Verify element visible By.xpath: //span[@class='promoInfo']
[INFO] 11-10-2024 09:54:46 [LogUtils] - Get text from By.xpath: //span[@class='promoInfo'] is: Code applied ..!
[INFO] 11-10-2024 09:54:46 [LogUtils] - Verify element visible By.xpath: //span[@class='promoInfo']
[INFO] 11-10-2024 09:54:46 [LogUtils] - Get text from By.xpath: //span[@class='promoInfo'] is: Code applied ..!
[INFO] 11-10-2024 09:54:46 [LogUtils] - Verify element visible By.xpath: //span[@class='promoInfo']
[INFO] 11-10-2024 09:54:46 [LogUtils] - Get text from By.xpath: //span[@class='promoInfo'] is: Code applied ..!
[INFO] 11-10-2024 09:54:47 [LogUtils] - Verify element visible By.xpath: //span[@class='discountPerc']
[INFO] 11-10-2024 09:54:47 [LogUtils] - Get text from By.xpath: //span[@class='discountPerc'] is: 10%
[INFO] 11-10-2024 09:54:47 [LogUtils] - Verify Equals: 10 = 10
[INFO] 11-10-2024 09:54:47 [LogUtils] - Passed verify at line 120: in method verifyPlaceOrderConfirmation - file PlaceOrderPage.java
[INFO] 11-10-2024 09:54:47 [LogUtils] - Verify element visible By.xpath: //span[@class='totAmt']
[INFO] 11-10-2024 09:54:47 [LogUtils] - Get text from By.xpath: //span[@class='totAmt'] is: 192
[INFO] 11-10-2024 09:54:47 [LogUtils] - Verify Equals: 192 = 192
[INFO] 11-10-2024 09:54:47 [LogUtils] - Passed verify at line 121: in method verifyPlaceOrderConfirmation - file PlaceOrderPage.java
[INFO] 11-10-2024 09:54:47 [LogUtils] - Verify element visible By.xpath: //span[@class='totAmt']
[INFO] 11-10-2024 09:54:47 [LogUtils] - Get text from By.xpath: //span[@class='totAmt'] is: 192
[INFO] 11-10-2024 09:54:47 [LogUtils] - Verify Equals: 192 = 192
[INFO] 11-10-2024 09:54:47 [LogUtils] - Passed verify at line 122: in method verifyPlaceOrderConfirmation - file PlaceOrderPage.java
[INFO] 11-10-2024 09:54:47 [LogUtils] - Verify element visible By.xpath: //span[@class='discountAmt']
[INFO] 11-10-2024 09:54:47 [LogUtils] - Get text from By.xpath: //span[@class='discountAmt'] is: 172.8
[INFO] 11-10-2024 09:54:47 [LogUtils] - Verify Equals: 172.8 = 172.8
[INFO] 11-10-2024 09:54:47 [LogUtils] - Passed verify at line 129: in method verifyPlaceOrderConfirmation - file PlaceOrderPage.java
[INFO] 11-10-2024 09:54:47 [LogUtils] - Verify element visible By.xpath: //button[text()='Place Order']
[INFO] 11-10-2024 09:54:47 [LogUtils] - Clicked on the element By.xpath: //button[text()='Place Order']
  &amp#27;[32mAnd &amp#27;[0m&amp#27;[32mThe user proceeds to checkout and apply promoCode&amp#27;[0m                                  &amp#27;[90m# stepdefinitions.StepsPlaceOrderWithSearchAndApplyValiadPromoCode.theUserProceedsToCheckoutAndApplyPromoCode(io.cucumber.datatable.DataTable)&amp#27;[0m
    | search item        | item               | quality | price | Price in Cart | promo code         | Discount | Apply code message | Country | Agree to the Terms & Conditions |
    | Raspberry - 1/4 Kg | Raspberry - 1/4 Kg | 1       | 160   | 160           | rahulshettyacademy | 10       | Code applied ..!   | Vietnam | yes                             |
    | Tomato - 1 Kg      | Tomato - 1 Kg      | 2       | 16    | 32            | rahulshettyacademy | 10       | Code applied ..!   | Vietnam | yes                             |
[INFO] 11-10-2024 09:54:47 [LogUtils] - After step
[INFO] 11-10-2024 09:54:47 [LogUtils] - Before Step
[INFO] 11-10-2024 09:54:47 [LogUtils] - Select Option by Text: Vietnam
  &amp#27;[32mAnd &amp#27;[0m&amp#27;[32mThe user enter country &amp#27;[0m&amp#27;[32m&amp#27;[1m"Vietnam"&amp#27;[0m                                                   &amp#27;[90m# stepdefinitions.StepsPlaceOrderWithSearchAndApplyValiadPromoCode.theUserEnterCountry(java.lang.String)&amp#27;[0m
[INFO] 11-10-2024 09:54:47 [LogUtils] - After step
[INFO] 11-10-2024 09:54:47 [LogUtils] - Before Step
[INFO] 11-10-2024 09:54:47 [LogUtils] - Verify element visible By.xpath: //input[@class='chkAgree']
[INFO] 11-10-2024 09:54:47 [LogUtils] - Clicked on the element By.xpath: //input[@class='chkAgree']
  &amp#27;[32mAnd &amp#27;[0m&amp#27;[32mThe user agree terms conditions&amp#27;[0m                                                    &amp#27;[90m# stepdefinitions.StepsPlaceOrderWithSearchAndApplyValiadPromoCode.theUserAgreeTermsConditions()&amp#27;[0m
[INFO] 11-10-2024 09:54:47 [LogUtils] - After step
[INFO] 11-10-2024 09:54:47 [LogUtils] - Before Step
[INFO] 11-10-2024 09:54:48 [LogUtils] - Verify element visible By.xpath: //button[contains(text(),'Proceed')]
[INFO] 11-10-2024 09:54:48 [LogUtils] - Clicked on the element By.xpath: //button[contains(text(),'Proceed')]
  &amp#27;[32mAnd &amp#27;[0m&amp#27;[32mThe user confirm order&amp#27;[0m                                                             &amp#27;[90m# stepdefinitions.StepsPlaceOrderWithSearchAndApplyValiadPromoCode.theUserConfirmOrder()&amp#27;[0m
[INFO] 11-10-2024 09:54:48 [LogUtils] - After step
[INFO] 11-10-2024 09:54:48 [LogUtils] - Before Step
  &amp#27;[32mThen &amp#27;[0m&amp#27;[32mThe user should see the order confirmation message&amp#27;[0m                                &amp#27;[90m# stepdefinitions.StepsPlaceOrderWithSearchAndApplyValiadPromoCode.theUserShouldSeeTheOrderConfirmationMessage()&amp#27;[0m
[INFO] 11-10-2024 09:54:48 [LogUtils] - After step
[INFO] 11-10-2024 09:54:48 [LogUtils] - After scenario
Closing browser...
Debug 80: ChromeDriver: chrome on windows (fb67485427f91e6657d68673f26c49fc)
]]></system-out>
    <system-err><![CDATA[[main] INFO io.github.bonigarcia.wdm.WebDriverManager - Using chromedriver 129.0.6668.100 (resolved driver for Chrome 129)
[main] INFO io.github.bonigarcia.wdm.WebDriverManager - Exporting webdriver.chrome.driver as C:\Users\admin\.cache\selenium\chromedriver\win64\129.0.6668.100\chromedriver.exe
Oct 11, 2024 9:54:00 AM org.openqa.selenium.devtools.CdpVersionFinder findNearestMatch
WARNING: Unable to find CDP implementation matching 129
Oct 11, 2024 9:54:00 AM org.openqa.selenium.chromium.ChromiumDriver lambda$new$5
WARNING: Unable to find version of CDP to use for 129.0.6668.100. You may need to include a dependency on a specific version of the CDP using something similar to `org.seleniumhq.selenium:selenium-devtools-v86:4.11.0` where the version ("v86") matches the version of the chromium-based browser you're using and the version number of the artifact is the same as Selenium's.
]]></system-err>
  </testcase>
  <testcase name="runScenario[&quot;Successfully order placement multiple items with 1 keyword&quot;, &quot;Place order with search and apply valid promoCode&quot;](3)" classname="runners.TestRunnerPlaceOrderWithSearchAndApplyValiadPromoCode" time="55.406">
    <system-out><![CDATA[
Scenario: Successfully order placement multiple items with 1 keyword                     &amp#27;[90m# src/test/resources/features/PlaceOrders/PlaceOrderWithSearchAndApplyValiadPromoCode.feature:35&amp#27;[0m
[INFO] 11-10-2024 09:54:58 [LogUtils] - Before scenario
[INFO] 11-10-2024 09:54:58 [LogUtils] - Before Step
Launching Chrome browser...
[INFO] 11-10-2024 09:55:00 [LogUtils] - Driver in TestContext: ChromeDriver: chrome on windows (015d63695e69e4fe0f1f5d3400e2df98)
[INFO] 11-10-2024 09:55:02 [LogUtils] - Open URL: https://rahulshettyacademy.com/seleniumPractise/#/
  &amp#27;[32mGiven &amp#27;[0m&amp#27;[32mUser is on the product page &amp#27;[0m&amp#27;[32m&amp#27;[1m"https://rahulshettyacademy.com/seleniumPractise/#/"&amp#27;[0m &amp#27;[90m# stepdefinitions.StepsPlaceOrderWithSearchAndApplyValiadPromoCode.userIsOnTheProductPage(java.lang.String)&amp#27;[0m
[INFO] 11-10-2024 09:55:02 [LogUtils] - After step
[INFO] 11-10-2024 09:55:02 [LogUtils] - Before Step
[INFO] 11-10-2024 09:55:02 [LogUtils] - itemNameExpectedList: [Capsicum, Apple - 1 Kg]
[INFO] 11-10-2024 09:55:02 [LogUtils] - itemPriceExpectedList: [60, 72]
[INFO] 11-10-2024 09:55:02 [LogUtils] - qualityList: [1, 2]
[INFO] 11-10-2024 09:55:02 [LogUtils] - Verify element visible By.xpath: //input[@class='search-keyword']
[INFO] 11-10-2024 09:55:02 [LogUtils] - Clear value in textbox By.xpath: //input[@class='search-keyword']
[INFO] 11-10-2024 09:55:02 [LogUtils] - Verify element visible By.xpath: //input[@class='search-keyword']
[INFO] 11-10-2024 09:55:02 [LogUtils] - Set text Ap on By.xpath: //input[@class='search-keyword']
[INFO] 11-10-2024 09:55:03 [LogUtils] - Number of items in search result: 3
[INFO] 11-10-2024 09:55:03 [LogUtils] - Element existing
[INFO] 11-10-2024 09:55:03 [LogUtils] - Show information of list search Item result
[INFO] 11-10-2024 09:55:03 [LogUtils] - itemNameActual: Capsicum
[INFO] 11-10-2024 09:55:03 [LogUtils] - Verify Equals: Capsicum CONTAINS Ap
[INFO] 11-10-2024 09:55:03 [LogUtils] - Passed verify at line 45: in method searchItem - file ProductPage.java
[INFO] 11-10-2024 09:55:03 [LogUtils] - itemNameActual: Apple - 1 Kg
[INFO] 11-10-2024 09:55:03 [LogUtils] - Verify Equals: Apple - 1 Kg CONTAINS Ap
[INFO] 11-10-2024 09:55:03 [LogUtils] - Passed verify at line 45: in method searchItem - file ProductPage.java
[INFO] 11-10-2024 09:55:03 [LogUtils] - itemNameActual: Grapes - 1 Kg
[INFO] 11-10-2024 09:55:03 [LogUtils] - Verify Equals: Grapes - 1 Kg CONTAINS Ap
[INFO] 11-10-2024 09:55:03 [LogUtils] - Passed verify at line 45: in method searchItem - file ProductPage.java
searchItemResults: [[[ChromeDriver: chrome on windows (015d63695e69e4fe0f1f5d3400e2df98)] -> xpath: //div[@class='products']/div], [[ChromeDriver: chrome on windows (015d63695e69e4fe0f1f5d3400e2df98)] -> xpath: //div[@class='products']/div], [[ChromeDriver: chrome on windows (015d63695e69e4fe0f1f5d3400e2df98)] -> xpath: //div[@class='products']/div]]
[INFO] 11-10-2024 09:55:03 [LogUtils] - itemNameActual: Capsicum
[INFO] 11-10-2024 09:55:03 [LogUtils] - i: 0
[INFO] 11-10-2024 09:55:03 [LogUtils] - j: 0
[INFO] 11-10-2024 09:55:03 [LogUtils] - itemNameExpectedList.get(j): Capsicum
[INFO] 11-10-2024 09:55:03 [LogUtils] - Verify Equals: Capsicum CONTAINS Capsicum
[INFO] 11-10-2024 09:55:03 [LogUtils] - Passed verify at line 91: in method addToCards - file ProductPage.java
[INFO] 11-10-2024 09:55:03 [LogUtils] - itemPriceActual: 60
[INFO] 11-10-2024 09:55:03 [LogUtils] - Verify Equals: 60 = 60
[INFO] 11-10-2024 09:55:03 [LogUtils] - Passed verify at line 95: in method addToCards - file ProductPage.java
[INFO] 11-10-2024 09:55:03 [LogUtils] - Verify Equals: 1 = 1
[INFO] 11-10-2024 09:55:03 [LogUtils] - Passed verify at line 98: in method addToCards - file ProductPage.java
[INFO] 11-10-2024 09:55:04 [LogUtils] - Verify element visible By.xpath: //input[@class='quantity']
[INFO] 11-10-2024 09:55:04 [LogUtils] - Verify element visible By.xpath: //input[@class='quantity']
[INFO] 11-10-2024 09:55:04 [LogUtils] - Clear and Fill 1 on By.xpath: //input[@class='quantity']
[INFO] 11-10-2024 09:55:05 [LogUtils] - Verify element visible By.xpath: //tbody/tr[1]/td[3]
[INFO] 11-10-2024 09:55:05 [LogUtils] - Get text from By.xpath: //tbody/tr[1]/td[3] is: 0
[INFO] 11-10-2024 09:55:05 [LogUtils] - Value from table at row 1 column 3 is 0
86: 0
[INFO] 11-10-2024 09:55:06 [LogUtils] - Verify element visible By.xpath: //tbody/tr[2]/td[3]
[INFO] 11-10-2024 09:55:06 [LogUtils] - Get text from By.xpath: //tbody/tr[2]/td[3] is: 0
[INFO] 11-10-2024 09:55:06 [LogUtils] - Value from table at row 2 column 3 is 0
87: 0
[INFO] 11-10-2024 09:55:07 [LogUtils] - Verify element visible By.xpath: //tbody/tr[1]/td[3]
[INFO] 11-10-2024 09:55:07 [LogUtils] - Get text from By.xpath: //tbody/tr[1]/td[3] is: 0
[INFO] 11-10-2024 09:55:07 [LogUtils] - Value from table at row 1 column 3 is 0
[INFO] 11-10-2024 09:55:08 [LogUtils] - Verify element visible By.xpath: //tbody/tr[2]/td[3]
[INFO] 11-10-2024 09:55:08 [LogUtils] - Get text from By.xpath: //tbody/tr[2]/td[3] is: 0
[INFO] 11-10-2024 09:55:08 [LogUtils] - Value from table at row 2 column 3 is 0
99: 0
[INFO] 11-10-2024 09:55:09 [LogUtils] - Verify element visible By.xpath: //tbody/tr[1]/td[3]
[INFO] 11-10-2024 09:55:09 [LogUtils] - Get text from By.xpath: //tbody/tr[1]/td[3] is: 1
[INFO] 11-10-2024 09:55:09 [LogUtils] - Value from table at row 1 column 3 is 1
109: {}
itemInCart.keySet().contains(itemNameActual): false
113: {Capsicum=1}
[INFO] 11-10-2024 09:55:09 [LogUtils] - Verify Equals: 1 = 1
[INFO] 11-10-2024 09:55:09 [LogUtils] - Passed verify at line 128: in method addToCards - file ProductPage.java
[INFO] 11-10-2024 09:55:10 [LogUtils] - Verify element visible By.xpath: //tbody/tr[2]/td[3]
[INFO] 11-10-2024 09:55:10 [LogUtils] - Get text from By.xpath: //tbody/tr[2]/td[3] is: 60
[INFO] 11-10-2024 09:55:10 [LogUtils] - Value from table at row 2 column 3 is 60
[INFO] 11-10-2024 09:55:10 [LogUtils] - Verify Equals: 60 = 60
[INFO] 11-10-2024 09:55:10 [LogUtils] - Passed verify at line 132: in method addToCards - file ProductPage.java
[INFO] 11-10-2024 09:55:10 [LogUtils] - itemNameActual: Apple - 1 Kg
[INFO] 11-10-2024 09:55:10 [LogUtils] - i: 1
[INFO] 11-10-2024 09:55:10 [LogUtils] - j: 1
[INFO] 11-10-2024 09:55:10 [LogUtils] - itemNameExpectedList.get(j): Apple - 1 Kg
[INFO] 11-10-2024 09:55:10 [LogUtils] - Verify Equals: Apple - 1 Kg CONTAINS Apple - 1 Kg
[INFO] 11-10-2024 09:55:10 [LogUtils] - Passed verify at line 91: in method addToCards - file ProductPage.java
[INFO] 11-10-2024 09:55:10 [LogUtils] - itemPriceActual: 72
[INFO] 11-10-2024 09:55:10 [LogUtils] - Verify Equals: 72 = 72
[INFO] 11-10-2024 09:55:10 [LogUtils] - Passed verify at line 95: in method addToCards - file ProductPage.java
[INFO] 11-10-2024 09:55:10 [LogUtils] - Verify Equals: 1 = 1
[INFO] 11-10-2024 09:55:10 [LogUtils] - Passed verify at line 98: in method addToCards - file ProductPage.java
[INFO] 11-10-2024 09:55:10 [LogUtils] - Verify element visible By.xpath: //input[@class='quantity']
[INFO] 11-10-2024 09:55:10 [LogUtils] - Verify element visible By.xpath: //input[@class='quantity']
[INFO] 11-10-2024 09:55:11 [LogUtils] - Clear and Fill 2 on By.xpath: //input[@class='quantity']
[INFO] 11-10-2024 09:55:12 [LogUtils] - Verify element visible By.xpath: //tbody/tr[1]/td[3]
[INFO] 11-10-2024 09:55:12 [LogUtils] - Get text from By.xpath: //tbody/tr[1]/td[3] is: 1
[INFO] 11-10-2024 09:55:12 [LogUtils] - Value from table at row 1 column 3 is 1
86: 1
[INFO] 11-10-2024 09:55:13 [LogUtils] - Verify element visible By.xpath: //tbody/tr[2]/td[3]
[INFO] 11-10-2024 09:55:13 [LogUtils] - Get text from By.xpath: //tbody/tr[2]/td[3] is: 60
[INFO] 11-10-2024 09:55:13 [LogUtils] - Value from table at row 2 column 3 is 60
87: 60
[INFO] 11-10-2024 09:55:14 [LogUtils] - Verify element visible By.xpath: //tbody/tr[1]/td[3]
[INFO] 11-10-2024 09:55:14 [LogUtils] - Get text from By.xpath: //tbody/tr[1]/td[3] is: 1
[INFO] 11-10-2024 09:55:14 [LogUtils] - Value from table at row 1 column 3 is 1
[INFO] 11-10-2024 09:55:15 [LogUtils] - Verify element visible By.xpath: //tbody/tr[2]/td[3]
[INFO] 11-10-2024 09:55:15 [LogUtils] - Get text from By.xpath: //tbody/tr[2]/td[3] is: 60
[INFO] 11-10-2024 09:55:15 [LogUtils] - Value from table at row 2 column 3 is 60
99: 1
[INFO] 11-10-2024 09:55:16 [LogUtils] - Verify element visible By.xpath: //tbody/tr[1]/td[3]
[INFO] 11-10-2024 09:55:16 [LogUtils] - Get text from By.xpath: //tbody/tr[1]/td[3] is: 2
[INFO] 11-10-2024 09:55:16 [LogUtils] - Value from table at row 1 column 3 is 2
109: {Capsicum=1}
itemInCart.keySet().contains(itemNameActual): false
113: {Capsicum=1, Apple - 1 Kg=2}
[INFO] 11-10-2024 09:55:16 [LogUtils] - Verify Equals: 2 = 2
[INFO] 11-10-2024 09:55:16 [LogUtils] - Passed verify at line 128: in method addToCards - file ProductPage.java
[INFO] 11-10-2024 09:55:17 [LogUtils] - Verify element visible By.xpath: //tbody/tr[2]/td[3]
[INFO] 11-10-2024 09:55:17 [LogUtils] - Get text from By.xpath: //tbody/tr[2]/td[3] is: 204
[INFO] 11-10-2024 09:55:17 [LogUtils] - Value from table at row 2 column 3 is 204
[INFO] 11-10-2024 09:55:17 [LogUtils] - Verify Equals: 204 = 204
[INFO] 11-10-2024 09:55:17 [LogUtils] - Passed verify at line 132: in method addToCards - file ProductPage.java
[INFO] 11-10-2024 09:55:17 [LogUtils] - itemInCart: {Capsicum=1, Apple - 1 Kg=2}
[INFO] 11-10-2024 09:55:17 [LogUtils] - Verify element visible By.xpath: //a[@class='cart-icon']
[INFO] 11-10-2024 09:55:17 [LogUtils] - Clicked on the element By.xpath: //a[@class='cart-icon']
[INFO] 11-10-2024 09:55:19 [LogUtils] - Verify element visible By.xpath: //button[text()='PROCEED TO CHECKOUT']
[INFO] 11-10-2024 09:55:19 [LogUtils] - Product NameCapsicum
[INFO] 11-10-2024 09:55:19 [LogUtils] - itemNameExpected: Capsicum
[INFO] 11-10-2024 09:55:19 [LogUtils] - Verify Equals: 60 = 60
[INFO] 11-10-2024 09:55:19 [LogUtils] - Passed verify at line 158: in method verifyProceedToCheckoutPopupPage - file ProductPage.java
[INFO] 11-10-2024 09:55:19 [LogUtils] - Verify Equals: 60 = 60
[INFO] 11-10-2024 09:55:19 [LogUtils] - Passed verify at line 159: in method verifyProceedToCheckoutPopupPage - file ProductPage.java
[INFO] 11-10-2024 09:55:19 [LogUtils] - Verify TRUE: true
[INFO] 11-10-2024 09:55:19 [LogUtils] - Passed verify at line 164: in method verifyProceedToCheckoutPopupPage - file ProductPage.java
[INFO] 11-10-2024 09:55:19 [LogUtils] - Product NameCapsicum
[INFO] 11-10-2024 09:55:19 [LogUtils] - itemNameExpected: Apple - 1 Kg
[INFO] 11-10-2024 09:55:20 [LogUtils] - Product NameApple - 1 Kg
[INFO] 11-10-2024 09:55:20 [LogUtils] - itemNameExpected: Apple - 1 Kg
[INFO] 11-10-2024 09:55:20 [LogUtils] - Verify Equals: 72 = 72
[INFO] 11-10-2024 09:55:20 [LogUtils] - Passed verify at line 158: in method verifyProceedToCheckoutPopupPage - file ProductPage.java
[INFO] 11-10-2024 09:55:20 [LogUtils] - Verify Equals: 144 = 144
[INFO] 11-10-2024 09:55:20 [LogUtils] - Passed verify at line 159: in method verifyProceedToCheckoutPopupPage - file ProductPage.java
[INFO] 11-10-2024 09:55:20 [LogUtils] - Verify TRUE: true
[INFO] 11-10-2024 09:55:20 [LogUtils] - Passed verify at line 164: in method verifyProceedToCheckoutPopupPage - file ProductPage.java
[INFO] 11-10-2024 09:55:20 [LogUtils] - Verify element visible By.xpath: //a[@class='cart-icon']
[INFO] 11-10-2024 09:55:20 [LogUtils] - Clicked on the element By.xpath: //a[@class='cart-icon']
[INFO] 11-10-2024 09:55:20 [LogUtils] - Verify element visible By.xpath: //a[@class='cart-icon']
[INFO] 11-10-2024 09:55:20 [LogUtils] - Clicked on the element By.xpath: //a[@class='cart-icon']
[INFO] 11-10-2024 09:55:20 [LogUtils] - Verify element visible By.xpath: //button[text()='PROCEED TO CHECKOUT']
[INFO] 11-10-2024 09:55:20 [LogUtils] - Clicked on the element By.xpath: //button[text()='PROCEED TO CHECKOUT']
  &amp#27;[32mWhen &amp#27;[0m&amp#27;[32mUser search products and add to cart&amp#27;[0m                                              &amp#27;[90m# stepdefinitions.StepsPlaceOrderWithSearchAndApplyValiadPromoCode.userSearchProductsAndAddToCart(io.cucumber.datatable.DataTable)&amp#27;[0m
    | search item | item                   | quality | price  | Price in Cart | promo code         | Discount | Apply code message | Country | Agree to the Terms & Conditions |
    | Ap          | Capsicum, Apple - 1 Kg | 1, 2    | 60, 72 | 60 , 144      | rahulshettyacademy | 10       | Code applied ..!   | Vietnam | yes                             |
[INFO] 11-10-2024 09:55:21 [LogUtils] - After step
[INFO] 11-10-2024 09:55:21 [LogUtils] - Before Step
[INFO] 11-10-2024 09:55:21 [LogUtils] - itemNameExpectedList: [Capsicum, Apple - 1 Kg]
[INFO] 11-10-2024 09:55:21 [LogUtils] - itemPriceExpectedList: [60, 72]
[INFO] 11-10-2024 09:55:21 [LogUtils] - qualityList: [1, 2]
[INFO] 11-10-2024 09:55:21 [LogUtils] - Verify element visible By.xpath: //tbody//td[5]/p
[INFO] 11-10-2024 09:55:21 [LogUtils] - totalRows size: 2
78 : 1
totalAmountCalculation 79 : 0
itemNameExpectedList.get(j) : Capsicum
[INFO] 11-10-2024 09:55:22 [LogUtils] - Verify element visible By.xpath: //tbody/tr[1]/td[2]
[INFO] 11-10-2024 09:55:22 [LogUtils] - Get text from By.xpath: //tbody/tr[1]/td[2] is: Capsicum
[INFO] 11-10-2024 09:55:22 [LogUtils] - Value from table at row 1 column 2 is Capsicum
WebUI.getValueOnTableByRowColumn(i, 2) : Capsicum
[INFO] 11-10-2024 09:55:23 [LogUtils] - Verify element visible By.xpath: //tbody/tr[1]/td[2]
[INFO] 11-10-2024 09:55:23 [LogUtils] - Get text from By.xpath: //tbody/tr[1]/td[2] is: Capsicum
[INFO] 11-10-2024 09:55:23 [LogUtils] - Value from table at row 1 column 2 is Capsicum
[INFO] 11-10-2024 09:55:24 [LogUtils] - Verify element visible By.xpath: //tbody/tr[1]/td[3]
[INFO] 11-10-2024 09:55:24 [LogUtils] - Get text from By.xpath: //tbody/tr[1]/td[3] is: 1
[INFO] 11-10-2024 09:55:24 [LogUtils] - Value from table at row 1 column 3 is 1
[INFO] 11-10-2024 09:55:24 [LogUtils] - Verify Equals: 1 = 1
[INFO] 11-10-2024 09:55:24 [LogUtils] - Passed verify at line 99: in method verifyPlaceOrderConfirmation - file PlaceOrderPage.java
[INFO] 11-10-2024 09:55:25 [LogUtils] - Verify element visible By.xpath: //tbody/tr[1]/td[4]
[INFO] 11-10-2024 09:55:25 [LogUtils] - Get text from By.xpath: //tbody/tr[1]/td[4] is: 60
[INFO] 11-10-2024 09:55:25 [LogUtils] - Value from table at row 1 column 4 is 60
[INFO] 11-10-2024 09:55:25 [LogUtils] - Verify Equals: 60 = 60
[INFO] 11-10-2024 09:55:25 [LogUtils] - Passed verify at line 100: in method verifyPlaceOrderConfirmation - file PlaceOrderPage.java
[INFO] 11-10-2024 09:55:26 [LogUtils] - Verify element visible By.xpath: //tbody/tr[1]/td[5]
[INFO] 11-10-2024 09:55:26 [LogUtils] - Get text from By.xpath: //tbody/tr[1]/td[5] is: 60
[INFO] 11-10-2024 09:55:26 [LogUtils] - Value from table at row 1 column 5 is 60
[INFO] 11-10-2024 09:55:26 [LogUtils] - Verify Equals: 60 = 60
[INFO] 11-10-2024 09:55:26 [LogUtils] - Passed verify at line 101: in method verifyPlaceOrderConfirmation - file PlaceOrderPage.java
78 : 2
totalAmountCalculation 79 : 60
itemNameExpectedList.get(j) : Capsicum
[INFO] 11-10-2024 09:55:27 [LogUtils] - Verify element visible By.xpath: //tbody/tr[2]/td[2]
[INFO] 11-10-2024 09:55:28 [LogUtils] - Get text from By.xpath: //tbody/tr[2]/td[2] is: Apple - 1 Kg
[INFO] 11-10-2024 09:55:28 [LogUtils] - Value from table at row 2 column 2 is Apple - 1 Kg
WebUI.getValueOnTableByRowColumn(i, 2) : Apple - 1 Kg
[INFO] 11-10-2024 09:55:29 [LogUtils] - Verify element visible By.xpath: //tbody/tr[2]/td[2]
[INFO] 11-10-2024 09:55:29 [LogUtils] - Get text from By.xpath: //tbody/tr[2]/td[2] is: Apple - 1 Kg
[INFO] 11-10-2024 09:55:29 [LogUtils] - Value from table at row 2 column 2 is Apple - 1 Kg
[INFO] 11-10-2024 09:55:29 [LogUtils] - Verify TRUE: true
[INFO] 11-10-2024 09:55:29 [LogUtils] - Passed verify at line 106: in method verifyPlaceOrderConfirmation - file PlaceOrderPage.java
78 : 1
totalAmountCalculation 79 : 60
itemNameExpectedList.get(j) : Apple - 1 Kg
[INFO] 11-10-2024 09:55:30 [LogUtils] - Verify element visible By.xpath: //tbody/tr[1]/td[2]
[INFO] 11-10-2024 09:55:30 [LogUtils] - Get text from By.xpath: //tbody/tr[1]/td[2] is: Capsicum
[INFO] 11-10-2024 09:55:30 [LogUtils] - Value from table at row 1 column 2 is Capsicum
WebUI.getValueOnTableByRowColumn(i, 2) : Capsicum
[INFO] 11-10-2024 09:55:31 [LogUtils] - Verify element visible By.xpath: //tbody/tr[1]/td[2]
[INFO] 11-10-2024 09:55:31 [LogUtils] - Get text from By.xpath: //tbody/tr[1]/td[2] is: Capsicum
[INFO] 11-10-2024 09:55:31 [LogUtils] - Value from table at row 1 column 2 is Capsicum
78 : 2
totalAmountCalculation 79 : 60
itemNameExpectedList.get(j) : Apple - 1 Kg
[INFO] 11-10-2024 09:55:32 [LogUtils] - Verify element visible By.xpath: //tbody/tr[2]/td[2]
[INFO] 11-10-2024 09:55:32 [LogUtils] - Get text from By.xpath: //tbody/tr[2]/td[2] is: Apple - 1 Kg
[INFO] 11-10-2024 09:55:32 [LogUtils] - Value from table at row 2 column 2 is Apple - 1 Kg
WebUI.getValueOnTableByRowColumn(i, 2) : Apple - 1 Kg
[INFO] 11-10-2024 09:55:33 [LogUtils] - Verify element visible By.xpath: //tbody/tr[2]/td[2]
[INFO] 11-10-2024 09:55:33 [LogUtils] - Get text from By.xpath: //tbody/tr[2]/td[2] is: Apple - 1 Kg
[INFO] 11-10-2024 09:55:33 [LogUtils] - Value from table at row 2 column 2 is Apple - 1 Kg
[INFO] 11-10-2024 09:55:34 [LogUtils] - Verify element visible By.xpath: //tbody/tr[2]/td[3]
[INFO] 11-10-2024 09:55:34 [LogUtils] - Get text from By.xpath: //tbody/tr[2]/td[3] is: 2
[INFO] 11-10-2024 09:55:34 [LogUtils] - Value from table at row 2 column 3 is 2
[INFO] 11-10-2024 09:55:34 [LogUtils] - Verify Equals: 2 = 2
[INFO] 11-10-2024 09:55:34 [LogUtils] - Passed verify at line 99: in method verifyPlaceOrderConfirmation - file PlaceOrderPage.java
[INFO] 11-10-2024 09:55:35 [LogUtils] - Verify element visible By.xpath: //tbody/tr[2]/td[4]
[INFO] 11-10-2024 09:55:35 [LogUtils] - Get text from By.xpath: //tbody/tr[2]/td[4] is: 72
[INFO] 11-10-2024 09:55:35 [LogUtils] - Value from table at row 2 column 4 is 72
[INFO] 11-10-2024 09:55:35 [LogUtils] - Verify Equals: 72 = 72
[INFO] 11-10-2024 09:55:35 [LogUtils] - Passed verify at line 100: in method verifyPlaceOrderConfirmation - file PlaceOrderPage.java
[INFO] 11-10-2024 09:55:36 [LogUtils] - Verify element visible By.xpath: //tbody/tr[2]/td[5]
[INFO] 11-10-2024 09:55:36 [LogUtils] - Get text from By.xpath: //tbody/tr[2]/td[5] is: 144
[INFO] 11-10-2024 09:55:36 [LogUtils] - Value from table at row 2 column 5 is 144
[INFO] 11-10-2024 09:55:36 [LogUtils] - Verify Equals: 144 = 144
[INFO] 11-10-2024 09:55:36 [LogUtils] - Passed verify at line 101: in method verifyPlaceOrderConfirmation - file PlaceOrderPage.java
[INFO] 11-10-2024 09:55:36 [LogUtils] - Verify TRUE: true
[INFO] 11-10-2024 09:55:36 [LogUtils] - Passed verify at line 106: in method verifyPlaceOrderConfirmation - file PlaceOrderPage.java
[INFO] 11-10-2024 09:55:36 [LogUtils] - Verify element visible By.xpath: //span[@class='totAmt']
[INFO] 11-10-2024 09:55:36 [LogUtils] - Get text from By.xpath: //span[@class='totAmt'] is: 204
[INFO] 11-10-2024 09:55:36 [LogUtils] - Verify Equals: 204 = 204
[INFO] 11-10-2024 09:55:36 [LogUtils] - Passed verify at line 112: in method verifyPlaceOrderConfirmation - file PlaceOrderPage.java
[INFO] 11-10-2024 09:55:36 [LogUtils] - Verify element visible By.xpath: //span[@class='discountPerc']
[INFO] 11-10-2024 09:55:36 [LogUtils] - Get text from By.xpath: //span[@class='discountPerc'] is: 0%
[INFO] 11-10-2024 09:55:36 [LogUtils] - Verify Equals: 0 = 0
[INFO] 11-10-2024 09:55:36 [LogUtils] - Passed verify at line 113: in method verifyPlaceOrderConfirmation - file PlaceOrderPage.java
[INFO] 11-10-2024 09:55:36 [LogUtils] - Verify element visible By.xpath: //span[@class='discountAmt']
[INFO] 11-10-2024 09:55:36 [LogUtils] - Get text from By.xpath: //span[@class='discountAmt'] is: 204
[INFO] 11-10-2024 09:55:36 [LogUtils] - Verify Equals: 204 = 204
[INFO] 11-10-2024 09:55:36 [LogUtils] - Passed verify at line 114: in method verifyPlaceOrderConfirmation - file PlaceOrderPage.java
[INFO] 11-10-2024 09:55:36 [LogUtils] - Promo Code: rahulshettyacademy
[INFO] 11-10-2024 09:55:36 [LogUtils] - Verify element visible By.xpath: //input[@class='promoCode']
[INFO] 11-10-2024 09:55:36 [LogUtils] - Verify element visible By.xpath: //input[@class='promoCode']
[INFO] 11-10-2024 09:55:36 [LogUtils] - Clear and Fill rahulshettyacademy on By.xpath: //input[@class='promoCode']
[INFO] 11-10-2024 09:55:37 [LogUtils] - Verify element visible By.xpath: //button[@class='promoBtn']
[INFO] 11-10-2024 09:55:37 [LogUtils] - Clicked on the element By.xpath: //button[@class='promoBtn']
[INFO] 11-10-2024 09:55:42 [LogUtils] - Verify element visible By.xpath: //span[@class='promoInfo']
[INFO] 11-10-2024 09:55:42 [LogUtils] - Verify element visible By.xpath: //span[@class='promoInfo']
[INFO] 11-10-2024 09:55:42 [LogUtils] - Get text from By.xpath: //span[@class='promoInfo'] is: Code applied ..!
[INFO] 11-10-2024 09:55:42 [LogUtils] - Verify text of an element [Equals]: true
[INFO] 11-10-2024 09:55:42 [LogUtils] - Verify element visible By.xpath: //span[@class='promoInfo']
[INFO] 11-10-2024 09:55:42 [LogUtils] - Get text from By.xpath: //span[@class='promoInfo'] is: Code applied ..!
[INFO] 11-10-2024 09:55:42 [LogUtils] - Verify element visible By.xpath: //span[@class='promoInfo']
[INFO] 11-10-2024 09:55:42 [LogUtils] - Get text from By.xpath: //span[@class='promoInfo'] is: Code applied ..!
[INFO] 11-10-2024 09:55:42 [LogUtils] - Verify element visible By.xpath: //span[@class='promoInfo']
[INFO] 11-10-2024 09:55:42 [LogUtils] - Get text from By.xpath: //span[@class='promoInfo'] is: Code applied ..!
[INFO] 11-10-2024 09:55:42 [LogUtils] - Verify element visible By.xpath: //span[@class='discountPerc']
[INFO] 11-10-2024 09:55:42 [LogUtils] - Get text from By.xpath: //span[@class='discountPerc'] is: 10%
[INFO] 11-10-2024 09:55:42 [LogUtils] - Verify Equals: 10 = 10
[INFO] 11-10-2024 09:55:42 [LogUtils] - Passed verify at line 120: in method verifyPlaceOrderConfirmation - file PlaceOrderPage.java
[INFO] 11-10-2024 09:55:42 [LogUtils] - Verify element visible By.xpath: //span[@class='totAmt']
[INFO] 11-10-2024 09:55:42 [LogUtils] - Get text from By.xpath: //span[@class='totAmt'] is: 204
[INFO] 11-10-2024 09:55:42 [LogUtils] - Verify Equals: 204 = 204
[INFO] 11-10-2024 09:55:42 [LogUtils] - Passed verify at line 121: in method verifyPlaceOrderConfirmation - file PlaceOrderPage.java
[INFO] 11-10-2024 09:55:42 [LogUtils] - Verify element visible By.xpath: //span[@class='totAmt']
[INFO] 11-10-2024 09:55:42 [LogUtils] - Get text from By.xpath: //span[@class='totAmt'] is: 204
[INFO] 11-10-2024 09:55:42 [LogUtils] - Verify Equals: 204 = 204
[INFO] 11-10-2024 09:55:42 [LogUtils] - Passed verify at line 122: in method verifyPlaceOrderConfirmation - file PlaceOrderPage.java
[INFO] 11-10-2024 09:55:42 [LogUtils] - Verify element visible By.xpath: //span[@class='discountAmt']
[INFO] 11-10-2024 09:55:42 [LogUtils] - Get text from By.xpath: //span[@class='discountAmt'] is: 183.6
[INFO] 11-10-2024 09:55:42 [LogUtils] - Verify Equals: 183.6 = 183.6
[INFO] 11-10-2024 09:55:42 [LogUtils] - Passed verify at line 129: in method verifyPlaceOrderConfirmation - file PlaceOrderPage.java
[INFO] 11-10-2024 09:55:42 [LogUtils] - Verify element visible By.xpath: //button[text()='Place Order']
[INFO] 11-10-2024 09:55:42 [LogUtils] - Clicked on the element By.xpath: //button[text()='Place Order']
  &amp#27;[32mAnd &amp#27;[0m&amp#27;[32mThe user proceeds to checkout and apply promoCode&amp#27;[0m                                  &amp#27;[90m# stepdefinitions.StepsPlaceOrderWithSearchAndApplyValiadPromoCode.theUserProceedsToCheckoutAndApplyPromoCode(io.cucumber.datatable.DataTable)&amp#27;[0m
    | search item | item                   | quality | price  | Price in Cart | promo code         | Discount | Apply code message | Country | Agree to the Terms & Conditions |
    | Ap          | Capsicum, Apple - 1 Kg | 1, 2    | 60, 72 | 60 , 144      | rahulshettyacademy | 10       | Code applied ..!   | Vietnam | yes                             |
[INFO] 11-10-2024 09:55:42 [LogUtils] - After step
[INFO] 11-10-2024 09:55:42 [LogUtils] - Before Step
[INFO] 11-10-2024 09:55:42 [LogUtils] - Select Option by Text: Vietnam
  &amp#27;[32mAnd &amp#27;[0m&amp#27;[32mThe user enter country &amp#27;[0m&amp#27;[32m&amp#27;[1m"Vietnam"&amp#27;[0m                                                   &amp#27;[90m# stepdefinitions.StepsPlaceOrderWithSearchAndApplyValiadPromoCode.theUserEnterCountry(java.lang.String)&amp#27;[0m
[INFO] 11-10-2024 09:55:43 [LogUtils] - After step
[INFO] 11-10-2024 09:55:43 [LogUtils] - Before Step
[INFO] 11-10-2024 09:55:43 [LogUtils] - Verify element visible By.xpath: //input[@class='chkAgree']
[INFO] 11-10-2024 09:55:43 [LogUtils] - Clicked on the element By.xpath: //input[@class='chkAgree']
  &amp#27;[32mAnd &amp#27;[0m&amp#27;[32mThe user agree terms conditions&amp#27;[0m                                                    &amp#27;[90m# stepdefinitions.StepsPlaceOrderWithSearchAndApplyValiadPromoCode.theUserAgreeTermsConditions()&amp#27;[0m
[INFO] 11-10-2024 09:55:43 [LogUtils] - After step
[INFO] 11-10-2024 09:55:43 [LogUtils] - Before Step
[INFO] 11-10-2024 09:55:43 [LogUtils] - Verify element visible By.xpath: //button[contains(text(),'Proceed')]
[INFO] 11-10-2024 09:55:43 [LogUtils] - Clicked on the element By.xpath: //button[contains(text(),'Proceed')]
  &amp#27;[32mAnd &amp#27;[0m&amp#27;[32mThe user confirm order&amp#27;[0m                                                             &amp#27;[90m# stepdefinitions.StepsPlaceOrderWithSearchAndApplyValiadPromoCode.theUserConfirmOrder()&amp#27;[0m
[INFO] 11-10-2024 09:55:43 [LogUtils] - After step
[INFO] 11-10-2024 09:55:43 [LogUtils] - Before Step
  &amp#27;[32mThen &amp#27;[0m&amp#27;[32mThe user should see the order confirmation message&amp#27;[0m                                &amp#27;[90m# stepdefinitions.StepsPlaceOrderWithSearchAndApplyValiadPromoCode.theUserShouldSeeTheOrderConfirmationMessage()&amp#27;[0m
[INFO] 11-10-2024 09:55:43 [LogUtils] - After step
[INFO] 11-10-2024 09:55:43 [LogUtils] - After scenario
Closing browser...
Debug 80: ChromeDriver: chrome on windows (015d63695e69e4fe0f1f5d3400e2df98)
]]></system-out>
    <system-err><![CDATA[[main] INFO io.github.bonigarcia.wdm.WebDriverManager - Using chromedriver 129.0.6668.100 (resolved driver for Chrome 129)
[main] INFO io.github.bonigarcia.wdm.WebDriverManager - Exporting webdriver.chrome.driver as C:\Users\admin\.cache\selenium\chromedriver\win64\129.0.6668.100\chromedriver.exe
Oct 11, 2024 9:55:00 AM org.openqa.selenium.devtools.CdpVersionFinder findNearestMatch
WARNING: Unable to find CDP implementation matching 129
Oct 11, 2024 9:55:00 AM org.openqa.selenium.chromium.ChromiumDriver lambda$new$5
WARNING: Unable to find version of CDP to use for 129.0.6668.100. You may need to include a dependency on a specific version of the CDP using something similar to `org.seleniumhq.selenium:selenium-devtools-v86:4.11.0` where the version ("v86") matches the version of the chromium-based browser you're using and the version number of the artifact is the same as Selenium's.
]]></system-err>
  </testcase>
  <testcase name="runScenario[&quot;Place order with search and apply invalid promocode&quot;, &quot;Place order with search and apply invalid promocode&quot;](1)" classname="runners.TestRunnerPlaceOrderWithSearchAndApplyInValiadPromoCode" time="39.035">
    <system-out><![CDATA[[INFO] 11-10-2024 09:55:53 [LogUtils] - ----------------After All--------------------
[INFO] 11-10-2024 09:55:53 [LogUtils] - count_totalTCs: 3
[INFO] 11-10-2024 09:55:53 [LogUtils] - count_passedTCs: 3
[INFO] 11-10-2024 09:55:53 [LogUtils] - count_failedTCs: 0
[INFO] 11-10-2024 09:55:53 [LogUtils] - count_skippedTCs: 0
[INFO] 11-10-2024 09:55:57 [LogUtils] - ----------------Before All-------------------
[INFO] 11-10-2024 09:55:57 [LogUtils] - Loaded all properties files.
[INFO] 11-10-2024 09:55:57 [LogUtils] - {TARGET=local, RETRY_TEST_FAIL=1, TELEGRAM_CHATID=, OVERRIDE_REPORTS=yes, SEND_REPORT_TO_TELEGRAM=no, SEND_EMAIL_TO_USERS=yes, ZIP_FOLDER_NAME=ExtentReports.zip, WAIT_DEFAULT=5, ADMIN_PASSWORD=123456, TELEGRAM_TOKEN=, CMS_DATA_FILE=src/test/resources/datatest/CMS.xlsx, VIDEO_RECORD=yes, SCREENSHOT_ALL_STEPS=no, EXTENT_REPORT_NAME=ExtentReports, EXPORT_VIDEO_PATH=ExportData/Videos, EXPORT_CAPTURE_PATH=ExportData/Images, WAIT_PAGE_LOADED=40, SCREENSHOT_PASSED_STEPS=yes, EXTENT_REPORT_FOLDER=reports/ExtentReports, WAIT_EXPLICIT=10, BROWSER=chrome, SCREENSHOT_SKIPPED_STEPS=yes, REPORT_TITLE=Report | Automation Framework Selenium, AUTHOR=Tester, WAIT_IMPLICIT=20, PROJECT_NAME=Automation Framework Selenium, URL=https://cms.anhtester.com/admin, HEADLESS=false, SCREENSHOT_FAILED_STEPS=yes, ACTIVE_PAGE_LOADED=true, WAIT_SLEEP_STEP=0, OPEN_REPORTS_AFTER_EXECUTION=no, ZIP_FOLDER_PATH=reports/ExtentReports, LOCATE=vi, ADMIN_EMAIL=admin@example.com, ZIP_FOLDER=no}

Scenario: Place order with search and apply invalid promocode                            &amp#27;[90m# src/test/resources/features/PlaceOrders/PlaceOrderWithSearchAndApplyInvalidPromoCode.feature:4&amp#27;[0m
[INFO] 11-10-2024 09:55:57 [LogUtils] - Before scenario
[INFO] 11-10-2024 09:55:57 [LogUtils] - Before Step
Launching Chrome browser...
[INFO] 11-10-2024 09:55:58 [LogUtils] - Driver in TestContext: ChromeDriver: chrome on windows (da8ae5c0b3f5d9c4715de8b622588f38)
[INFO] 11-10-2024 09:56:01 [LogUtils] - Open URL: https://rahulshettyacademy.com/seleniumPractise/#/
  &amp#27;[32mGiven &amp#27;[0m&amp#27;[32mUser is on the product page &amp#27;[0m&amp#27;[32m&amp#27;[1m"https://rahulshettyacademy.com/seleniumPractise/#/"&amp#27;[0m &amp#27;[90m# stepdefinitions.StepsPlaceOrderWithSearchAndApplyValiadPromoCode.userIsOnTheProductPage(java.lang.String)&amp#27;[0m
[INFO] 11-10-2024 09:56:01 [LogUtils] - After step
[INFO] 11-10-2024 09:56:01 [LogUtils] - Before Step
[INFO] 11-10-2024 09:56:01 [LogUtils] - itemNameExpectedList: [Raspberry - 1/4 Kg]
[INFO] 11-10-2024 09:56:01 [LogUtils] - itemPriceExpectedList: [160]
[INFO] 11-10-2024 09:56:01 [LogUtils] - qualityList: [1]
[INFO] 11-10-2024 09:56:01 [LogUtils] - Verify element visible By.xpath: //input[@class='search-keyword']
[INFO] 11-10-2024 09:56:01 [LogUtils] - Clear value in textbox By.xpath: //input[@class='search-keyword']
[INFO] 11-10-2024 09:56:01 [LogUtils] - Verify element visible By.xpath: //input[@class='search-keyword']
[INFO] 11-10-2024 09:56:01 [LogUtils] - Set text Raspberry - 1/4 Kg on By.xpath: //input[@class='search-keyword']
[INFO] 11-10-2024 09:56:02 [LogUtils] - Number of items in search result: 1
[INFO] 11-10-2024 09:56:02 [LogUtils] - Element existing
[INFO] 11-10-2024 09:56:02 [LogUtils] - Show information of list search Item result
[INFO] 11-10-2024 09:56:02 [LogUtils] - itemNameActual: Raspberry - 1/4 Kg
[INFO] 11-10-2024 09:56:02 [LogUtils] - Verify Equals: Raspberry - 1/4 Kg CONTAINS Raspberry - 1/4 Kg
[INFO] 11-10-2024 09:56:02 [LogUtils] - Passed verify at line 45: in method searchItem - file ProductPage.java
searchItemResults: [[[ChromeDriver: chrome on windows (da8ae5c0b3f5d9c4715de8b622588f38)] -> xpath: //div[@class='products']/div]]
[INFO] 11-10-2024 09:56:02 [LogUtils] - itemNameActual: Raspberry - 1/4 Kg
[INFO] 11-10-2024 09:56:02 [LogUtils] - i: 0
[INFO] 11-10-2024 09:56:02 [LogUtils] - j: 0
[INFO] 11-10-2024 09:56:02 [LogUtils] - itemNameExpectedList.get(j): Raspberry - 1/4 Kg
[INFO] 11-10-2024 09:56:02 [LogUtils] - Verify Equals: Raspberry - 1/4 Kg CONTAINS Raspberry - 1/4 Kg
[INFO] 11-10-2024 09:56:02 [LogUtils] - Passed verify at line 91: in method addToCards - file ProductPage.java
[INFO] 11-10-2024 09:56:02 [LogUtils] - itemPriceActual: 160
[INFO] 11-10-2024 09:56:02 [LogUtils] - Verify Equals: 160 = 160
[INFO] 11-10-2024 09:56:02 [LogUtils] - Passed verify at line 95: in method addToCards - file ProductPage.java
[INFO] 11-10-2024 09:56:02 [LogUtils] - Verify Equals: 1 = 1
[INFO] 11-10-2024 09:56:02 [LogUtils] - Passed verify at line 98: in method addToCards - file ProductPage.java
[INFO] 11-10-2024 09:56:04 [LogUtils] - Verify element visible By.xpath: //tbody/tr[1]/td[3]
[INFO] 11-10-2024 09:56:04 [LogUtils] - Get text from By.xpath: //tbody/tr[1]/td[3] is: 0
[INFO] 11-10-2024 09:56:04 [LogUtils] - Value from table at row 1 column 3 is 0
86: 0
[INFO] 11-10-2024 09:56:05 [LogUtils] - Verify element visible By.xpath: //tbody/tr[2]/td[3]
[INFO] 11-10-2024 09:56:05 [LogUtils] - Get text from By.xpath: //tbody/tr[2]/td[3] is: 0
[INFO] 11-10-2024 09:56:05 [LogUtils] - Value from table at row 2 column 3 is 0
87: 0
[INFO] 11-10-2024 09:56:06 [LogUtils] - Verify element visible By.xpath: //tbody/tr[1]/td[3]
[INFO] 11-10-2024 09:56:06 [LogUtils] - Get text from By.xpath: //tbody/tr[1]/td[3] is: 0
[INFO] 11-10-2024 09:56:06 [LogUtils] - Value from table at row 1 column 3 is 0
[INFO] 11-10-2024 09:56:07 [LogUtils] - Verify element visible By.xpath: //tbody/tr[2]/td[3]
[INFO] 11-10-2024 09:56:07 [LogUtils] - Get text from By.xpath: //tbody/tr[2]/td[3] is: 0
[INFO] 11-10-2024 09:56:07 [LogUtils] - Value from table at row 2 column 3 is 0
99: 0
[INFO] 11-10-2024 09:56:08 [LogUtils] - Verify element visible By.xpath: //tbody/tr[1]/td[3]
[INFO] 11-10-2024 09:56:08 [LogUtils] - Get text from By.xpath: //tbody/tr[1]/td[3] is: 1
[INFO] 11-10-2024 09:56:08 [LogUtils] - Value from table at row 1 column 3 is 1
109: {}
itemInCart.keySet().contains(itemNameActual): false
113: {Raspberry - 1/4 Kg=1}
[INFO] 11-10-2024 09:56:08 [LogUtils] - Verify Equals: 1 = 1
[INFO] 11-10-2024 09:56:08 [LogUtils] - Passed verify at line 128: in method addToCards - file ProductPage.java
[INFO] 11-10-2024 09:56:09 [LogUtils] - Verify element visible By.xpath: //tbody/tr[2]/td[3]
[INFO] 11-10-2024 09:56:09 [LogUtils] - Get text from By.xpath: //tbody/tr[2]/td[3] is: 160
[INFO] 11-10-2024 09:56:09 [LogUtils] - Value from table at row 2 column 3 is 160
[INFO] 11-10-2024 09:56:09 [LogUtils] - Verify Equals: 160 = 160
[INFO] 11-10-2024 09:56:09 [LogUtils] - Passed verify at line 132: in method addToCards - file ProductPage.java
[INFO] 11-10-2024 09:56:09 [LogUtils] - itemInCart: {Raspberry - 1/4 Kg=1}
[INFO] 11-10-2024 09:56:09 [LogUtils] - Verify element visible By.xpath: //a[@class='cart-icon']
[INFO] 11-10-2024 09:56:09 [LogUtils] - Clicked on the element By.xpath: //a[@class='cart-icon']
[INFO] 11-10-2024 09:56:11 [LogUtils] - Verify element visible By.xpath: //button[text()='PROCEED TO CHECKOUT']
[INFO] 11-10-2024 09:56:11 [LogUtils] - Product NameRaspberry - 1/4 Kg
[INFO] 11-10-2024 09:56:11 [LogUtils] - itemNameExpected: Raspberry - 1/4 Kg
[INFO] 11-10-2024 09:56:11 [LogUtils] - Verify Equals: 160 = 160
[INFO] 11-10-2024 09:56:11 [LogUtils] - Passed verify at line 158: in method verifyProceedToCheckoutPopupPage - file ProductPage.java
[INFO] 11-10-2024 09:56:11 [LogUtils] - Verify Equals: 160 = 160
[INFO] 11-10-2024 09:56:11 [LogUtils] - Passed verify at line 159: in method verifyProceedToCheckoutPopupPage - file ProductPage.java
[INFO] 11-10-2024 09:56:11 [LogUtils] - Verify TRUE: true
[INFO] 11-10-2024 09:56:11 [LogUtils] - Passed verify at line 164: in method verifyProceedToCheckoutPopupPage - file ProductPage.java
[INFO] 11-10-2024 09:56:11 [LogUtils] - Verify element visible By.xpath: //a[@class='cart-icon']
[INFO] 11-10-2024 09:56:11 [LogUtils] - Clicked on the element By.xpath: //a[@class='cart-icon']
[INFO] 11-10-2024 09:56:11 [LogUtils] - Verify element visible By.xpath: //a[@class='cart-icon']
[INFO] 11-10-2024 09:56:12 [LogUtils] - Clicked on the element By.xpath: //a[@class='cart-icon']
[INFO] 11-10-2024 09:56:12 [LogUtils] - Verify element visible By.xpath: //button[text()='PROCEED TO CHECKOUT']
[INFO] 11-10-2024 09:56:12 [LogUtils] - Clicked on the element By.xpath: //button[text()='PROCEED TO CHECKOUT']
  &amp#27;[32mWhen &amp#27;[0m&amp#27;[32mUser search products and add to cart&amp#27;[0m                                              &amp#27;[90m# stepdefinitions.StepsPlaceOrderWithSearchAndApplyValiadPromoCode.userSearchProductsAndAddToCart(io.cucumber.datatable.DataTable)&amp#27;[0m
    | search item        | item               | quality | price | Price in Cart | promo code | Discount | Apply code message | Country  | Agree to the Terms & Conditions |
    | Raspberry - 1/4 Kg | Raspberry - 1/4 Kg | 1       | 160   | 160           | invalid    | 0        | Invalid code ..!   | Viet Nam | yes                             |
[INFO] 11-10-2024 09:56:13 [LogUtils] - After step
[INFO] 11-10-2024 09:56:13 [LogUtils] - Before Step
[INFO] 11-10-2024 09:56:13 [LogUtils] - itemNameExpectedList: [Raspberry - 1/4 Kg]
[INFO] 11-10-2024 09:56:13 [LogUtils] - itemPriceExpectedList: [160]
[INFO] 11-10-2024 09:56:13 [LogUtils] - qualityList: [1]
[INFO] 11-10-2024 09:56:13 [LogUtils] - Verify element visible By.xpath: //tbody//td[5]/p
[INFO] 11-10-2024 09:56:13 [LogUtils] - totalRows size: 1
78 : 1
totalAmountCalculation 79 : 0
itemNameExpectedList.get(j) : Raspberry - 1/4 Kg
[INFO] 11-10-2024 09:56:14 [LogUtils] - Verify element visible By.xpath: //tbody/tr[1]/td[2]
[INFO] 11-10-2024 09:56:14 [LogUtils] - Get text from By.xpath: //tbody/tr[1]/td[2] is: Raspberry - 1/4 Kg
[INFO] 11-10-2024 09:56:14 [LogUtils] - Value from table at row 1 column 2 is Raspberry - 1/4 Kg
WebUI.getValueOnTableByRowColumn(i, 2) : Raspberry - 1/4 Kg
[INFO] 11-10-2024 09:56:15 [LogUtils] - Verify element visible By.xpath: //tbody/tr[1]/td[2]
[INFO] 11-10-2024 09:56:15 [LogUtils] - Get text from By.xpath: //tbody/tr[1]/td[2] is: Raspberry - 1/4 Kg
[INFO] 11-10-2024 09:56:15 [LogUtils] - Value from table at row 1 column 2 is Raspberry - 1/4 Kg
[INFO] 11-10-2024 09:56:16 [LogUtils] - Verify element visible By.xpath: //tbody/tr[1]/td[3]
[INFO] 11-10-2024 09:56:16 [LogUtils] - Get text from By.xpath: //tbody/tr[1]/td[3] is: 1
[INFO] 11-10-2024 09:56:16 [LogUtils] - Value from table at row 1 column 3 is 1
[INFO] 11-10-2024 09:56:16 [LogUtils] - Verify Equals: 1 = 1
[INFO] 11-10-2024 09:56:16 [LogUtils] - Passed verify at line 99: in method verifyPlaceOrderConfirmation - file PlaceOrderPage.java
[INFO] 11-10-2024 09:56:17 [LogUtils] - Verify element visible By.xpath: //tbody/tr[1]/td[4]
[INFO] 11-10-2024 09:56:17 [LogUtils] - Get text from By.xpath: //tbody/tr[1]/td[4] is: 160
[INFO] 11-10-2024 09:56:17 [LogUtils] - Value from table at row 1 column 4 is 160
[INFO] 11-10-2024 09:56:17 [LogUtils] - Verify Equals: 160 = 160
[INFO] 11-10-2024 09:56:17 [LogUtils] - Passed verify at line 100: in method verifyPlaceOrderConfirmation - file PlaceOrderPage.java
[INFO] 11-10-2024 09:56:18 [LogUtils] - Verify element visible By.xpath: //tbody/tr[1]/td[5]
[INFO] 11-10-2024 09:56:18 [LogUtils] - Get text from By.xpath: //tbody/tr[1]/td[5] is: 160
[INFO] 11-10-2024 09:56:18 [LogUtils] - Value from table at row 1 column 5 is 160
[INFO] 11-10-2024 09:56:18 [LogUtils] - Verify Equals: 160 = 160
[INFO] 11-10-2024 09:56:18 [LogUtils] - Passed verify at line 101: in method verifyPlaceOrderConfirmation - file PlaceOrderPage.java
[INFO] 11-10-2024 09:56:18 [LogUtils] - Verify TRUE: true
[INFO] 11-10-2024 09:56:18 [LogUtils] - Passed verify at line 106: in method verifyPlaceOrderConfirmation - file PlaceOrderPage.java
[INFO] 11-10-2024 09:56:18 [LogUtils] - Verify element visible By.xpath: //span[@class='totAmt']
[INFO] 11-10-2024 09:56:18 [LogUtils] - Get text from By.xpath: //span[@class='totAmt'] is: 160
[INFO] 11-10-2024 09:56:18 [LogUtils] - Verify Equals: 160 = 160
[INFO] 11-10-2024 09:56:18 [LogUtils] - Passed verify at line 112: in method verifyPlaceOrderConfirmation - file PlaceOrderPage.java
[INFO] 11-10-2024 09:56:18 [LogUtils] - Verify element visible By.xpath: //span[@class='discountPerc']
[INFO] 11-10-2024 09:56:18 [LogUtils] - Get text from By.xpath: //span[@class='discountPerc'] is: 0%
[INFO] 11-10-2024 09:56:18 [LogUtils] - Verify Equals: 0 = 0
[INFO] 11-10-2024 09:56:18 [LogUtils] - Passed verify at line 113: in method verifyPlaceOrderConfirmation - file PlaceOrderPage.java
[INFO] 11-10-2024 09:56:18 [LogUtils] - Verify element visible By.xpath: //span[@class='discountAmt']
[INFO] 11-10-2024 09:56:18 [LogUtils] - Get text from By.xpath: //span[@class='discountAmt'] is: 160
[INFO] 11-10-2024 09:56:18 [LogUtils] - Verify Equals: 160 = 160
[INFO] 11-10-2024 09:56:18 [LogUtils] - Passed verify at line 114: in method verifyPlaceOrderConfirmation - file PlaceOrderPage.java
[INFO] 11-10-2024 09:56:18 [LogUtils] - Promo Code: invalid
[INFO] 11-10-2024 09:56:18 [LogUtils] - Verify element visible By.xpath: //input[@class='promoCode']
[INFO] 11-10-2024 09:56:19 [LogUtils] - Verify element visible By.xpath: //input[@class='promoCode']
[INFO] 11-10-2024 09:56:19 [LogUtils] - Clear and Fill invalid on By.xpath: //input[@class='promoCode']
[INFO] 11-10-2024 09:56:19 [LogUtils] - Verify element visible By.xpath: //button[@class='promoBtn']
[INFO] 11-10-2024 09:56:19 [LogUtils] - Clicked on the element By.xpath: //button[@class='promoBtn']
[INFO] 11-10-2024 09:56:24 [LogUtils] - Verify element visible By.xpath: //span[@class='promoInfo']
[INFO] 11-10-2024 09:56:24 [LogUtils] - Verify element visible By.xpath: //span[@class='promoInfo']
[INFO] 11-10-2024 09:56:24 [LogUtils] - Get text from By.xpath: //span[@class='promoInfo'] is: Invalid code ..!
[INFO] 11-10-2024 09:56:24 [LogUtils] - Verify text of an element [Equals]: true
[INFO] 11-10-2024 09:56:24 [LogUtils] - Verify element visible By.xpath: //span[@class='promoInfo']
[INFO] 11-10-2024 09:56:24 [LogUtils] - Get text from By.xpath: //span[@class='promoInfo'] is: Invalid code ..!
[INFO] 11-10-2024 09:56:24 [LogUtils] - Verify element visible By.xpath: //span[@class='promoInfo']
[INFO] 11-10-2024 09:56:24 [LogUtils] - Get text from By.xpath: //span[@class='promoInfo'] is: Invalid code ..!
[INFO] 11-10-2024 09:56:24 [LogUtils] - Verify element visible By.xpath: //span[@class='promoInfo']
[INFO] 11-10-2024 09:56:24 [LogUtils] - Get text from By.xpath: //span[@class='promoInfo'] is: Invalid code ..!
[INFO] 11-10-2024 09:56:24 [LogUtils] - Verify element visible By.xpath: //span[@class='discountPerc']
[INFO] 11-10-2024 09:56:24 [LogUtils] - Get text from By.xpath: //span[@class='discountPerc'] is: 0%
[INFO] 11-10-2024 09:56:24 [LogUtils] - Verify Equals: 0 = 0
[INFO] 11-10-2024 09:56:24 [LogUtils] - Passed verify at line 120: in method verifyPlaceOrderConfirmation - file PlaceOrderPage.java
[INFO] 11-10-2024 09:56:24 [LogUtils] - Verify element visible By.xpath: //span[@class='totAmt']
[INFO] 11-10-2024 09:56:24 [LogUtils] - Get text from By.xpath: //span[@class='totAmt'] is: 160
[INFO] 11-10-2024 09:56:24 [LogUtils] - Verify Equals: 160 = 160
[INFO] 11-10-2024 09:56:24 [LogUtils] - Passed verify at line 121: in method verifyPlaceOrderConfirmation - file PlaceOrderPage.java
[INFO] 11-10-2024 09:56:24 [LogUtils] - Verify element visible By.xpath: //span[@class='totAmt']
[INFO] 11-10-2024 09:56:24 [LogUtils] - Get text from By.xpath: //span[@class='totAmt'] is: 160
[INFO] 11-10-2024 09:56:24 [LogUtils] - Verify Equals: 160 = 160
[INFO] 11-10-2024 09:56:24 [LogUtils] - Passed verify at line 122: in method verifyPlaceOrderConfirmation - file PlaceOrderPage.java
[INFO] 11-10-2024 09:56:24 [LogUtils] - Verify element visible By.xpath: //span[@class='discountAmt']
[INFO] 11-10-2024 09:56:24 [LogUtils] - Get text from By.xpath: //span[@class='discountAmt'] is: 160
[INFO] 11-10-2024 09:56:24 [LogUtils] - Verify Equals: 160 = 160
[INFO] 11-10-2024 09:56:24 [LogUtils] - Passed verify at line 131: in method verifyPlaceOrderConfirmation - file PlaceOrderPage.java
[INFO] 11-10-2024 09:56:24 [LogUtils] - Verify element visible By.xpath: //button[text()='Place Order']
[INFO] 11-10-2024 09:56:24 [LogUtils] - Clicked on the element By.xpath: //button[text()='Place Order']
  &amp#27;[32mAnd &amp#27;[0m&amp#27;[32mThe user proceeds to checkout and apply promoCode&amp#27;[0m                                  &amp#27;[90m# stepdefinitions.StepsPlaceOrderWithSearchAndApplyValiadPromoCode.theUserProceedsToCheckoutAndApplyPromoCode(io.cucumber.datatable.DataTable)&amp#27;[0m
    | search item        | item               | quality | price | Price in Cart | promo code | Discount | Apply code message | Country  | Agree to the Terms & Conditions |
    | Raspberry - 1/4 Kg | Raspberry - 1/4 Kg | 1       | 160   | 160           | invalid    | 0        | Invalid code ..!   | Viet Nam | yes                             |
[INFO] 11-10-2024 09:56:24 [LogUtils] - After step
[INFO] 11-10-2024 09:56:25 [LogUtils] - Before Step
[INFO] 11-10-2024 09:56:25 [LogUtils] - Select Option by Text: Vietnam
  &amp#27;[32mAnd &amp#27;[0m&amp#27;[32mThe user enter country &amp#27;[0m&amp#27;[32m&amp#27;[1m"Vietnam"&amp#27;[0m                                                   &amp#27;[90m# stepdefinitions.StepsPlaceOrderWithSearchAndApplyValiadPromoCode.theUserEnterCountry(java.lang.String)&amp#27;[0m
[INFO] 11-10-2024 09:56:25 [LogUtils] - After step
[INFO] 11-10-2024 09:56:25 [LogUtils] - Before Step
[INFO] 11-10-2024 09:56:25 [LogUtils] - Verify element visible By.xpath: //input[@class='chkAgree']
[INFO] 11-10-2024 09:56:25 [LogUtils] - Clicked on the element By.xpath: //input[@class='chkAgree']
  &amp#27;[32mAnd &amp#27;[0m&amp#27;[32mThe user agree terms conditions&amp#27;[0m                                                    &amp#27;[90m# stepdefinitions.StepsPlaceOrderWithSearchAndApplyValiadPromoCode.theUserAgreeTermsConditions()&amp#27;[0m
[INFO] 11-10-2024 09:56:25 [LogUtils] - After step
[INFO] 11-10-2024 09:56:25 [LogUtils] - Before Step
[INFO] 11-10-2024 09:56:25 [LogUtils] - Verify element visible By.xpath: //button[contains(text(),'Proceed')]
[INFO] 11-10-2024 09:56:25 [LogUtils] - Clicked on the element By.xpath: //button[contains(text(),'Proceed')]
  &amp#27;[32mAnd &amp#27;[0m&amp#27;[32mThe user confirm order&amp#27;[0m                                                             &amp#27;[90m# stepdefinitions.StepsPlaceOrderWithSearchAndApplyValiadPromoCode.theUserConfirmOrder()&amp#27;[0m
[INFO] 11-10-2024 09:56:25 [LogUtils] - After step
[INFO] 11-10-2024 09:56:25 [LogUtils] - Before Step
  &amp#27;[32mThen &amp#27;[0m&amp#27;[32mThe user should see the order confirmation message&amp#27;[0m                                &amp#27;[90m# stepdefinitions.StepsPlaceOrderWithSearchAndApplyValiadPromoCode.theUserShouldSeeTheOrderConfirmationMessage()&amp#27;[0m
[INFO] 11-10-2024 09:56:25 [LogUtils] - After step
[INFO] 11-10-2024 09:56:25 [LogUtils] - After scenario
Closing browser...
Debug 80: ChromeDriver: chrome on windows (da8ae5c0b3f5d9c4715de8b622588f38)
]]></system-out>
    <system-err><![CDATA[&amp#27;[32m&amp#27;[1m&amp#27;[0m
&amp#27;[32m&amp#27;[1m&amp#27;[0m View your Cucumber Report at:                                            &amp#27;[32m&amp#27;[1m&amp#27;[0m
&amp#27;[32m&amp#27;[1m&amp#27;[0m &amp#27;[1m&amp#27;[36m&amp#27;[4mhttps://reports.cucumber.io/reports/8f587d77-4dae-4801-bdd6-d018451b0564&amp#27;[0m &amp#27;[32m&amp#27;[1m&amp#27;[0m
&amp#27;[32m&amp#27;[1m&amp#27;[0m                                                                          &amp#27;[32m&amp#27;[1m&amp#27;[0m
&amp#27;[32m&amp#27;[1m&amp#27;[0m &amp#27;[1mThis report will self-destruct in 24h.&amp#27;[0m                                   &amp#27;[32m&amp#27;[1m&amp#27;[0m
&amp#27;[32m&amp#27;[1m&amp#27;[0m Keep reports forever: &amp#27;[4m&amp#27;[1m&amp#27;[36mhttps://reports.cucumber.io/profile&amp#27;[0m                &amp#27;[32m&amp#27;[1m&amp#27;[0m
&amp#27;[32m&amp#27;[1m&amp#27;[0m[main] INFO io.github.bonigarcia.wdm.WebDriverManager - Using chromedriver 129.0.6668.100 (resolved driver for Chrome 129)
[main] INFO io.github.bonigarcia.wdm.WebDriverManager - Exporting webdriver.chrome.driver as C:\Users\admin\.cache\selenium\chromedriver\win64\129.0.6668.100\chromedriver.exe
Oct 11, 2024 9:55:57 AM org.openqa.selenium.devtools.CdpVersionFinder findNearestMatch
WARNING: Unable to find CDP implementation matching 129
Oct 11, 2024 9:55:57 AM org.openqa.selenium.chromium.ChromiumDriver lambda$new$5
WARNING: Unable to find version of CDP to use for 129.0.6668.100. You may need to include a dependency on a specific version of the CDP using something similar to `org.seleniumhq.selenium:selenium-devtools-v86:4.11.0` where the version ("v86") matches the version of the chromium-based browser you're using and the version number of the artifact is the same as Selenium's.
]]></system-err>
  </testcase>
  <testcase name="runScenario[&quot;Successfully place order with search&quot;, &quot;Place oder with search&quot;](1)" classname="runners.TestRunnerPlaceOrderWithSearch" time="32.717">
    <system-out><![CDATA[[INFO] 11-10-2024 09:56:36 [LogUtils] - ----------------After All--------------------
[INFO] 11-10-2024 09:56:36 [LogUtils] - count_totalTCs: 4
[INFO] 11-10-2024 09:56:36 [LogUtils] - count_passedTCs: 4
[INFO] 11-10-2024 09:56:36 [LogUtils] - count_failedTCs: 0
[INFO] 11-10-2024 09:56:36 [LogUtils] - count_skippedTCs: 0
[INFO] 11-10-2024 09:56:38 [LogUtils] - ----------------Before All-------------------
[INFO] 11-10-2024 09:56:38 [LogUtils] - Loaded all properties files.
[INFO] 11-10-2024 09:56:38 [LogUtils] - {TARGET=local, RETRY_TEST_FAIL=1, TELEGRAM_CHATID=, OVERRIDE_REPORTS=yes, SEND_REPORT_TO_TELEGRAM=no, SEND_EMAIL_TO_USERS=yes, ZIP_FOLDER_NAME=ExtentReports.zip, WAIT_DEFAULT=5, ADMIN_PASSWORD=123456, TELEGRAM_TOKEN=, CMS_DATA_FILE=src/test/resources/datatest/CMS.xlsx, VIDEO_RECORD=yes, SCREENSHOT_ALL_STEPS=no, EXTENT_REPORT_NAME=ExtentReports, EXPORT_VIDEO_PATH=ExportData/Videos, EXPORT_CAPTURE_PATH=ExportData/Images, WAIT_PAGE_LOADED=40, SCREENSHOT_PASSED_STEPS=yes, EXTENT_REPORT_FOLDER=reports/ExtentReports, WAIT_EXPLICIT=10, BROWSER=chrome, SCREENSHOT_SKIPPED_STEPS=yes, REPORT_TITLE=Report | Automation Framework Selenium, AUTHOR=Tester, WAIT_IMPLICIT=20, PROJECT_NAME=Automation Framework Selenium, URL=https://cms.anhtester.com/admin, HEADLESS=false, SCREENSHOT_FAILED_STEPS=yes, ACTIVE_PAGE_LOADED=true, WAIT_SLEEP_STEP=0, OPEN_REPORTS_AFTER_EXECUTION=no, ZIP_FOLDER_PATH=reports/ExtentReports, LOCATE=vi, ADMIN_EMAIL=admin@example.com, ZIP_FOLDER=no}

Scenario: Successfully place order with search                                           &amp#27;[90m# src/test/resources/features/PlaceOrders/PlaceOrderWithSearch.feature:4&amp#27;[0m
[INFO] 11-10-2024 09:56:38 [LogUtils] - Before scenario
[INFO] 11-10-2024 09:56:38 [LogUtils] - Before Step
Launching Chrome browser...
[INFO] 11-10-2024 09:56:38 [LogUtils] - Driver in TestContext: ChromeDriver: chrome on windows (ffe969221b1674abb1eab45818aa5729)
[INFO] 11-10-2024 09:56:41 [LogUtils] - Open URL: https://rahulshettyacademy.com/seleniumPractise/#/
  &amp#27;[32mGiven &amp#27;[0m&amp#27;[32mUser is on the product page &amp#27;[0m&amp#27;[32m&amp#27;[1m"https://rahulshettyacademy.com/seleniumPractise/#/"&amp#27;[0m &amp#27;[90m# stepdefinitions.StepsPlaceOrderWithSearchAndApplyValiadPromoCode.userIsOnTheProductPage(java.lang.String)&amp#27;[0m
[INFO] 11-10-2024 09:56:41 [LogUtils] - After step
[INFO] 11-10-2024 09:56:41 [LogUtils] - Before Step
[INFO] 11-10-2024 09:56:41 [LogUtils] - itemNameExpectedList: [Raspberry - 1/4 Kg]
[INFO] 11-10-2024 09:56:41 [LogUtils] - itemPriceExpectedList: [160]
[INFO] 11-10-2024 09:56:41 [LogUtils] - qualityList: [1]
[INFO] 11-10-2024 09:56:41 [LogUtils] - Verify element visible By.xpath: //input[@class='search-keyword']
[INFO] 11-10-2024 09:56:41 [LogUtils] - Clear value in textbox By.xpath: //input[@class='search-keyword']
[INFO] 11-10-2024 09:56:41 [LogUtils] - Verify element visible By.xpath: //input[@class='search-keyword']
[INFO] 11-10-2024 09:56:42 [LogUtils] - Set text Raspberry - 1/4 Kg on By.xpath: //input[@class='search-keyword']
[INFO] 11-10-2024 09:56:43 [LogUtils] - Number of items in search result: 1
[INFO] 11-10-2024 09:56:43 [LogUtils] - Element existing
[INFO] 11-10-2024 09:56:43 [LogUtils] - Show information of list search Item result
[INFO] 11-10-2024 09:56:43 [LogUtils] - itemNameActual: Raspberry - 1/4 Kg
[INFO] 11-10-2024 09:56:43 [LogUtils] - Verify Equals: Raspberry - 1/4 Kg CONTAINS Raspberry - 1/4 Kg
[INFO] 11-10-2024 09:56:43 [LogUtils] - Passed verify at line 45: in method searchItem - file ProductPage.java
searchItemResults: [[[ChromeDriver: chrome on windows (ffe969221b1674abb1eab45818aa5729)] -> xpath: //div[@class='products']/div]]
[INFO] 11-10-2024 09:56:43 [LogUtils] - itemNameActual: Raspberry - 1/4 Kg
[INFO] 11-10-2024 09:56:43 [LogUtils] - i: 0
[INFO] 11-10-2024 09:56:43 [LogUtils] - j: 0
[INFO] 11-10-2024 09:56:43 [LogUtils] - itemNameExpectedList.get(j): Raspberry - 1/4 Kg
[INFO] 11-10-2024 09:56:43 [LogUtils] - Verify Equals: Raspberry - 1/4 Kg CONTAINS Raspberry - 1/4 Kg
[INFO] 11-10-2024 09:56:43 [LogUtils] - Passed verify at line 91: in method addToCards - file ProductPage.java
[INFO] 11-10-2024 09:56:43 [LogUtils] - itemPriceActual: 160
[INFO] 11-10-2024 09:56:43 [LogUtils] - Verify Equals: 160 = 160
[INFO] 11-10-2024 09:56:43 [LogUtils] - Passed verify at line 95: in method addToCards - file ProductPage.java
[INFO] 11-10-2024 09:56:43 [LogUtils] - Verify Equals: 1 = 1
[INFO] 11-10-2024 09:56:43 [LogUtils] - Passed verify at line 98: in method addToCards - file ProductPage.java
[INFO] 11-10-2024 09:56:44 [LogUtils] - Verify element visible By.xpath: //tbody/tr[1]/td[3]
[INFO] 11-10-2024 09:56:44 [LogUtils] - Get text from By.xpath: //tbody/tr[1]/td[3] is: 0
[INFO] 11-10-2024 09:56:44 [LogUtils] - Value from table at row 1 column 3 is 0
86: 0
[INFO] 11-10-2024 09:56:45 [LogUtils] - Verify element visible By.xpath: //tbody/tr[2]/td[3]
[INFO] 11-10-2024 09:56:45 [LogUtils] - Get text from By.xpath: //tbody/tr[2]/td[3] is: 0
[INFO] 11-10-2024 09:56:45 [LogUtils] - Value from table at row 2 column 3 is 0
87: 0
[INFO] 11-10-2024 09:56:46 [LogUtils] - Verify element visible By.xpath: //tbody/tr[1]/td[3]
[INFO] 11-10-2024 09:56:46 [LogUtils] - Get text from By.xpath: //tbody/tr[1]/td[3] is: 0
[INFO] 11-10-2024 09:56:46 [LogUtils] - Value from table at row 1 column 3 is 0
[INFO] 11-10-2024 09:56:47 [LogUtils] - Verify element visible By.xpath: //tbody/tr[2]/td[3]
[INFO] 11-10-2024 09:56:47 [LogUtils] - Get text from By.xpath: //tbody/tr[2]/td[3] is: 0
[INFO] 11-10-2024 09:56:47 [LogUtils] - Value from table at row 2 column 3 is 0
99: 0
[INFO] 11-10-2024 09:56:48 [LogUtils] - Verify element visible By.xpath: //tbody/tr[1]/td[3]
[INFO] 11-10-2024 09:56:48 [LogUtils] - Get text from By.xpath: //tbody/tr[1]/td[3] is: 1
[INFO] 11-10-2024 09:56:48 [LogUtils] - Value from table at row 1 column 3 is 1
109: {}
itemInCart.keySet().contains(itemNameActual): false
113: {Raspberry - 1/4 Kg=1}
[INFO] 11-10-2024 09:56:48 [LogUtils] - Verify Equals: 1 = 1
[INFO] 11-10-2024 09:56:48 [LogUtils] - Passed verify at line 128: in method addToCards - file ProductPage.java
[INFO] 11-10-2024 09:56:49 [LogUtils] - Verify element visible By.xpath: //tbody/tr[2]/td[3]
[INFO] 11-10-2024 09:56:49 [LogUtils] - Get text from By.xpath: //tbody/tr[2]/td[3] is: 160
[INFO] 11-10-2024 09:56:49 [LogUtils] - Value from table at row 2 column 3 is 160
[INFO] 11-10-2024 09:56:49 [LogUtils] - Verify Equals: 160 = 160
[INFO] 11-10-2024 09:56:49 [LogUtils] - Passed verify at line 132: in method addToCards - file ProductPage.java
[INFO] 11-10-2024 09:56:49 [LogUtils] - itemInCart: {Raspberry - 1/4 Kg=1}
[INFO] 11-10-2024 09:56:49 [LogUtils] - Verify element visible By.xpath: //a[@class='cart-icon']
[INFO] 11-10-2024 09:56:49 [LogUtils] - Clicked on the element By.xpath: //a[@class='cart-icon']
[INFO] 11-10-2024 09:56:52 [LogUtils] - Verify element visible By.xpath: //button[text()='PROCEED TO CHECKOUT']
[INFO] 11-10-2024 09:56:52 [LogUtils] - Product NameRaspberry - 1/4 Kg
[INFO] 11-10-2024 09:56:52 [LogUtils] - itemNameExpected: Raspberry - 1/4 Kg
[INFO] 11-10-2024 09:56:52 [LogUtils] - Verify Equals: 160 = 160
[INFO] 11-10-2024 09:56:52 [LogUtils] - Passed verify at line 158: in method verifyProceedToCheckoutPopupPage - file ProductPage.java
[INFO] 11-10-2024 09:56:52 [LogUtils] - Verify Equals: 160 = 160
[INFO] 11-10-2024 09:56:52 [LogUtils] - Passed verify at line 159: in method verifyProceedToCheckoutPopupPage - file ProductPage.java
[INFO] 11-10-2024 09:56:52 [LogUtils] - Verify TRUE: true
[INFO] 11-10-2024 09:56:52 [LogUtils] - Passed verify at line 164: in method verifyProceedToCheckoutPopupPage - file ProductPage.java
[INFO] 11-10-2024 09:56:52 [LogUtils] - Verify element visible By.xpath: //a[@class='cart-icon']
[INFO] 11-10-2024 09:56:52 [LogUtils] - Clicked on the element By.xpath: //a[@class='cart-icon']
[INFO] 11-10-2024 09:56:52 [LogUtils] - Verify element visible By.xpath: //a[@class='cart-icon']
[INFO] 11-10-2024 09:56:52 [LogUtils] - Clicked on the element By.xpath: //a[@class='cart-icon']
[INFO] 11-10-2024 09:56:52 [LogUtils] - Verify element visible By.xpath: //button[text()='PROCEED TO CHECKOUT']
[INFO] 11-10-2024 09:56:52 [LogUtils] - Clicked on the element By.xpath: //button[text()='PROCEED TO CHECKOUT']
  &amp#27;[32mWhen &amp#27;[0m&amp#27;[32mUser search products and add to cart&amp#27;[0m                                              &amp#27;[90m# stepdefinitions.StepsPlaceOrderWithSearchAndApplyValiadPromoCode.userSearchProductsAndAddToCart(io.cucumber.datatable.DataTable)&amp#27;[0m
    | search item        | item               | quality | price | Price in Cart | promo code | Discount | Apply code message | Country  | Agree to the Terms & Conditions |
    | Raspberry - 1/4 Kg | Raspberry - 1/4 Kg | 1       | 160   | 160           | [empty]    | 0        | [empty]            | Viet Nam | yes                             |
[INFO] 11-10-2024 09:56:53 [LogUtils] - After step
[INFO] 11-10-2024 09:56:53 [LogUtils] - Before Step
[INFO] 11-10-2024 09:56:53 [LogUtils] - itemNameExpectedList: [Raspberry - 1/4 Kg]
[INFO] 11-10-2024 09:56:53 [LogUtils] - itemPriceExpectedList: [160]
[INFO] 11-10-2024 09:56:53 [LogUtils] - qualityList: [1]
[INFO] 11-10-2024 09:56:53 [LogUtils] - Verify element visible By.xpath: //tbody//td[5]/p
[INFO] 11-10-2024 09:56:53 [LogUtils] - totalRows size: 1
78 : 1
totalAmountCalculation 79 : 0
itemNameExpectedList.get(j) : Raspberry - 1/4 Kg
[INFO] 11-10-2024 09:56:54 [LogUtils] - Verify element visible By.xpath: //tbody/tr[1]/td[2]
[INFO] 11-10-2024 09:56:54 [LogUtils] - Get text from By.xpath: //tbody/tr[1]/td[2] is: Raspberry - 1/4 Kg
[INFO] 11-10-2024 09:56:54 [LogUtils] - Value from table at row 1 column 2 is Raspberry - 1/4 Kg
WebUI.getValueOnTableByRowColumn(i, 2) : Raspberry - 1/4 Kg
[INFO] 11-10-2024 09:56:55 [LogUtils] - Verify element visible By.xpath: //tbody/tr[1]/td[2]
[INFO] 11-10-2024 09:56:55 [LogUtils] - Get text from By.xpath: //tbody/tr[1]/td[2] is: Raspberry - 1/4 Kg
[INFO] 11-10-2024 09:56:55 [LogUtils] - Value from table at row 1 column 2 is Raspberry - 1/4 Kg
[INFO] 11-10-2024 09:56:56 [LogUtils] - Verify element visible By.xpath: //tbody/tr[1]/td[3]
[INFO] 11-10-2024 09:56:56 [LogUtils] - Get text from By.xpath: //tbody/tr[1]/td[3] is: 1
[INFO] 11-10-2024 09:56:56 [LogUtils] - Value from table at row 1 column 3 is 1
[INFO] 11-10-2024 09:56:56 [LogUtils] - Verify Equals: 1 = 1
[INFO] 11-10-2024 09:56:56 [LogUtils] - Passed verify at line 99: in method verifyPlaceOrderConfirmation - file PlaceOrderPage.java
[INFO] 11-10-2024 09:56:57 [LogUtils] - Verify element visible By.xpath: //tbody/tr[1]/td[4]
[INFO] 11-10-2024 09:56:57 [LogUtils] - Get text from By.xpath: //tbody/tr[1]/td[4] is: 160
[INFO] 11-10-2024 09:56:57 [LogUtils] - Value from table at row 1 column 4 is 160
[INFO] 11-10-2024 09:56:57 [LogUtils] - Verify Equals: 160 = 160
[INFO] 11-10-2024 09:56:57 [LogUtils] - Passed verify at line 100: in method verifyPlaceOrderConfirmation - file PlaceOrderPage.java
[INFO] 11-10-2024 09:56:59 [LogUtils] - Verify element visible By.xpath: //tbody/tr[1]/td[5]
[INFO] 11-10-2024 09:56:59 [LogUtils] - Get text from By.xpath: //tbody/tr[1]/td[5] is: 160
[INFO] 11-10-2024 09:56:59 [LogUtils] - Value from table at row 1 column 5 is 160
[INFO] 11-10-2024 09:56:59 [LogUtils] - Verify Equals: 160 = 160
[INFO] 11-10-2024 09:56:59 [LogUtils] - Passed verify at line 101: in method verifyPlaceOrderConfirmation - file PlaceOrderPage.java
[INFO] 11-10-2024 09:56:59 [LogUtils] - Verify TRUE: true
[INFO] 11-10-2024 09:56:59 [LogUtils] - Passed verify at line 106: in method verifyPlaceOrderConfirmation - file PlaceOrderPage.java
[INFO] 11-10-2024 09:56:59 [LogUtils] - Verify element visible By.xpath: //span[@class='totAmt']
[INFO] 11-10-2024 09:56:59 [LogUtils] - Get text from By.xpath: //span[@class='totAmt'] is: 160
[INFO] 11-10-2024 09:56:59 [LogUtils] - Verify Equals: 160 = 160
[INFO] 11-10-2024 09:56:59 [LogUtils] - Passed verify at line 112: in method verifyPlaceOrderConfirmation - file PlaceOrderPage.java
[INFO] 11-10-2024 09:56:59 [LogUtils] - Verify element visible By.xpath: //span[@class='discountPerc']
[INFO] 11-10-2024 09:56:59 [LogUtils] - Get text from By.xpath: //span[@class='discountPerc'] is: 0%
[INFO] 11-10-2024 09:56:59 [LogUtils] - Verify Equals: 0 = 0
[INFO] 11-10-2024 09:56:59 [LogUtils] - Passed verify at line 113: in method verifyPlaceOrderConfirmation - file PlaceOrderPage.java
[INFO] 11-10-2024 09:56:59 [LogUtils] - Verify element visible By.xpath: //span[@class='discountAmt']
[INFO] 11-10-2024 09:56:59 [LogUtils] - Get text from By.xpath: //span[@class='discountAmt'] is: 160
[INFO] 11-10-2024 09:56:59 [LogUtils] - Verify Equals: 160 = 160
[INFO] 11-10-2024 09:56:59 [LogUtils] - Passed verify at line 114: in method verifyPlaceOrderConfirmation - file PlaceOrderPage.java
[INFO] 11-10-2024 09:56:59 [LogUtils] - Verify element visible By.xpath: //span[@class='discountPerc']
[INFO] 11-10-2024 09:56:59 [LogUtils] - Get text from By.xpath: //span[@class='discountPerc'] is: 0%
[INFO] 11-10-2024 09:56:59 [LogUtils] - Verify Equals: 0 = 0
[INFO] 11-10-2024 09:56:59 [LogUtils] - Passed verify at line 120: in method verifyPlaceOrderConfirmation - file PlaceOrderPage.java
[INFO] 11-10-2024 09:56:59 [LogUtils] - Verify element visible By.xpath: //span[@class='totAmt']
[INFO] 11-10-2024 09:56:59 [LogUtils] - Get text from By.xpath: //span[@class='totAmt'] is: 160
[INFO] 11-10-2024 09:56:59 [LogUtils] - Verify Equals: 160 = 160
[INFO] 11-10-2024 09:56:59 [LogUtils] - Passed verify at line 121: in method verifyPlaceOrderConfirmation - file PlaceOrderPage.java
[INFO] 11-10-2024 09:56:59 [LogUtils] - Verify element visible By.xpath: //span[@class='totAmt']
[INFO] 11-10-2024 09:56:59 [LogUtils] - Get text from By.xpath: //span[@class='totAmt'] is: 160
[INFO] 11-10-2024 09:56:59 [LogUtils] - Verify Equals: 160 = 160
[INFO] 11-10-2024 09:56:59 [LogUtils] - Passed verify at line 122: in method verifyPlaceOrderConfirmation - file PlaceOrderPage.java
[INFO] 11-10-2024 09:56:59 [LogUtils] - Verify element visible By.xpath: //button[text()='Place Order']
[INFO] 11-10-2024 09:56:59 [LogUtils] - Clicked on the element By.xpath: //button[text()='Place Order']
  &amp#27;[32mAnd &amp#27;[0m&amp#27;[32mThe user proceeds to checkout and apply promoCode&amp#27;[0m                                  &amp#27;[90m# stepdefinitions.StepsPlaceOrderWithSearchAndApplyValiadPromoCode.theUserProceedsToCheckoutAndApplyPromoCode(io.cucumber.datatable.DataTable)&amp#27;[0m
    | search item        | item               | quality | price | Price in Cart | promo code | Discount | Apply code message | Country  | Agree to the Terms & Conditions |
    | Raspberry - 1/4 Kg | Raspberry - 1/4 Kg | 1       | 160   | 160           | [empty]    | 0        | [empty]            | Viet Nam | yes                             |
[INFO] 11-10-2024 09:56:59 [LogUtils] - After step
[INFO] 11-10-2024 09:56:59 [LogUtils] - Before Step
[INFO] 11-10-2024 09:56:59 [LogUtils] - Select Option by Text: Vietnam
  &amp#27;[32mAnd &amp#27;[0m&amp#27;[32mThe user enter country &amp#27;[0m&amp#27;[32m&amp#27;[1m"Vietnam"&amp#27;[0m                                                   &amp#27;[90m# stepdefinitions.StepsPlaceOrderWithSearchAndApplyValiadPromoCode.theUserEnterCountry(java.lang.String)&amp#27;[0m
[INFO] 11-10-2024 09:56:59 [LogUtils] - After step
[INFO] 11-10-2024 09:56:59 [LogUtils] - Before Step
[INFO] 11-10-2024 09:56:59 [LogUtils] - Verify element visible By.xpath: //input[@class='chkAgree']
[INFO] 11-10-2024 09:57:00 [LogUtils] - Clicked on the element By.xpath: //input[@class='chkAgree']
  &amp#27;[32mAnd &amp#27;[0m&amp#27;[32mThe user agree terms conditions&amp#27;[0m                                                    &amp#27;[90m# stepdefinitions.StepsPlaceOrderWithSearchAndApplyValiadPromoCode.theUserAgreeTermsConditions()&amp#27;[0m
[INFO] 11-10-2024 09:57:00 [LogUtils] - After step
[INFO] 11-10-2024 09:57:00 [LogUtils] - Before Step
[INFO] 11-10-2024 09:57:00 [LogUtils] - Verify element visible By.xpath: //button[contains(text(),'Proceed')]
[INFO] 11-10-2024 09:57:00 [LogUtils] - Clicked on the element By.xpath: //button[contains(text(),'Proceed')]
  &amp#27;[32mAnd &amp#27;[0m&amp#27;[32mThe user confirm order&amp#27;[0m                                                             &amp#27;[90m# stepdefinitions.StepsPlaceOrderWithSearchAndApplyValiadPromoCode.theUserConfirmOrder()&amp#27;[0m
[INFO] 11-10-2024 09:57:00 [LogUtils] - After step
[INFO] 11-10-2024 09:57:00 [LogUtils] - Before Step
  &amp#27;[32mThen &amp#27;[0m&amp#27;[32mThe user should see the order confirmation message&amp#27;[0m                                &amp#27;[90m# stepdefinitions.StepsPlaceOrderWithSearchAndApplyValiadPromoCode.theUserShouldSeeTheOrderConfirmationMessage()&amp#27;[0m
[INFO] 11-10-2024 09:57:00 [LogUtils] - After step
[INFO] 11-10-2024 09:57:00 [LogUtils] - After scenario
Closing browser...
Debug 80: ChromeDriver: chrome on windows (ffe969221b1674abb1eab45818aa5729)
]]></system-out>
    <system-err><![CDATA[&amp#27;[32m&amp#27;[1m&amp#27;[0m
&amp#27;[32m&amp#27;[1m&amp#27;[0m View your Cucumber Report at:                                            &amp#27;[32m&amp#27;[1m&amp#27;[0m
&amp#27;[32m&amp#27;[1m&amp#27;[0m &amp#27;[1m&amp#27;[36m&amp#27;[4mhttps://reports.cucumber.io/reports/8bda3046-f755-42ef-b9fd-4de82438da6c&amp#27;[0m &amp#27;[32m&amp#27;[1m&amp#27;[0m
&amp#27;[32m&amp#27;[1m&amp#27;[0m                                                                          &amp#27;[32m&amp#27;[1m&amp#27;[0m
&amp#27;[32m&amp#27;[1m&amp#27;[0m &amp#27;[1mThis report will self-destruct in 24h.&amp#27;[0m                                   &amp#27;[32m&amp#27;[1m&amp#27;[0m
&amp#27;[32m&amp#27;[1m&amp#27;[0m Keep reports forever: &amp#27;[4m&amp#27;[1m&amp#27;[36mhttps://reports.cucumber.io/profile&amp#27;[0m                &amp#27;[32m&amp#27;[1m&amp#27;[0m
&amp#27;[32m&amp#27;[1m&amp#27;[0m[main] INFO io.github.bonigarcia.wdm.WebDriverManager - Using chromedriver 129.0.6668.100 (resolved driver for Chrome 129)
[main] INFO io.github.bonigarcia.wdm.WebDriverManager - Exporting webdriver.chrome.driver as C:\Users\admin\.cache\selenium\chromedriver\win64\129.0.6668.100\chromedriver.exe
Oct 11, 2024 9:56:38 AM org.openqa.selenium.devtools.CdpVersionFinder findNearestMatch
WARNING: Unable to find CDP implementation matching 129
Oct 11, 2024 9:56:38 AM org.openqa.selenium.chromium.ChromiumDriver lambda$new$5
WARNING: Unable to find version of CDP to use for 129.0.6668.100. You may need to include a dependency on a specific version of the CDP using something similar to `org.seleniumhq.selenium:selenium-devtools-v86:4.11.0` where the version ("v86") matches the version of the chromium-based browser you're using and the version number of the artifact is the same as Selenium's.
]]></system-err>
  </testcase>
</testsuite>